[ 2016-11-11T20:41:00+08:00 ] ::1 /stucontrol/
INFO: [ app_init ] --START--
INFO: Run Behavior\BuildLiteBehavior [ RunTime:0.000011s ]
INFO: [ app_init ] --END-- [ RunTime:0.000786s ]

[ 2016-11-11T20:41:03+08:00 ] ::1 /stucontrol/Home/Index/total_log.shtml
INFO: [ app_init ] --START--
INFO: Run Behavior\BuildLiteBehavior [ RunTime:0.000010s ]
INFO: [ app_init ] --END-- [ RunTime:0.000517s ]

[ 2016-11-11T20:41:04+08:00 ] ::1 /stucontrol/Home/Index/admin.shtml
INFO: [ app_init ] --START--
INFO: Run Behavior\BuildLiteBehavior [ RunTime:0.000076s ]
INFO: [ app_init ] --END-- [ RunTime:0.001088s ]

[ 2016-11-11T20:41:18+08:00 ] ::1 /stucontrol/Home/Index/validate_handle.shtml
INFO: [ app_init ] --START--
INFO: Run Behavior\BuildLiteBehavior [ RunTime:0.000011s ]
INFO: [ app_init ] --END-- [ RunTime:0.000448s ]
INFO: [ app_begin ] --START--
INFO: Run Behavior\ReadHtmlCacheBehavior [ RunTime:0.000470s ]
INFO: [ app_begin ] --END-- [ RunTime:0.000526s ]
INFO: [ app_end ] --START--
INFO: Run Behavior\ShowPageTraceBehavior [ RunTime:0.000576s ]
INFO: [ app_end ] --END-- [ RunTime:0.000641s ]

[ 2016-11-11T20:41:18+08:00 ] ::1 /stucontrol/Home/Index/admin_log_student.shtml
INFO: [ app_init ] --START--
INFO: Run Behavior\BuildLiteBehavior [ RunTime:0.000014s ]
INFO: [ app_init ] --END-- [ RunTime:0.000614s ]
INFO: [ app_begin ] --START--
INFO: Run Behavior\ReadHtmlCacheBehavior [ RunTime:0.000592s ]
INFO: [ app_begin ] --END-- [ RunTime:0.000703s ]
SQL: SHOW COLUMNS FROM `stu_user` [ RunTime:0.0221s ]
SQL: SELECT * FROM `stu_user`  [ RunTime:0.0004s ]
NOTIC: [8] Undefined offset: 2 D:\WWW\stucontrol\App\Home\Controller\IndexController.class.php 第 615 行.
INFO: [ app_end ] --START--
INFO: Run Behavior\ShowPageTraceBehavior [ RunTime:0.000775s ]
INFO: [ app_end ] --END-- [ RunTime:0.000842s ]

[ 2016-11-11T20:41:18+08:00 ] ::1 /stucontrol/Home/Index/index.shtml
INFO: [ app_init ] --START--
INFO: Run Behavior\BuildLiteBehavior [ RunTime:0.000010s ]
INFO: [ app_init ] --END-- [ RunTime:0.000503s ]

[ 2016-11-11T20:41:19+08:00 ] ::1 /stucontrol/Home/Index/total_log.shtml
INFO: [ app_init ] --START--
INFO: Run Behavior\BuildLiteBehavior [ RunTime:0.000012s ]
INFO: [ app_init ] --END-- [ RunTime:0.000390s ]

[ 2016-11-11T20:41:24+08:00 ] ::1 /stucontrol/Home/Index/stu_total_yes.shtml
INFO: [ app_init ] --START--
INFO: Run Behavior\BuildLiteBehavior [ RunTime:0.000032s ]
INFO: [ app_init ] --END-- [ RunTime:0.000733s ]
INFO: [ app_begin ] --START--
INFO: Run Behavior\ReadHtmlCacheBehavior [ RunTime:0.000703s ]
INFO: [ app_begin ] --END-- [ RunTime:0.000842s ]
SQL: SHOW COLUMNS FROM `stu_total` [ RunTime:0.0396s ]
SQL: SELECT * FROM `stu_total`  [ RunTime:0.0003s ]
NOTIC: [8] Undefined offset: 2 D:\WWW\stucontrol\App\Home\Controller\IndexController.class.php 第 456 行.
SQL: INSERT INTO `stu_total` (`classname`,`date`,`username`,`control`) VALUES ('软件六班','2016-11-11 20:41:24','奕弈','1') [ RunTime:0.1041s ]
INFO: [ app_end ] --START--
INFO: Run Behavior\ShowPageTraceBehavior [ RunTime:0.000592s ]
INFO: [ app_end ] --END-- [ RunTime:0.000639s ]

[ 2016-11-11T20:41:27+08:00 ] ::1 /stucontrol/Home/Index/stu_total_yes.shtml
INFO: [ app_init ] --START--
INFO: Run Behavior\BuildLiteBehavior [ RunTime:0.000010s ]
INFO: [ app_init ] --END-- [ RunTime:0.000620s ]
INFO: [ app_begin ] --START--
INFO: Run Behavior\ReadHtmlCacheBehavior [ RunTime:0.000658s ]
INFO: [ app_begin ] --END-- [ RunTime:0.000761s ]
SQL: SHOW COLUMNS FROM `stu_total` [ RunTime:0.0040s ]
SQL: SELECT * FROM `stu_total`  [ RunTime:0.0003s ]

[ 2016-11-11T20:41:28+08:00 ] ::1 /stucontrol/Home/Index/dorm.shtml
INFO: [ app_init ] --START--
INFO: Run Behavior\BuildLiteBehavior [ RunTime:0.000011s ]
INFO: [ app_init ] --END-- [ RunTime:0.000625s ]

[ 2016-11-11T20:41:29+08:00 ] ::1 /stucontrol/Home/Index/total_log.shtml
INFO: [ app_init ] --START--
INFO: Run Behavior\BuildLiteBehavior [ RunTime:0.000012s ]
INFO: [ app_init ] --END-- [ RunTime:0.000692s ]

[ 2016-11-11T20:41:38+08:00 ] ::1 /stucontrol/Home/Index/index.shtml
INFO: [ app_init ] --START--
INFO: Run Behavior\BuildLiteBehavior [ RunTime:0.000012s ]
INFO: [ app_init ] --END-- [ RunTime:0.000483s ]

[ 2016-11-11T20:41:39+08:00 ] ::1 /stucontrol/Home/Index/total_log.shtml
INFO: [ app_init ] --START--
INFO: Run Behavior\BuildLiteBehavior [ RunTime:0.000016s ]
INFO: [ app_init ] --END-- [ RunTime:0.000552s ]

[ 2016-11-11T20:43:06+08:00 ] ::1 /stucontrol/Home/Index/teach_log.shtml
INFO: [ app_init ] --START--
INFO: Run Behavior\BuildLiteBehavior [ RunTime:0.000020s ]
INFO: [ app_init ] --END-- [ RunTime:0.000787s ]

[ 2016-11-11T20:43:06+08:00 ] ::1 /stucontrol/Home/Index/admin_teacher.shtml
INFO: [ app_init ] --START--
INFO: Run Behavior\BuildLiteBehavior [ RunTime:0.000020s ]
INFO: [ app_init ] --END-- [ RunTime:0.000551s ]

[ 2016-11-11T20:43:08+08:00 ] ::1 /stucontrol/Home/Index/total_log.shtml
INFO: [ app_init ] --START--
INFO: Run Behavior\BuildLiteBehavior [ RunTime:0.000014s ]
INFO: [ app_init ] --END-- [ RunTime:0.000622s ]

[ 2016-11-11T20:43:58+08:00 ] ::1 /stucontrol/Home/Index/total_log.shtml
INFO: [ app_init ] --START--
INFO: Run Behavior\BuildLiteBehavior [ RunTime:0.000014s ]
INFO: [ app_init ] --END-- [ RunTime:0.000518s ]

[ 2016-11-11T20:44:06+08:00 ] ::1 /stucontrol/Home/Index/total_log.shtml
INFO: [ app_init ] --START--
INFO: Run Behavior\BuildLiteBehavior [ RunTime:0.000013s ]
INFO: [ app_init ] --END-- [ RunTime:0.000455s ]

[ 2016-11-11T20:44:12+08:00 ] ::1 /stucontrol/Home/Index/total_log.shtml
INFO: [ app_init ] --START--
INFO: Run Behavior\BuildLiteBehavior [ RunTime:0.000016s ]
INFO: [ app_init ] --END-- [ RunTime:0.000652s ]

[ 2016-11-11T20:44:14+08:00 ] ::1 /stucontrol/Home/Index/index.shtml
INFO: [ app_init ] --START--
INFO: Run Behavior\BuildLiteBehavior [ RunTime:0.000013s ]
INFO: [ app_init ] --END-- [ RunTime:0.000483s ]

[ 2016-11-11T20:44:16+08:00 ] ::1 /stucontrol/Home/Index/total_log.shtml
INFO: [ app_init ] --START--
INFO: Run Behavior\BuildLiteBehavior [ RunTime:0.000015s ]
INFO: [ app_init ] --END-- [ RunTime:0.000545s ]

[ 2016-11-11T20:44:25+08:00 ] ::1 /stucontrol/Home/Index/index.shtml
INFO: [ app_init ] --START--
INFO: Run Behavior\BuildLiteBehavior [ RunTime:0.000013s ]
INFO: [ app_init ] --END-- [ RunTime:0.000471s ]

[ 2016-11-11T20:44:29+08:00 ] ::1 /stucontrol/Home/Index/total_log.shtml
INFO: [ app_init ] --START--
INFO: Run Behavior\BuildLiteBehavior [ RunTime:0.000013s ]
INFO: [ app_init ] --END-- [ RunTime:0.000545s ]

[ 2016-11-11T21:00:19+08:00 ] ::1 /stucontrol/Home/Index/total_log.shtml
INFO: [ app_init ] --START--
INFO: Run Behavior\BuildLiteBehavior [ RunTime:0.000010s ]
INFO: [ app_init ] --END-- [ RunTime:0.000481s ]

[ 2016-11-11T21:00:30+08:00 ] ::1 /stucontrol/Home/Index/total_log.shtml
INFO: [ app_init ] --START--
INFO: Run Behavior\BuildLiteBehavior [ RunTime:0.000010s ]
INFO: [ app_init ] --END-- [ RunTime:0.000449s ]

[ 2016-11-11T21:00:34+08:00 ] ::1 /stucontrol/Home/Index/index.shtml
INFO: [ app_init ] --START--
INFO: Run Behavior\BuildLiteBehavior [ RunTime:0.000019s ]
INFO: [ app_init ] --END-- [ RunTime:0.001877s ]

[ 2016-11-11T21:00:35+08:00 ] ::1 /stucontrol/Home/Index/total_log.shtml
INFO: [ app_init ] --START--
INFO: Run Behavior\BuildLiteBehavior [ RunTime:0.000011s ]
INFO: [ app_init ] --END-- [ RunTime:0.000443s ]

[ 2016-11-11T21:00:40+08:00 ] ::1 /stucontrol/Home/Index/stu_total_yes.shtml
INFO: [ app_init ] --START--
INFO: Run Behavior\BuildLiteBehavior [ RunTime:0.000009s ]
INFO: [ app_init ] --END-- [ RunTime:0.000433s ]
INFO: [ app_begin ] --START--
INFO: Run Behavior\ReadHtmlCacheBehavior [ RunTime:0.000486s ]
INFO: [ app_begin ] --END-- [ RunTime:0.000522s ]
SQL: SHOW COLUMNS FROM `stu_total` [ RunTime:0.0041s ]
SQL: SELECT * FROM `stu_total`  [ RunTime:0.0004s ]

[ 2016-11-11T21:00:45+08:00 ] ::1 /stucontrol/Home/Index/stu_student_total.shtml
INFO: [ app_init ] --START--
INFO: Run Behavior\BuildLiteBehavior [ RunTime:0.000018s ]
INFO: [ app_init ] --END-- [ RunTime:0.000626s ]
INFO: [ app_begin ] --START--
INFO: Run Behavior\ReadHtmlCacheBehavior [ RunTime:0.000575s ]
INFO: [ app_begin ] --END-- [ RunTime:0.000634s ]
SQL: SHOW COLUMNS FROM `stu_total` [ RunTime:0.0070s ]
SQL: SELECT * FROM `stu_total`  [ RunTime:0.0004s ]
SQL: UPDATE `stu_total` SET `control`='0',`latename`='我试试看' WHERE ( id=15 ) [ RunTime:0.0650s ]

[ 2016-11-11T21:00:49+08:00 ] ::1 /stucontrol/Home/Index/index.shtml
INFO: [ app_init ] --START--
INFO: Run Behavior\BuildLiteBehavior [ RunTime:0.000010s ]
INFO: [ app_init ] --END-- [ RunTime:0.000450s ]

[ 2016-11-11T21:00:49+08:00 ] ::1 /stucontrol/Home/Index/total_log.shtml
INFO: [ app_init ] --START--
INFO: Run Behavior\BuildLiteBehavior [ RunTime:0.000010s ]
INFO: [ app_init ] --END-- [ RunTime:0.000413s ]

[ 2016-11-11T21:01:14+08:00 ] ::1 /stucontrol/Home/Index/total_log.shtml
INFO: [ app_init ] --START--
INFO: Run Behavior\BuildLiteBehavior [ RunTime:0.000010s ]
INFO: [ app_init ] --END-- [ RunTime:0.000459s ]

[ 2016-11-11T21:03:12+08:00 ] ::1 /stucontrol/Home/Index/total_log.shtml
INFO: [ app_init ] --START--
INFO: Run Behavior\BuildLiteBehavior [ RunTime:0.000010s ]
INFO: [ app_init ] --END-- [ RunTime:0.000453s ]

[ 2016-11-11T21:03:53+08:00 ] ::1 /stucontrol/Home/Index/index.shtml
INFO: [ app_init ] --START--
INFO: Run Behavior\BuildLiteBehavior [ RunTime:0.000023s ]
INFO: [ app_init ] --END-- [ RunTime:0.000630s ]

[ 2016-11-11T21:03:54+08:00 ] ::1 /stucontrol/Home/Index/total_log.shtml
INFO: [ app_init ] --START--
INFO: Run Behavior\BuildLiteBehavior [ RunTime:0.000015s ]
INFO: [ app_init ] --END-- [ RunTime:0.000564s ]

[ 2016-11-11T21:05:01+08:00 ] ::1 /stucontrol/Home/Index/stu_total_yes.shtml
INFO: [ app_init ] --START--
INFO: Run Behavior\BuildLiteBehavior [ RunTime:0.000010s ]
INFO: [ app_init ] --END-- [ RunTime:0.000558s ]
INFO: [ app_begin ] --START--
INFO: Run Behavior\ReadHtmlCacheBehavior [ RunTime:0.000522s ]
INFO: [ app_begin ] --END-- [ RunTime:0.000561s ]
SQL: SHOW COLUMNS FROM `stu_total` [ RunTime:0.0042s ]
SQL: SELECT * FROM `stu_total`  [ RunTime:0.0004s ]
SQL: UPDATE `stu_total` SET `control`='1',`latename`='' WHERE ( id=15 ) [ RunTime:0.0826s ]

[ 2016-11-11T21:05:13+08:00 ] ::1 /stucontrol/Home/Index/stu_student_total.shtml
INFO: [ app_init ] --START--
INFO: Run Behavior\BuildLiteBehavior [ RunTime:0.000034s ]
INFO: [ app_init ] --END-- [ RunTime:0.000838s ]
INFO: [ app_begin ] --START--
INFO: Run Behavior\ReadHtmlCacheBehavior [ RunTime:0.000792s ]
INFO: [ app_begin ] --END-- [ RunTime:0.000847s ]
SQL: SHOW COLUMNS FROM `stu_total` [ RunTime:0.0073s ]
SQL: SELECT * FROM `stu_total`  [ RunTime:0.0004s ]
SQL: UPDATE `stu_total` SET `control`='0',`latename`='我试试看呢' WHERE ( id=15 ) [ RunTime:0.0966s ]

[ 2016-11-11T21:05:16+08:00 ] ::1 /stucontrol/Home/Index/total_log.shtml
INFO: [ app_init ] --START--
INFO: Run Behavior\BuildLiteBehavior [ RunTime:0.000010s ]
INFO: [ app_init ] --END-- [ RunTime:0.000663s ]

[ 2016-11-11T21:06:06+08:00 ] ::1 /stucontrol/Home/Index/total_log.shtml
INFO: [ app_init ] --START--
INFO: Run Behavior\BuildLiteBehavior [ RunTime:0.000010s ]
INFO: [ app_init ] --END-- [ RunTime:0.000407s ]

[ 2016-11-11T21:06:37+08:00 ] ::1 /stucontrol/Home/Index/total_log.shtml
INFO: [ app_init ] --START--
INFO: Run Behavior\BuildLiteBehavior [ RunTime:0.000013s ]
INFO: [ app_init ] --END-- [ RunTime:0.000482s ]

[ 2016-11-11T21:06:58+08:00 ] ::1 /stucontrol/Home/Index/total_log.shtml
INFO: [ app_init ] --START--
INFO: Run Behavior\BuildLiteBehavior [ RunTime:0.000010s ]
INFO: [ app_init ] --END-- [ RunTime:0.000458s ]

[ 2016-11-11T21:07:18+08:00 ] ::1 /stucontrol/Home/Index/total_log.shtml
INFO: [ app_init ] --START--
INFO: Run Behavior\BuildLiteBehavior [ RunTime:0.000012s ]
INFO: [ app_init ] --END-- [ RunTime:0.000514s ]

[ 2016-11-11T21:07:31+08:00 ] ::1 /stucontrol/Home/Index/total_log.shtml
INFO: [ app_init ] --START--
INFO: Run Behavior\BuildLiteBehavior [ RunTime:0.000016s ]
INFO: [ app_init ] --END-- [ RunTime:0.000481s ]

[ 2016-11-11T21:07:49+08:00 ] ::1 /stucontrol/Home/Index/total_log.shtml
INFO: [ app_init ] --START--
INFO: Run Behavior\BuildLiteBehavior [ RunTime:0.000012s ]
INFO: [ app_init ] --END-- [ RunTime:0.000445s ]

[ 2016-11-11T21:08:03+08:00 ] ::1 /stucontrol/Home/Index/total_log.shtml
INFO: [ app_init ] --START--
INFO: Run Behavior\BuildLiteBehavior [ RunTime:0.000013s ]
INFO: [ app_init ] --END-- [ RunTime:0.000634s ]

[ 2016-11-11T21:09:18+08:00 ] ::1 /stucontrol/Home/Index/total_log.shtml
INFO: [ app_init ] --START--
INFO: Run Behavior\BuildLiteBehavior [ RunTime:0.000011s ]
INFO: [ app_init ] --END-- [ RunTime:0.000550s ]

[ 2016-11-11T21:09:39+08:00 ] ::1 /stucontrol/Home/Index/total_log.shtml
INFO: [ app_init ] --START--
INFO: Run Behavior\BuildLiteBehavior [ RunTime:0.000010s ]
INFO: [ app_init ] --END-- [ RunTime:0.000395s ]

[ 2016-11-11T21:10:11+08:00 ] ::1 /stucontrol/Home/Index/total_log.shtml
INFO: [ app_init ] --START--
INFO: Run Behavior\BuildLiteBehavior [ RunTime:0.000010s ]
INFO: [ app_init ] --END-- [ RunTime:0.000454s ]

[ 2016-11-11T21:10:17+08:00 ] ::1 /stucontrol/Home/Index/total_log.shtml
INFO: [ app_init ] --START--
INFO: Run Behavior\BuildLiteBehavior [ RunTime:0.000019s ]
INFO: [ app_init ] --END-- [ RunTime:0.000718s ]

[ 2016-11-11T21:11:21+08:00 ] ::1 /stucontrol/Home/Index/total_log.shtml
INFO: [ app_init ] --START--
INFO: Run Behavior\BuildLiteBehavior [ RunTime:0.000013s ]
INFO: [ app_init ] --END-- [ RunTime:0.000730s ]

[ 2016-11-11T21:12:17+08:00 ] ::1 /stucontrol/Home/Index/total_log.shtml
INFO: [ app_init ] --START--
INFO: Run Behavior\BuildLiteBehavior [ RunTime:0.000094s ]
INFO: [ app_init ] --END-- [ RunTime:0.001307s ]

[ 2016-11-11T21:17:36+08:00 ] ::1 /stucontrol/Home/Index/total_log.shtml
INFO: [ app_init ] --START--
INFO: Run Behavior\BuildLiteBehavior [ RunTime:0.000009s ]
INFO: [ app_init ] --END-- [ RunTime:0.000564s ]

[ 2016-11-11T21:18:17+08:00 ] ::1 /stucontrol/Home/Index/total_log.shtml
INFO: [ app_init ] --START--
INFO: Run Behavior\BuildLiteBehavior [ RunTime:0.000014s ]
INFO: [ app_init ] --END-- [ RunTime:0.000551s ]

[ 2016-11-11T21:18:24+08:00 ] ::1 /stucontrol/Home/Index/stu_total_yes.shtml
INFO: [ app_init ] --START--
INFO: Run Behavior\BuildLiteBehavior [ RunTime:0.000010s ]
INFO: [ app_init ] --END-- [ RunTime:0.000460s ]
INFO: [ app_begin ] --START--
INFO: Run Behavior\ReadHtmlCacheBehavior [ RunTime:0.000507s ]
INFO: [ app_begin ] --END-- [ RunTime:0.000543s ]
SQL: SHOW COLUMNS FROM `stu_total` [ RunTime:0.0042s ]
SQL: SELECT * FROM `stu_total`  [ RunTime:0.0004s ]
SQL: UPDATE `stu_total` SET `control`='1',`latename`='' WHERE ( id=15 ) [ RunTime:0.0610s ]

[ 2016-11-11T21:18:26+08:00 ] ::1 /stucontrol/Home/Index/stu_total_yes.shtml
INFO: [ app_init ] --START--
INFO: Run Behavior\BuildLiteBehavior [ RunTime:0.000012s ]
INFO: [ app_init ] --END-- [ RunTime:0.000473s ]
INFO: [ app_begin ] --START--
INFO: Run Behavior\ReadHtmlCacheBehavior [ RunTime:0.000563s ]
INFO: [ app_begin ] --END-- [ RunTime:0.000606s ]
SQL: SHOW COLUMNS FROM `stu_total` [ RunTime:0.0044s ]
SQL: SELECT * FROM `stu_total`  [ RunTime:0.0003s ]

[ 2016-11-11T21:18:35+08:00 ] ::1 /stucontrol/Home/Index/stu_total_yes.shtml
INFO: [ app_init ] --START--
INFO: Run Behavior\BuildLiteBehavior [ RunTime:0.000012s ]
INFO: [ app_init ] --END-- [ RunTime:0.000412s ]
INFO: [ app_begin ] --START--
INFO: Run Behavior\ReadHtmlCacheBehavior [ RunTime:0.000448s ]
INFO: [ app_begin ] --END-- [ RunTime:0.000487s ]
SQL: SHOW COLUMNS FROM `stu_total` [ RunTime:0.0047s ]
SQL: SELECT * FROM `stu_total`  [ RunTime:0.0003s ]

[ 2016-11-11T21:18:41+08:00 ] ::1 /stucontrol/Home/Index/stu_total_yes.shtml
INFO: [ app_init ] --START--
INFO: Run Behavior\BuildLiteBehavior [ RunTime:0.000010s ]
INFO: [ app_init ] --END-- [ RunTime:0.000444s ]
INFO: [ app_begin ] --START--
INFO: Run Behavior\ReadHtmlCacheBehavior [ RunTime:0.000508s ]
INFO: [ app_begin ] --END-- [ RunTime:0.000544s ]
SQL: SHOW COLUMNS FROM `stu_total` [ RunTime:0.0042s ]
SQL: SELECT * FROM `stu_total`  [ RunTime:0.0003s ]

[ 2016-11-11T21:18:44+08:00 ] ::1 /stucontrol/Home/Index/index.shtml
INFO: [ app_init ] --START--
INFO: Run Behavior\BuildLiteBehavior [ RunTime:0.000012s ]
INFO: [ app_init ] --END-- [ RunTime:0.000439s ]

[ 2016-11-11T21:18:46+08:00 ] ::1 /stucontrol/Home/Index/total_log.shtml
INFO: [ app_init ] --START--
INFO: Run Behavior\BuildLiteBehavior [ RunTime:0.000010s ]
INFO: [ app_init ] --END-- [ RunTime:0.000410s ]

[ 2016-11-11T21:18:52+08:00 ] ::1 /stucontrol/Home/Index/exit_log_stu.shtml
INFO: [ app_init ] --START--
INFO: Run Behavior\BuildLiteBehavior [ RunTime:0.000012s ]
INFO: [ app_init ] --END-- [ RunTime:0.000413s ]
INFO: [ app_begin ] --START--
INFO: Run Behavior\ReadHtmlCacheBehavior [ RunTime:0.000510s ]
INFO: [ app_begin ] --END-- [ RunTime:0.000555s ]
INFO: [ app_end ] --START--
INFO: Run Behavior\ShowPageTraceBehavior [ RunTime:0.000516s ]
INFO: [ app_end ] --END-- [ RunTime:0.000563s ]

[ 2016-11-11T21:18:53+08:00 ] ::1 /stucontrol/Home/Index/index.shtml
INFO: [ app_init ] --START--
INFO: Run Behavior\BuildLiteBehavior [ RunTime:0.000017s ]
INFO: [ app_init ] --END-- [ RunTime:0.000511s ]

[ 2016-11-11T21:18:54+08:00 ] ::1 /stucontrol/Home/Index/teach_log.shtml
INFO: [ app_init ] --START--
INFO: Run Behavior\BuildLiteBehavior [ RunTime:0.000016s ]
INFO: [ app_init ] --END-- [ RunTime:0.000557s ]

[ 2016-11-11T21:18:54+08:00 ] ::1 /stucontrol/Home/Index/admin_teacher.shtml
INFO: [ app_init ] --START--
INFO: Run Behavior\BuildLiteBehavior [ RunTime:0.000015s ]
INFO: [ app_init ] --END-- [ RunTime:0.000563s ]

[ 2016-11-11T21:19:08+08:00 ] ::1 /stucontrol/Home/Index/validate_handle.shtml
INFO: [ app_init ] --START--
INFO: Run Behavior\BuildLiteBehavior [ RunTime:0.000011s ]
INFO: [ app_init ] --END-- [ RunTime:0.000403s ]
INFO: [ app_begin ] --START--
INFO: Run Behavior\ReadHtmlCacheBehavior [ RunTime:0.000458s ]
INFO: [ app_begin ] --END-- [ RunTime:0.000509s ]
INFO: [ app_end ] --START--
INFO: Run Behavior\ShowPageTraceBehavior [ RunTime:0.000646s ]
INFO: [ app_end ] --END-- [ RunTime:0.000730s ]

[ 2016-11-11T21:19:08+08:00 ] ::1 /stucontrol/Home/Index/admin_log_teacher.shtml
INFO: [ app_init ] --START--
INFO: Run Behavior\BuildLiteBehavior [ RunTime:0.000011s ]
INFO: [ app_init ] --END-- [ RunTime:0.000412s ]
INFO: [ app_begin ] --START--
INFO: Run Behavior\ReadHtmlCacheBehavior [ RunTime:0.000457s ]
INFO: [ app_begin ] --END-- [ RunTime:0.000512s ]
SQL: SHOW COLUMNS FROM `teacher_user` [ RunTime:0.0251s ]
SQL: SELECT * FROM `teacher_user`  [ RunTime:0.0003s ]

[ 2016-11-11T21:19:08+08:00 ] ::1 /stucontrol/Home/Index/teach_log.shtml
INFO: [ app_init ] --START--
INFO: Run Behavior\BuildLiteBehavior [ RunTime:0.000015s ]
INFO: [ app_init ] --END-- [ RunTime:0.000640s ]

[ 2016-11-11T21:19:15+08:00 ] ::1 /stucontrol/Home/Index/information_student_return.shtml?classname=%E8%BD%AF%E4%BB%B6%E5%85%AD%E7%8F%AD
INFO: [ app_init ] --START--
INFO: Run Behavior\BuildLiteBehavior [ RunTime:0.000011s ]
INFO: [ app_init ] --END-- [ RunTime:0.000462s ]
INFO: [ app_begin ] --START--
INFO: Run Behavior\ReadHtmlCacheBehavior [ RunTime:0.000631s ]
INFO: [ app_begin ] --END-- [ RunTime:0.000728s ]
SQL: SHOW COLUMNS FROM `stu_user` [ RunTime:0.0046s ]
SQL: SELECT * FROM `stu_user`  [ RunTime:0.0003s ]
NOTIC: [8] Undefined offset: 2 D:\WWW\stucontrol\App\Home\Controller\IndexController.class.php 第 363 行.
INFO: [ app_end ] --START--
INFO: Run Behavior\ShowPageTraceBehavior [ RunTime:0.000744s ]
INFO: [ app_end ] --END-- [ RunTime:0.000778s ]

[ 2016-11-11T21:19:23+08:00 ] ::1 /stucontrol/Home/Index/information_delete.shtml?delete_id=16
INFO: [ app_init ] --START--
INFO: Run Behavior\BuildLiteBehavior [ RunTime:0.000010s ]
INFO: [ app_init ] --END-- [ RunTime:0.000450s ]
INFO: [ app_begin ] --START--
INFO: Run Behavior\ReadHtmlCacheBehavior [ RunTime:0.000538s ]
INFO: [ app_begin ] --END-- [ RunTime:0.000575s ]
SQL: SHOW COLUMNS FROM `stu_information` [ RunTime:0.0040s ]
SQL: DELETE FROM `stu_information` WHERE ( id=16 ) [ RunTime:0.0293s ]
INFO: [ app_end ] --START--
INFO: Run Behavior\ShowPageTraceBehavior [ RunTime:0.000603s ]
INFO: [ app_end ] --END-- [ RunTime:0.000639s ]

[ 2016-11-11T21:19:26+08:00 ] ::1 /stucontrol/Home/Index/index.shtml
INFO: [ app_init ] --START--
INFO: Run Behavior\BuildLiteBehavior [ RunTime:0.000011s ]
INFO: [ app_init ] --END-- [ RunTime:0.000560s ]

[ 2016-11-11T21:19:27+08:00 ] ::1 /stucontrol/Home/Index/total_log.shtml
INFO: [ app_init ] --START--
INFO: Run Behavior\BuildLiteBehavior [ RunTime:0.000013s ]
INFO: [ app_init ] --END-- [ RunTime:0.000445s ]

[ 2016-11-11T21:20:04+08:00 ] ::1 /stucontrol/Home/Index/total_log.shtml
INFO: [ app_init ] --START--
INFO: Run Behavior\BuildLiteBehavior [ RunTime:0.000014s ]
INFO: [ app_init ] --END-- [ RunTime:0.001016s ]

[ 2016-11-11T21:22:58+08:00 ] ::1 /stucontrol/Home/Index/total_log.shtml
INFO: [ app_init ] --START--
INFO: Run Behavior\BuildLiteBehavior [ RunTime:0.000010s ]
INFO: [ app_init ] --END-- [ RunTime:0.000464s ]

[ 2016-11-11T22:21:07+08:00 ] ::1 /stucontrol/Home/Index/total_log.shtml
INFO: [ app_init ] --START--
INFO: Run Behavior\BuildLiteBehavior [ RunTime:0.000015s ]
INFO: [ app_init ] --END-- [ RunTime:0.000594s ]

[ 2016-11-11T22:23:06+08:00 ] ::1 /stucontrol/Home/Index/total_log.shtml
INFO: [ app_init ] --START--
INFO: Run Behavior\BuildLiteBehavior [ RunTime:0.000024s ]
INFO: [ app_init ] --END-- [ RunTime:0.000721s ]

[ 2016-11-11T22:23:09+08:00 ] ::1 /stucontrol/Home/Index/total_log.shtml
INFO: [ app_init ] --START--
INFO: Run Behavior\BuildLiteBehavior [ RunTime:0.000011s ]
INFO: [ app_init ] --END-- [ RunTime:0.000507s ]

[ 2016-11-11T22:23:10+08:00 ] ::1 /stucontrol/Home/Index/total_log.shtml
INFO: [ app_init ] --START--
INFO: Run Behavior\BuildLiteBehavior [ RunTime:0.000014s ]
INFO: [ app_init ] --END-- [ RunTime:0.000488s ]

[ 2016-11-11T22:26:04+08:00 ] ::1 /stucontrol/Home/Index/teach_log.shtml
INFO: [ app_init ] --START--
INFO: Run Behavior\BuildLiteBehavior [ RunTime:0.000014s ]
INFO: [ app_init ] --END-- [ RunTime:0.000645s ]

[ 2016-11-11T22:26:12+08:00 ] ::1 /stucontrol/Home/Index/index.shtml
INFO: [ app_init ] --START--
INFO: Run Behavior\BuildLiteBehavior [ RunTime:0.000012s ]
INFO: [ app_init ] --END-- [ RunTime:0.000599s ]

[ 2016-11-11T22:26:15+08:00 ] ::1 /stucontrol/Home/Index/information.shtml?id=15
INFO: [ app_init ] --START--
INFO: Run Behavior\BuildLiteBehavior [ RunTime:0.000011s ]
INFO: [ app_init ] --END-- [ RunTime:0.000516s ]

[ 2016-11-11T22:26:34+08:00 ] ::1 /stucontrol/Home/Index/total_log.shtml
INFO: [ app_init ] --START--
INFO: Run Behavior\BuildLiteBehavior [ RunTime:0.000011s ]
INFO: [ app_init ] --END-- [ RunTime:0.000430s ]

[ 2016-11-11T22:27:25+08:00 ] ::1 /stucontrol/Home/Index/total_log.shtml
INFO: [ app_init ] --START--
INFO: Run Behavior\BuildLiteBehavior [ RunTime:0.000024s ]
INFO: [ app_init ] --END-- [ RunTime:0.000915s ]

