[ 2016-11-21T22:25:23+08:00 ] ::1 /stucontrol/Home/Index/index.shtml
INFO: [ app_init ] --START--
INFO: Run Behavior\BuildLiteBehavior [ RunTime:0.000018s ]
INFO: [ app_init ] --END-- [ RunTime:0.000631s ]
INFO: [ app_begin ] --START--
INFO: Run Behavior\ReadHtmlCacheBehavior [ RunTime:0.000716s ]
INFO: [ app_begin ] --END-- [ RunTime:0.000770s ]
SQL: SHOW COLUMNS FROM `stu_information` [ RunTime:0.9811s ]
SQL: SELECT * FROM `stu_information` ORDER BY id desc LIMIT 0,8   [ RunTime:0.0813s ]
NOTIC: [8] Undefined offset: 8 D:\phpStudy\WWW\stucontrol\App\Home\Controller\IndexController.class.php 第 988 行.
SQL: SELECT `title`,`id`,`kind` FROM `stu_information` ORDER BY id desc  [ RunTime:0.0333s ]
SQL: SELECT `title`,`id`,`kind` FROM `stu_information` ORDER BY id desc  [ RunTime:0.0006s ]
NOTIC: [8] Undefined offset: 10 D:\phpStudy\WWW\stucontrol\App\Home\Controller\IndexController.class.php 第 559 行.
SQL: SHOW COLUMNS FROM `stu_dorm` [ RunTime:0.0715s ]
SQL: SELECT `dorm`,`id`,`reportdate` FROM `stu_dorm` ORDER BY id desc LIMIT 0,5   [ RunTime:0.0006s ]
NOTIC: [8] Undefined offset: 1 D:\phpStudy\WWW\stucontrol\App\Home\Controller\IndexController.class.php 第 591 行.
NOTIC: [2] Missing argument 1 for Think\Controller::show(), called in D:\phpStudy\WWW\stucontrol\App\Home\Controller\IndexController.class.php on line 21 and defined D:\phpStudy\WWW\stucontrol\ThinkPHP\Library\Think\Controller.class.php 第 68 行.
NOTIC: [8] Undefined variable: content D:\phpStudy\WWW\stucontrol\ThinkPHP\Library\Think\Controller.class.php 第 69 行.
INFO: [ view_parse ] --START--
INFO: [ template_filter ] --START--
INFO: Run Behavior\ContentReplaceBehavior [ RunTime:0.000090s ]
INFO: [ template_filter ] --END-- [ RunTime:0.000139s ]
INFO: Run Behavior\ParseTemplateBehavior [ RunTime:0.017215s ]
INFO: [ view_parse ] --END-- [ RunTime:0.017260s ]
INFO: [ view_filter ] --START--
INFO: Run Behavior\WriteHtmlCacheBehavior [ RunTime:0.000528s ]
INFO: [ view_filter ] --END-- [ RunTime:0.000566s ]
INFO: [ app_end ] --START--
INFO: Run Behavior\ShowPageTraceBehavior [ RunTime:0.001006s ]
INFO: [ app_end ] --END-- [ RunTime:0.001077s ]

[ 2016-11-21T22:28:34+08:00 ] ::1 /stucontrol/Home/Index/index.shtml
INFO: [ app_init ] --START--
INFO: Run Behavior\BuildLiteBehavior [ RunTime:0.000017s ]
INFO: [ app_init ] --END-- [ RunTime:0.000603s ]
INFO: [ app_begin ] --START--
INFO: Run Behavior\ReadHtmlCacheBehavior [ RunTime:0.001169s ]
INFO: [ app_begin ] --END-- [ RunTime:0.001281s ]
SQL: SHOW COLUMNS FROM `stu_information` [ RunTime:0.0065s ]
SQL: SELECT * FROM `stu_information` ORDER BY id desc LIMIT 0,8   [ RunTime:0.0138s ]
NOTIC: [8] Undefined offset: 8 D:\phpStudy\WWW\stucontrol\App\Home\Controller\IndexController.class.php 第 988 行.
SQL: SELECT `title`,`id`,`kind` FROM `stu_information` ORDER BY id desc  [ RunTime:0.0003s ]
SQL: SELECT `title`,`id`,`kind` FROM `stu_information` ORDER BY id desc  [ RunTime:0.0003s ]
NOTIC: [8] Undefined offset: 10 D:\phpStudy\WWW\stucontrol\App\Home\Controller\IndexController.class.php 第 559 行.
SQL: SHOW COLUMNS FROM `stu_dorm` [ RunTime:0.0048s ]
SQL: SELECT `dorm`,`id`,`reportdate` FROM `stu_dorm` ORDER BY id desc LIMIT 0,5   [ RunTime:0.0003s ]
NOTIC: [8] Undefined offset: 1 D:\phpStudy\WWW\stucontrol\App\Home\Controller\IndexController.class.php 第 591 行.
NOTIC: [2] Missing argument 1 for Think\Controller::show(), called in D:\phpStudy\WWW\stucontrol\App\Home\Controller\IndexController.class.php on line 21 and defined D:\phpStudy\WWW\stucontrol\ThinkPHP\Library\Think\Controller.class.php 第 68 行.
NOTIC: [8] Undefined variable: content D:\phpStudy\WWW\stucontrol\ThinkPHP\Library\Think\Controller.class.php 第 69 行.
INFO: [ view_parse ] --START--
INFO: [ template_filter ] --START--
INFO: Run Behavior\ContentReplaceBehavior [ RunTime:0.000094s ]
INFO: [ template_filter ] --END-- [ RunTime:0.000145s ]
INFO: Run Behavior\ParseTemplateBehavior [ RunTime:0.009950s ]
INFO: [ view_parse ] --END-- [ RunTime:0.009997s ]
INFO: [ view_filter ] --START--
INFO: Run Behavior\WriteHtmlCacheBehavior [ RunTime:0.000477s ]
INFO: [ view_filter ] --END-- [ RunTime:0.000525s ]
INFO: [ app_end ] --START--
INFO: Run Behavior\ShowPageTraceBehavior [ RunTime:0.000830s ]
INFO: [ app_end ] --END-- [ RunTime:0.000892s ]

[ 2016-11-21T22:30:18+08:00 ] ::1 /stucontrol/Home/Index/index.shtml
INFO: [ app_init ] --START--
INFO: Run Behavior\BuildLiteBehavior [ RunTime:0.000022s ]
INFO: [ app_init ] --END-- [ RunTime:0.000703s ]
INFO: [ app_begin ] --START--
INFO: Run Behavior\ReadHtmlCacheBehavior [ RunTime:0.000653s ]
INFO: [ app_begin ] --END-- [ RunTime:0.000702s ]
SQL: SHOW COLUMNS FROM `stu_information` [ RunTime:0.0044s ]
SQL: SELECT * FROM `stu_information` ORDER BY id desc LIMIT 0,8   [ RunTime:0.0005s ]
NOTIC: [8] Undefined offset: 8 D:\phpStudy\WWW\stucontrol\App\Home\Controller\IndexController.class.php 第 988 行.
SQL: SELECT `title`,`id`,`kind` FROM `stu_information` ORDER BY id desc  [ RunTime:0.0003s ]
SQL: SELECT `title`,`id`,`kind` FROM `stu_information` ORDER BY id desc  [ RunTime:0.0003s ]
NOTIC: [8] Undefined offset: 10 D:\phpStudy\WWW\stucontrol\App\Home\Controller\IndexController.class.php 第 559 行.
SQL: SHOW COLUMNS FROM `stu_dorm` [ RunTime:0.0041s ]
SQL: SELECT `dorm`,`id`,`reportdate` FROM `stu_dorm` ORDER BY id desc LIMIT 0,5   [ RunTime:0.0003s ]
NOTIC: [8] Undefined offset: 1 D:\phpStudy\WWW\stucontrol\App\Home\Controller\IndexController.class.php 第 591 行.
NOTIC: [2] Missing argument 1 for Think\Controller::show(), called in D:\phpStudy\WWW\stucontrol\App\Home\Controller\IndexController.class.php on line 21 and defined D:\phpStudy\WWW\stucontrol\ThinkPHP\Library\Think\Controller.class.php 第 68 行.
NOTIC: [8] Undefined variable: content D:\phpStudy\WWW\stucontrol\ThinkPHP\Library\Think\Controller.class.php 第 69 行.
INFO: [ view_parse ] --START--
INFO: [ template_filter ] --START--
INFO: Run Behavior\ContentReplaceBehavior [ RunTime:0.000081s ]
INFO: [ template_filter ] --END-- [ RunTime:0.000123s ]
INFO: Run Behavior\ParseTemplateBehavior [ RunTime:0.008006s ]
INFO: [ view_parse ] --END-- [ RunTime:0.008052s ]
INFO: [ view_filter ] --START--
INFO: Run Behavior\WriteHtmlCacheBehavior [ RunTime:0.000441s ]
INFO: [ view_filter ] --END-- [ RunTime:0.000478s ]
INFO: [ app_end ] --START--
INFO: Run Behavior\ShowPageTraceBehavior [ RunTime:0.000827s ]
INFO: [ app_end ] --END-- [ RunTime:0.000904s ]

[ 2016-11-21T22:30:36+08:00 ] ::1 /stucontrol/Home/Index/index.shtml
INFO: [ app_init ] --START--
INFO: Run Behavior\BuildLiteBehavior [ RunTime:0.000020s ]
INFO: [ app_init ] --END-- [ RunTime:0.001526s ]
INFO: [ app_begin ] --START--
INFO: Run Behavior\ReadHtmlCacheBehavior [ RunTime:0.001352s ]
INFO: [ app_begin ] --END-- [ RunTime:0.001531s ]
SQL: SHOW COLUMNS FROM `stu_information` [ RunTime:0.0062s ]
SQL: SELECT * FROM `stu_information` ORDER BY id desc LIMIT 0,8   [ RunTime:0.0005s ]
NOTIC: [8] Undefined offset: 8 D:\phpStudy\WWW\stucontrol\App\Home\Controller\IndexController.class.php 第 988 行.
SQL: SELECT `title`,`id`,`kind` FROM `stu_information` ORDER BY id desc  [ RunTime:0.0004s ]
SQL: SELECT `title`,`id`,`kind` FROM `stu_information` ORDER BY id desc  [ RunTime:0.0003s ]
NOTIC: [8] Undefined offset: 10 D:\phpStudy\WWW\stucontrol\App\Home\Controller\IndexController.class.php 第 559 行.
SQL: SHOW COLUMNS FROM `stu_dorm` [ RunTime:0.0074s ]
SQL: SELECT `dorm`,`id`,`reportdate` FROM `stu_dorm` ORDER BY id desc LIMIT 0,5   [ RunTime:0.0003s ]
NOTIC: [8] Undefined offset: 1 D:\phpStudy\WWW\stucontrol\App\Home\Controller\IndexController.class.php 第 591 行.
NOTIC: [2] Missing argument 1 for Think\Controller::show(), called in D:\phpStudy\WWW\stucontrol\App\Home\Controller\IndexController.class.php on line 21 and defined D:\phpStudy\WWW\stucontrol\ThinkPHP\Library\Think\Controller.class.php 第 68 行.
NOTIC: [8] Undefined variable: content D:\phpStudy\WWW\stucontrol\ThinkPHP\Library\Think\Controller.class.php 第 69 行.
INFO: [ view_parse ] --START--
INFO: [ template_filter ] --START--
INFO: Run Behavior\ContentReplaceBehavior [ RunTime:0.000086s ]
INFO: [ template_filter ] --END-- [ RunTime:0.000137s ]
INFO: Run Behavior\ParseTemplateBehavior [ RunTime:0.010097s ]
INFO: [ view_parse ] --END-- [ RunTime:0.010182s ]
INFO: [ view_filter ] --START--
INFO: Run Behavior\WriteHtmlCacheBehavior [ RunTime:0.001141s ]
INFO: [ view_filter ] --END-- [ RunTime:0.001203s ]
INFO: [ app_end ] --START--
INFO: Run Behavior\ShowPageTraceBehavior [ RunTime:0.001692s ]
INFO: [ app_end ] --END-- [ RunTime:0.001781s ]

[ 2016-11-21T22:30:57+08:00 ] ::1 /stucontrol/Home/Index/index.shtml
INFO: [ app_init ] --START--
INFO: Run Behavior\BuildLiteBehavior [ RunTime:0.000015s ]
INFO: [ app_init ] --END-- [ RunTime:0.000579s ]
INFO: [ app_begin ] --START--
INFO: Run Behavior\ReadHtmlCacheBehavior [ RunTime:0.000615s ]
INFO: [ app_begin ] --END-- [ RunTime:0.000680s ]
SQL: SHOW COLUMNS FROM `stu_information` [ RunTime:0.0044s ]
SQL: SELECT * FROM `stu_information` ORDER BY id desc LIMIT 0,8   [ RunTime:0.0004s ]
NOTIC: [8] Undefined offset: 8 D:\phpStudy\WWW\stucontrol\App\Home\Controller\IndexController.class.php 第 988 行.
SQL: SELECT `title`,`id`,`kind` FROM `stu_information` ORDER BY id desc  [ RunTime:0.0003s ]
SQL: SELECT `title`,`id`,`kind` FROM `stu_information` ORDER BY id desc  [ RunTime:0.0003s ]
NOTIC: [8] Undefined offset: 10 D:\phpStudy\WWW\stucontrol\App\Home\Controller\IndexController.class.php 第 559 行.
SQL: SHOW COLUMNS FROM `stu_dorm` [ RunTime:0.0046s ]
SQL: SELECT `dorm`,`id`,`reportdate` FROM `stu_dorm` ORDER BY id desc LIMIT 0,5   [ RunTime:0.0003s ]
NOTIC: [8] Undefined offset: 1 D:\phpStudy\WWW\stucontrol\App\Home\Controller\IndexController.class.php 第 591 行.
NOTIC: [2] Missing argument 1 for Think\Controller::show(), called in D:\phpStudy\WWW\stucontrol\App\Home\Controller\IndexController.class.php on line 21 and defined D:\phpStudy\WWW\stucontrol\ThinkPHP\Library\Think\Controller.class.php 第 68 行.
NOTIC: [8] Undefined variable: content D:\phpStudy\WWW\stucontrol\ThinkPHP\Library\Think\Controller.class.php 第 69 行.
INFO: [ view_parse ] --START--
INFO: [ template_filter ] --START--
INFO: Run Behavior\ContentReplaceBehavior [ RunTime:0.000101s ]
INFO: [ template_filter ] --END-- [ RunTime:0.000184s ]
INFO: Run Behavior\ParseTemplateBehavior [ RunTime:0.011974s ]
INFO: [ view_parse ] --END-- [ RunTime:0.012028s ]
INFO: [ view_filter ] --START--
INFO: Run Behavior\WriteHtmlCacheBehavior [ RunTime:0.000466s ]
INFO: [ view_filter ] --END-- [ RunTime:0.000504s ]
INFO: [ app_end ] --START--
INFO: Run Behavior\ShowPageTraceBehavior [ RunTime:0.000975s ]
INFO: [ app_end ] --END-- [ RunTime:0.001043s ]

[ 2016-11-21T22:31:31+08:00 ] ::1 /stucontrol/Home/Index/guestbook.shtml
INFO: [ app_init ] --START--
INFO: Run Behavior\BuildLiteBehavior [ RunTime:0.000014s ]
INFO: [ app_init ] --END-- [ RunTime:0.000567s ]
INFO: [ app_begin ] --START--
INFO: Run Behavior\ReadHtmlCacheBehavior [ RunTime:0.000732s ]
INFO: [ app_begin ] --END-- [ RunTime:0.000778s ]
SQL: SHOW COLUMNS FROM `stu_guestbook` [ RunTime:0.0623s ]
SQL: SELECT * FROM `stu_guestbook` ORDER BY id desc LIMIT 0,10   [ RunTime:0.0166s ]
NOTIC: [8] Undefined index: user_student_classnumber D:\phpStudy\WWW\stucontrol\App\Home\Controller\IndexController.class.php 第 740 行.
NOTIC: [8] Undefined index: user_student_classnumber D:\phpStudy\WWW\stucontrol\App\Home\Controller\IndexController.class.php 第 740 行.
SQL: SHOW COLUMNS FROM `stu_guestbook_comment` [ RunTime:0.0330s ]
SQL: SELECT * FROM `stu_guestbook_comment` WHERE ( son_id=22 )  [ RunTime:0.0194s ]
NOTIC: [8] Undefined index: user_student_classnumber D:\phpStudy\WWW\stucontrol\App\Home\Controller\IndexController.class.php 第 815 行.
NOTIC: [8] Undefined index: user_student_classnumber D:\phpStudy\WWW\stucontrol\App\Home\Controller\IndexController.class.php 第 815 行.
NOTIC: [8] Undefined index: user_student_classnumber D:\phpStudy\WWW\stucontrol\App\Home\Controller\IndexController.class.php 第 815 行.
NOTIC: [8] Undefined index: user_student_classnumber D:\phpStudy\WWW\stucontrol\App\Home\Controller\IndexController.class.php 第 815 行.
NOTIC: [8] Undefined index: user_student_classnumber D:\phpStudy\WWW\stucontrol\App\Home\Controller\IndexController.class.php 第 815 行.
NOTIC: [8] Undefined index: user_student_classnumber D:\phpStudy\WWW\stucontrol\App\Home\Controller\IndexController.class.php 第 815 行.
NOTIC: [8] Undefined offset: 3 D:\phpStudy\WWW\stucontrol\App\Home\Controller\IndexController.class.php 第 805 行.
NOTIC: [8] Undefined index: user_student_classnumber D:\phpStudy\WWW\stucontrol\App\Home\Controller\IndexController.class.php 第 740 行.
NOTIC: [8] Undefined index: user_student_classnumber D:\phpStudy\WWW\stucontrol\App\Home\Controller\IndexController.class.php 第 740 行.
SQL: SELECT * FROM `stu_guestbook_comment` WHERE ( son_id=21 )  [ RunTime:0.0008s ]
NOTIC: [8] Undefined offset: 0 D:\phpStudy\WWW\stucontrol\App\Home\Controller\IndexController.class.php 第 805 行.
NOTIC: [8] Undefined index: user_student_classnumber D:\phpStudy\WWW\stucontrol\App\Home\Controller\IndexController.class.php 第 740 行.
NOTIC: [8] Undefined index: user_student_classnumber D:\phpStudy\WWW\stucontrol\App\Home\Controller\IndexController.class.php 第 740 行.
SQL: SELECT * FROM `stu_guestbook_comment` WHERE ( son_id=20 )  [ RunTime:0.0003s ]
NOTIC: [8] Undefined index: user_student_classnumber D:\phpStudy\WWW\stucontrol\App\Home\Controller\IndexController.class.php 第 815 行.
NOTIC: [8] Undefined index: user_student_classnumber D:\phpStudy\WWW\stucontrol\App\Home\Controller\IndexController.class.php 第 815 行.
NOTIC: [8] Undefined index: user_student_classnumber D:\phpStudy\WWW\stucontrol\App\Home\Controller\IndexController.class.php 第 815 行.
NOTIC: [8] Undefined index: user_student_classnumber D:\phpStudy\WWW\stucontrol\App\Home\Controller\IndexController.class.php 第 815 行.
NOTIC: [8] Undefined offset: 2 D:\phpStudy\WWW\stucontrol\App\Home\Controller\IndexController.class.php 第 805 行.
NOTIC: [8] Undefined index: user_student_classnumber D:\phpStudy\WWW\stucontrol\App\Home\Controller\IndexController.class.php 第 740 行.
NOTIC: [8] Undefined index: user_student_classnumber D:\phpStudy\WWW\stucontrol\App\Home\Controller\IndexController.class.php 第 740 行.
SQL: SELECT * FROM `stu_guestbook_comment` WHERE ( son_id=19 )  [ RunTime:0.0003s ]
NOTIC: [8] Undefined index: user_student_classnumber D:\phpStudy\WWW\stucontrol\App\Home\Controller\IndexController.class.php 第 815 行.
NOTIC: [8] Undefined index: user_student_classnumber D:\phpStudy\WWW\stucontrol\App\Home\Controller\IndexController.class.php 第 815 行.
NOTIC: [8] Undefined offset: 1 D:\phpStudy\WWW\stucontrol\App\Home\Controller\IndexController.class.php 第 805 行.
NOTIC: [8] Undefined index: user_student_classnumber D:\phpStudy\WWW\stucontrol\App\Home\Controller\IndexController.class.php 第 740 行.
NOTIC: [8] Undefined index: user_student_classnumber D:\phpStudy\WWW\stucontrol\App\Home\Controller\IndexController.class.php 第 740 行.
SQL: SELECT * FROM `stu_guestbook_comment` WHERE ( son_id=18 )  [ RunTime:0.0003s ]
NOTIC: [8] Undefined offset: 0 D:\phpStudy\WWW\stucontrol\App\Home\Controller\IndexController.class.php 第 805 行.
NOTIC: [8] Undefined index: user_student_classnumber D:\phpStudy\WWW\stucontrol\App\Home\Controller\IndexController.class.php 第 740 行.
NOTIC: [8] Undefined index: user_student_classnumber D:\phpStudy\WWW\stucontrol\App\Home\Controller\IndexController.class.php 第 740 行.
SQL: SELECT * FROM `stu_guestbook_comment` WHERE ( son_id=16 )  [ RunTime:0.0003s ]
NOTIC: [8] Undefined offset: 0 D:\phpStudy\WWW\stucontrol\App\Home\Controller\IndexController.class.php 第 805 行.
NOTIC: [8] Undefined index: user_student_classnumber D:\phpStudy\WWW\stucontrol\App\Home\Controller\IndexController.class.php 第 740 行.
NOTIC: [8] Undefined index: user_student_classnumber D:\phpStudy\WWW\stucontrol\App\Home\Controller\IndexController.class.php 第 740 行.
SQL: SELECT * FROM `stu_guestbook_comment` WHERE ( son_id=15 )  [ RunTime:0.0004s ]
NOTIC: [8] Undefined offset: 0 D:\phpStudy\WWW\stucontrol\App\Home\Controller\IndexController.class.php 第 805 行.
NOTIC: [8] Undefined index: user_student_classnumber D:\phpStudy\WWW\stucontrol\App\Home\Controller\IndexController.class.php 第 740 行.
NOTIC: [8] Undefined index: user_student_classnumber D:\phpStudy\WWW\stucontrol\App\Home\Controller\IndexController.class.php 第 740 行.
SQL: SELECT * FROM `stu_guestbook_comment` WHERE ( son_id=14 )  [ RunTime:0.0004s ]
NOTIC: [8] Undefined offset: 0 D:\phpStudy\WWW\stucontrol\App\Home\Controller\IndexController.class.php 第 805 行.
NOTIC: [8] Undefined index: user_student_classnumber D:\phpStudy\WWW\stucontrol\App\Home\Controller\IndexController.class.php 第 740 行.
NOTIC: [8] Undefined index: user_student_classnumber D:\phpStudy\WWW\stucontrol\App\Home\Controller\IndexController.class.php 第 740 行.
SQL: SELECT * FROM `stu_guestbook_comment` WHERE ( son_id=13 )  [ RunTime:0.0003s ]
NOTIC: [8] Undefined offset: 0 D:\phpStudy\WWW\stucontrol\App\Home\Controller\IndexController.class.php 第 805 行.
NOTIC: [8] Undefined index: user_student_classnumber D:\phpStudy\WWW\stucontrol\App\Home\Controller\IndexController.class.php 第 740 行.
NOTIC: [8] Undefined index: user_student_classnumber D:\phpStudy\WWW\stucontrol\App\Home\Controller\IndexController.class.php 第 740 行.
SQL: SELECT * FROM `stu_guestbook_comment` WHERE ( son_id=5 )  [ RunTime:0.0004s ]
NOTIC: [8] Undefined offset: 0 D:\phpStudy\WWW\stucontrol\App\Home\Controller\IndexController.class.php 第 805 行.
NOTIC: [8] Undefined offset: 10 D:\phpStudy\WWW\stucontrol\App\Home\Controller\IndexController.class.php 第 739 行.
SQL: SELECT COUNT(*) AS tp_count FROM `stu_guestbook` LIMIT 1   [ RunTime:0.0137s ]
NOTIC: [8] Undefined index: user_student_classname D:\phpStudy\WWW\stucontrol\App\Home\Controller\IndexController.class.php 第 320 行.
INFO: [ view_parse ] --START--
INFO: [ template_filter ] --START--
INFO: Run Behavior\ContentReplaceBehavior [ RunTime:0.000121s ]
INFO: [ template_filter ] --END-- [ RunTime:0.000199s ]
INFO: Run Behavior\ParseTemplateBehavior [ RunTime:0.022844s ]
INFO: [ view_parse ] --END-- [ RunTime:0.022935s ]
INFO: [ view_filter ] --START--
INFO: Run Behavior\WriteHtmlCacheBehavior [ RunTime:0.000394s ]
INFO: [ view_filter ] --END-- [ RunTime:0.000428s ]
INFO: [ app_end ] --START--
INFO: Run Behavior\ShowPageTraceBehavior [ RunTime:0.000802s ]
INFO: [ app_end ] --END-- [ RunTime:0.000861s ]

[ 2016-11-21T22:31:31+08:00 ] ::1 /stucontrol/Home/Index/get_username.shtml
INFO: [ app_init ] --START--
INFO: Run Behavior\BuildLiteBehavior [ RunTime:0.000025s ]
INFO: [ app_init ] --END-- [ RunTime:0.001103s ]
INFO: [ app_begin ] --START--
INFO: Run Behavior\ReadHtmlCacheBehavior [ RunTime:0.001044s ]
INFO: [ app_begin ] --END-- [ RunTime:0.001135s ]

[ 2016-11-21T22:31:32+08:00 ] ::1 /stucontrol/Home/Index/validate_returncount.shtml
INFO: [ app_init ] --START--
INFO: Run Behavior\BuildLiteBehavior [ RunTime:0.000019s ]
INFO: [ app_init ] --END-- [ RunTime:0.000571s ]
INFO: [ app_begin ] --START--
INFO: Run Behavior\ReadHtmlCacheBehavior [ RunTime:0.000737s ]
INFO: [ app_begin ] --END-- [ RunTime:0.000789s ]
INFO: [ app_end ] --START--
INFO: Run Behavior\ShowPageTraceBehavior [ RunTime:0.000736s ]
INFO: [ app_end ] --END-- [ RunTime:0.000831s ]

[ 2016-11-21T22:57:41+08:00 ] ::1 /stucontrol/Home/Index/teach_log.shtml
INFO: [ app_init ] --START--
INFO: Run Behavior\BuildLiteBehavior [ RunTime:0.000018s ]
INFO: [ app_init ] --END-- [ RunTime:0.000540s ]
INFO: [ app_begin ] --START--
INFO: Run Behavior\ReadHtmlCacheBehavior [ RunTime:0.000800s ]
INFO: [ app_begin ] --END-- [ RunTime:0.000922s ]

[ 2016-11-21T22:57:41+08:00 ] ::1 /stucontrol/Home/Index/admin_teacher.shtml
INFO: [ app_init ] --START--
INFO: Run Behavior\BuildLiteBehavior [ RunTime:0.000016s ]
INFO: [ app_init ] --END-- [ RunTime:0.000487s ]
INFO: [ app_begin ] --START--
INFO: Run Behavior\ReadHtmlCacheBehavior [ RunTime:0.000584s ]
INFO: [ app_begin ] --END-- [ RunTime:0.000633s ]
INFO: [ view_parse ] --START--
INFO: [ template_filter ] --START--
INFO: Run Behavior\ContentReplaceBehavior [ RunTime:0.000072s ]
INFO: [ template_filter ] --END-- [ RunTime:0.000130s ]
INFO: Run Behavior\ParseTemplateBehavior [ RunTime:0.033386s ]
INFO: [ view_parse ] --END-- [ RunTime:0.033465s ]
INFO: [ view_filter ] --START--
INFO: Run Behavior\WriteHtmlCacheBehavior [ RunTime:0.000499s ]
INFO: [ view_filter ] --END-- [ RunTime:0.000544s ]
INFO: [ app_end ] --START--
INFO: Run Behavior\ShowPageTraceBehavior [ RunTime:0.000674s ]
INFO: [ app_end ] --END-- [ RunTime:0.000712s ]

[ 2016-11-21T23:03:59+08:00 ] ::1 /stucontrol/Home/Index/index.shtml
INFO: [ app_init ] --START--
INFO: Run Behavior\BuildLiteBehavior [ RunTime:0.000018s ]
INFO: [ app_init ] --END-- [ RunTime:0.000595s ]
INFO: [ app_begin ] --START--
INFO: Run Behavior\ReadHtmlCacheBehavior [ RunTime:0.000770s ]
INFO: [ app_begin ] --END-- [ RunTime:0.000852s ]
SQL: SHOW COLUMNS FROM `stu_information` [ RunTime:0.0045s ]
SQL: SELECT * FROM `stu_information` ORDER BY id desc LIMIT 0,8   [ RunTime:0.0006s ]
NOTIC: [8] Undefined offset: 8 D:\phpStudy\WWW\stucontrol\App\Home\Controller\IndexController.class.php 第 988 行.
SQL: SELECT `title`,`id`,`kind` FROM `stu_information` ORDER BY id desc  [ RunTime:0.0004s ]
SQL: SELECT `title`,`id`,`kind` FROM `stu_information` ORDER BY id desc  [ RunTime:0.0003s ]
NOTIC: [8] Undefined offset: 10 D:\phpStudy\WWW\stucontrol\App\Home\Controller\IndexController.class.php 第 559 行.
SQL: SHOW COLUMNS FROM `stu_dorm` [ RunTime:0.0042s ]
SQL: SELECT `dorm`,`id`,`reportdate` FROM `stu_dorm` ORDER BY id desc LIMIT 0,5   [ RunTime:0.0003s ]
NOTIC: [8] Undefined offset: 1 D:\phpStudy\WWW\stucontrol\App\Home\Controller\IndexController.class.php 第 591 行.
NOTIC: [2] Missing argument 1 for Think\Controller::show(), called in D:\phpStudy\WWW\stucontrol\App\Home\Controller\IndexController.class.php on line 21 and defined D:\phpStudy\WWW\stucontrol\ThinkPHP\Library\Think\Controller.class.php 第 68 行.
NOTIC: [8] Undefined variable: content D:\phpStudy\WWW\stucontrol\ThinkPHP\Library\Think\Controller.class.php 第 69 行.
INFO: [ view_parse ] --START--
INFO: [ template_filter ] --START--
INFO: Run Behavior\ContentReplaceBehavior [ RunTime:0.000115s ]
INFO: [ template_filter ] --END-- [ RunTime:0.000184s ]
INFO: Run Behavior\ParseTemplateBehavior [ RunTime:0.017684s ]
INFO: [ view_parse ] --END-- [ RunTime:0.017729s ]
INFO: [ view_filter ] --START--
INFO: Run Behavior\WriteHtmlCacheBehavior [ RunTime:0.000509s ]
INFO: [ view_filter ] --END-- [ RunTime:0.000546s ]
INFO: [ app_end ] --START--
INFO: Run Behavior\ShowPageTraceBehavior [ RunTime:0.001021s ]
INFO: [ app_end ] --END-- [ RunTime:0.001103s ]

[ 2016-11-21T23:15:03+08:00 ] ::1 /stucontrol/Home/Index/index.shtml
INFO: [ app_init ] --START--
INFO: Run Behavior\BuildLiteBehavior [ RunTime:0.000019s ]
INFO: [ app_init ] --END-- [ RunTime:0.000598s ]
INFO: [ app_begin ] --START--
INFO: Run Behavior\ReadHtmlCacheBehavior [ RunTime:0.000756s ]
INFO: [ app_begin ] --END-- [ RunTime:0.000809s ]
SQL: SHOW COLUMNS FROM `stu_information` [ RunTime:0.0050s ]
SQL: SELECT * FROM `stu_information` ORDER BY id desc LIMIT 0,8   [ RunTime:0.0005s ]
NOTIC: [8] Undefined offset: 8 D:\phpStudy\WWW\stucontrol\App\Home\Controller\IndexController.class.php 第 988 行.
SQL: SELECT `title`,`id`,`kind` FROM `stu_information` ORDER BY id desc  [ RunTime:0.0004s ]
SQL: SELECT `title`,`id`,`kind` FROM `stu_information` ORDER BY id desc  [ RunTime:0.0003s ]
NOTIC: [8] Undefined offset: 10 D:\phpStudy\WWW\stucontrol\App\Home\Controller\IndexController.class.php 第 559 行.
SQL: SHOW COLUMNS FROM `stu_dorm` [ RunTime:0.0050s ]
SQL: SELECT `dorm`,`id`,`reportdate` FROM `stu_dorm` ORDER BY id desc LIMIT 0,5   [ RunTime:0.0003s ]
NOTIC: [8] Undefined offset: 1 D:\phpStudy\WWW\stucontrol\App\Home\Controller\IndexController.class.php 第 591 行.
NOTIC: [2] Missing argument 1 for Think\Controller::show(), called in D:\phpStudy\WWW\stucontrol\App\Home\Controller\IndexController.class.php on line 21 and defined D:\phpStudy\WWW\stucontrol\ThinkPHP\Library\Think\Controller.class.php 第 68 行.
NOTIC: [8] Undefined variable: content D:\phpStudy\WWW\stucontrol\ThinkPHP\Library\Think\Controller.class.php 第 69 行.
INFO: [ view_parse ] --START--
INFO: [ template_filter ] --START--
INFO: Run Behavior\ContentReplaceBehavior [ RunTime:0.000086s ]
INFO: [ template_filter ] --END-- [ RunTime:0.000131s ]
INFO: Run Behavior\ParseTemplateBehavior [ RunTime:0.016640s ]
INFO: [ view_parse ] --END-- [ RunTime:0.016694s ]
INFO: [ view_filter ] --START--
INFO: Run Behavior\WriteHtmlCacheBehavior [ RunTime:0.000493s ]
INFO: [ view_filter ] --END-- [ RunTime:0.000529s ]
INFO: [ app_end ] --START--
INFO: Run Behavior\ShowPageTraceBehavior [ RunTime:0.000901s ]
INFO: [ app_end ] --END-- [ RunTime:0.000977s ]

[ 2016-11-21T23:15:17+08:00 ] ::1 /stucontrol/Home/Index/index.shtml
INFO: [ app_init ] --START--
INFO: Run Behavior\BuildLiteBehavior [ RunTime:0.000015s ]
INFO: [ app_init ] --END-- [ RunTime:0.000659s ]
INFO: [ app_begin ] --START--
INFO: Run Behavior\ReadHtmlCacheBehavior [ RunTime:0.000754s ]
INFO: [ app_begin ] --END-- [ RunTime:0.000828s ]
SQL: SHOW COLUMNS FROM `stu_information` [ RunTime:0.0043s ]
SQL: SELECT * FROM `stu_information` ORDER BY id desc LIMIT 0,8   [ RunTime:0.0005s ]
NOTIC: [8] Undefined offset: 8 D:\phpStudy\WWW\stucontrol\App\Home\Controller\IndexController.class.php 第 988 行.
SQL: SELECT `title`,`id`,`kind` FROM `stu_information` ORDER BY id desc  [ RunTime:0.0003s ]
SQL: SELECT `title`,`id`,`kind` FROM `stu_information` ORDER BY id desc  [ RunTime:0.0003s ]
NOTIC: [8] Undefined offset: 10 D:\phpStudy\WWW\stucontrol\App\Home\Controller\IndexController.class.php 第 559 行.
SQL: SHOW COLUMNS FROM `stu_dorm` [ RunTime:0.0045s ]
SQL: SELECT `dorm`,`id`,`reportdate` FROM `stu_dorm` ORDER BY id desc LIMIT 0,5   [ RunTime:0.0003s ]
NOTIC: [8] Undefined offset: 1 D:\phpStudy\WWW\stucontrol\App\Home\Controller\IndexController.class.php 第 591 行.
NOTIC: [2] Missing argument 1 for Think\Controller::show(), called in D:\phpStudy\WWW\stucontrol\App\Home\Controller\IndexController.class.php on line 21 and defined D:\phpStudy\WWW\stucontrol\ThinkPHP\Library\Think\Controller.class.php 第 68 行.
NOTIC: [8] Undefined variable: content D:\phpStudy\WWW\stucontrol\ThinkPHP\Library\Think\Controller.class.php 第 69 行.
INFO: [ view_parse ] --START--
INFO: [ template_filter ] --START--
INFO: Run Behavior\ContentReplaceBehavior [ RunTime:0.000112s ]
INFO: [ template_filter ] --END-- [ RunTime:0.000162s ]
INFO: Run Behavior\ParseTemplateBehavior [ RunTime:0.008784s ]
INFO: [ view_parse ] --END-- [ RunTime:0.008888s ]
INFO: [ view_filter ] --START--
INFO: Run Behavior\WriteHtmlCacheBehavior [ RunTime:0.000500s ]
INFO: [ view_filter ] --END-- [ RunTime:0.000547s ]
INFO: [ app_end ] --START--
INFO: Run Behavior\ShowPageTraceBehavior [ RunTime:0.000776s ]
INFO: [ app_end ] --END-- [ RunTime:0.000834s ]

