[ 2016-11-27T18:03:55+08:00 ] ::1 /stucontrol/Home/Index/index.shtml
INFO: [ app_init ] --START--
INFO: Run Behavior\BuildLiteBehavior [ RunTime:0.000019s ]
INFO: [ app_init ] --END-- [ RunTime:0.012097s ]
INFO: [ app_begin ] --START--
INFO: Run Behavior\ReadHtmlCacheBehavior [ RunTime:0.006046s ]
INFO: [ app_begin ] --END-- [ RunTime:0.006106s ]
SQL: SHOW COLUMNS FROM `stu_information` [ RunTime:0.3376s ]
SQL: SELECT * FROM `stu_information` ORDER BY id desc LIMIT 0,8   [ RunTime:0.0372s ]
NOTIC: [8] Undefined offset: 8 D:\phpStudy\WWW\stucontrol\App\Home\Controller\IndexController.class.php 第 1031 行.
SQL: SELECT `title`,`id`,`kind` FROM `stu_information` ORDER BY id desc  [ RunTime:0.0004s ]
SQL: SELECT `title`,`id`,`kind` FROM `stu_information` ORDER BY id desc  [ RunTime:0.0003s ]
NOTIC: [8] Undefined offset: 10 D:\phpStudy\WWW\stucontrol\App\Home\Controller\IndexController.class.php 第 602 行.
SQL: SHOW COLUMNS FROM `stu_dorm` [ RunTime:0.0233s ]
SQL: SELECT `dorm`,`id`,`reportdate` FROM `stu_dorm` ORDER BY id desc LIMIT 0,5   [ RunTime:0.0003s ]
NOTIC: [8] Undefined offset: 1 D:\phpStudy\WWW\stucontrol\App\Home\Controller\IndexController.class.php 第 634 行.
NOTIC: [2] Missing argument 1 for Think\Controller::show(), called in D:\phpStudy\WWW\stucontrol\App\Home\Controller\IndexController.class.php on line 21 and defined D:\phpStudy\WWW\stucontrol\ThinkPHP\Library\Think\Controller.class.php 第 68 行.
NOTIC: [8] Undefined variable: content D:\phpStudy\WWW\stucontrol\ThinkPHP\Library\Think\Controller.class.php 第 69 行.
INFO: [ view_parse ] --START--
INFO: [ template_filter ] --START--
INFO: Run Behavior\ContentReplaceBehavior [ RunTime:0.000118s ]
INFO: [ template_filter ] --END-- [ RunTime:0.000184s ]
INFO: Run Behavior\ParseTemplateBehavior [ RunTime:0.087452s ]
INFO: [ view_parse ] --END-- [ RunTime:0.087510s ]
INFO: [ view_filter ] --START--
INFO: Run Behavior\WriteHtmlCacheBehavior [ RunTime:0.011324s ]
INFO: [ view_filter ] --END-- [ RunTime:0.011367s ]
INFO: [ app_end ] --START--
INFO: Run Behavior\ShowPageTraceBehavior [ RunTime:0.043746s ]
INFO: [ app_end ] --END-- [ RunTime:0.043933s ]

