[ 2017-01-18T15:34:27+08:00 ] ::1 /stucontrol/Home/Index/index.shtml
INFO: [ app_init ] --START--
INFO: Run Behavior\BuildLiteBehavior [ RunTime:0.000018s ]
INFO: [ app_init ] --END-- [ RunTime:0.012412s ]
INFO: [ app_begin ] --START--
INFO: Run Behavior\ReadHtmlCacheBehavior [ RunTime:0.034953s ]
INFO: [ app_begin ] --END-- [ RunTime:0.035018s ]
SQL: SHOW COLUMNS FROM `stu_information` [ RunTime:0.5028s ]
SQL: SELECT * FROM `stu_information` ORDER BY id desc LIMIT 0,8   [ RunTime:0.0962s ]
NOTIC: [8] Undefined offset: 8 D:\phpStudy\WWW\stucontrol\App\Home\Controller\IndexController.class.php 第 1031 行.
SQL: SELECT `title`,`id`,`kind` FROM `stu_information` ORDER BY id desc  [ RunTime:0.0004s ]
SQL: SELECT `title`,`id`,`kind` FROM `stu_information` ORDER BY id desc  [ RunTime:0.0003s ]
NOTIC: [8] Undefined offset: 10 D:\phpStudy\WWW\stucontrol\App\Home\Controller\IndexController.class.php 第 602 行.
SQL: SHOW COLUMNS FROM `stu_dorm` [ RunTime:0.0364s ]
SQL: SELECT `dorm`,`id`,`reportdate` FROM `stu_dorm` ORDER BY id desc LIMIT 0,5   [ RunTime:0.0003s ]
NOTIC: [8] Undefined offset: 1 D:\phpStudy\WWW\stucontrol\App\Home\Controller\IndexController.class.php 第 634 行.
NOTIC: [2] Missing argument 1 for Think\Controller::show(), called in D:\phpStudy\WWW\stucontrol\App\Home\Controller\IndexController.class.php on line 21 and defined D:\phpStudy\WWW\stucontrol\ThinkPHP\Library\Think\Controller.class.php 第 68 行.
NOTIC: [8] Undefined variable: content D:\phpStudy\WWW\stucontrol\ThinkPHP\Library\Think\Controller.class.php 第 69 行.
INFO: [ view_parse ] --START--
INFO: [ template_filter ] --START--
INFO: Run Behavior\ContentReplaceBehavior [ RunTime:0.033949s ]
INFO: [ template_filter ] --END-- [ RunTime:0.034007s ]
INFO: Run Behavior\ParseTemplateBehavior [ RunTime:0.136211s ]
INFO: [ view_parse ] --END-- [ RunTime:0.136271s ]
INFO: [ view_filter ] --START--
INFO: Run Behavior\WriteHtmlCacheBehavior [ RunTime:0.026694s ]
INFO: [ view_filter ] --END-- [ RunTime:0.026740s ]
INFO: [ app_end ] --START--
INFO: Run Behavior\ShowPageTraceBehavior [ RunTime:0.032084s ]
INFO: [ app_end ] --END-- [ RunTime:0.032172s ]

[ 2017-01-18T15:34:30+08:00 ] ::1 /stucontrol/Home/Index/guestbook.shtml
INFO: [ app_init ] --START--
INFO: Run Behavior\BuildLiteBehavior [ RunTime:0.000015s ]
INFO: [ app_init ] --END-- [ RunTime:0.000533s ]
INFO: [ app_begin ] --START--
INFO: Run Behavior\ReadHtmlCacheBehavior [ RunTime:0.000679s ]
INFO: [ app_begin ] --END-- [ RunTime:0.000724s ]
SQL: SHOW COLUMNS FROM `stu_guestbook` [ RunTime:0.1183s ]
SQL: SELECT * FROM `stu_guestbook` ORDER BY id desc LIMIT 0,10   [ RunTime:0.0004s ]
NOTIC: [8] Undefined index: user_student_classnumber D:\phpStudy\WWW\stucontrol\App\Home\Controller\IndexController.class.php 第 783 行.
NOTIC: [8] Undefined index: user_student_classnumber D:\phpStudy\WWW\stucontrol\App\Home\Controller\IndexController.class.php 第 783 行.
SQL: SHOW COLUMNS FROM `stu_guestbook_comment` [ RunTime:0.0372s ]
SQL: SELECT * FROM `stu_guestbook_comment` WHERE ( son_id=22 )  [ RunTime:0.0175s ]
NOTIC: [8] Undefined index: user_student_classnumber D:\phpStudy\WWW\stucontrol\App\Home\Controller\IndexController.class.php 第 858 行.
NOTIC: [8] Undefined index: user_student_classnumber D:\phpStudy\WWW\stucontrol\App\Home\Controller\IndexController.class.php 第 858 行.
NOTIC: [8] Undefined index: user_student_classnumber D:\phpStudy\WWW\stucontrol\App\Home\Controller\IndexController.class.php 第 858 行.
NOTIC: [8] Undefined index: user_student_classnumber D:\phpStudy\WWW\stucontrol\App\Home\Controller\IndexController.class.php 第 858 行.
NOTIC: [8] Undefined index: user_student_classnumber D:\phpStudy\WWW\stucontrol\App\Home\Controller\IndexController.class.php 第 858 行.
NOTIC: [8] Undefined index: user_student_classnumber D:\phpStudy\WWW\stucontrol\App\Home\Controller\IndexController.class.php 第 858 行.
NOTIC: [8] Undefined offset: 3 D:\phpStudy\WWW\stucontrol\App\Home\Controller\IndexController.class.php 第 848 行.
NOTIC: [8] Undefined index: user_student_classnumber D:\phpStudy\WWW\stucontrol\App\Home\Controller\IndexController.class.php 第 783 行.
NOTIC: [8] Undefined index: user_student_classnumber D:\phpStudy\WWW\stucontrol\App\Home\Controller\IndexController.class.php 第 783 行.
SQL: SELECT * FROM `stu_guestbook_comment` WHERE ( son_id=21 )  [ RunTime:0.0003s ]
NOTIC: [8] Undefined offset: 0 D:\phpStudy\WWW\stucontrol\App\Home\Controller\IndexController.class.php 第 848 行.
NOTIC: [8] Undefined index: user_student_classnumber D:\phpStudy\WWW\stucontrol\App\Home\Controller\IndexController.class.php 第 783 行.
NOTIC: [8] Undefined index: user_student_classnumber D:\phpStudy\WWW\stucontrol\App\Home\Controller\IndexController.class.php 第 783 行.
SQL: SELECT * FROM `stu_guestbook_comment` WHERE ( son_id=20 )  [ RunTime:0.0003s ]
NOTIC: [8] Undefined index: user_student_classnumber D:\phpStudy\WWW\stucontrol\App\Home\Controller\IndexController.class.php 第 858 行.
NOTIC: [8] Undefined index: user_student_classnumber D:\phpStudy\WWW\stucontrol\App\Home\Controller\IndexController.class.php 第 858 行.
NOTIC: [8] Undefined index: user_student_classnumber D:\phpStudy\WWW\stucontrol\App\Home\Controller\IndexController.class.php 第 858 行.
NOTIC: [8] Undefined index: user_student_classnumber D:\phpStudy\WWW\stucontrol\App\Home\Controller\IndexController.class.php 第 858 行.
NOTIC: [8] Undefined offset: 2 D:\phpStudy\WWW\stucontrol\App\Home\Controller\IndexController.class.php 第 848 行.
NOTIC: [8] Undefined index: user_student_classnumber D:\phpStudy\WWW\stucontrol\App\Home\Controller\IndexController.class.php 第 783 行.
NOTIC: [8] Undefined index: user_student_classnumber D:\phpStudy\WWW\stucontrol\App\Home\Controller\IndexController.class.php 第 783 行.
SQL: SELECT * FROM `stu_guestbook_comment` WHERE ( son_id=19 )  [ RunTime:0.0003s ]
NOTIC: [8] Undefined index: user_student_classnumber D:\phpStudy\WWW\stucontrol\App\Home\Controller\IndexController.class.php 第 858 行.
NOTIC: [8] Undefined index: user_student_classnumber D:\phpStudy\WWW\stucontrol\App\Home\Controller\IndexController.class.php 第 858 行.
NOTIC: [8] Undefined offset: 1 D:\phpStudy\WWW\stucontrol\App\Home\Controller\IndexController.class.php 第 848 行.
NOTIC: [8] Undefined index: user_student_classnumber D:\phpStudy\WWW\stucontrol\App\Home\Controller\IndexController.class.php 第 783 行.
NOTIC: [8] Undefined index: user_student_classnumber D:\phpStudy\WWW\stucontrol\App\Home\Controller\IndexController.class.php 第 783 行.
SQL: SELECT * FROM `stu_guestbook_comment` WHERE ( son_id=18 )  [ RunTime:0.0003s ]
NOTIC: [8] Undefined offset: 0 D:\phpStudy\WWW\stucontrol\App\Home\Controller\IndexController.class.php 第 848 行.
NOTIC: [8] Undefined index: user_student_classnumber D:\phpStudy\WWW\stucontrol\App\Home\Controller\IndexController.class.php 第 783 行.
NOTIC: [8] Undefined index: user_student_classnumber D:\phpStudy\WWW\stucontrol\App\Home\Controller\IndexController.class.php 第 783 行.
SQL: SELECT * FROM `stu_guestbook_comment` WHERE ( son_id=16 )  [ RunTime:0.0003s ]
NOTIC: [8] Undefined offset: 0 D:\phpStudy\WWW\stucontrol\App\Home\Controller\IndexController.class.php 第 848 行.
NOTIC: [8] Undefined index: user_student_classnumber D:\phpStudy\WWW\stucontrol\App\Home\Controller\IndexController.class.php 第 783 行.
NOTIC: [8] Undefined index: user_student_classnumber D:\phpStudy\WWW\stucontrol\App\Home\Controller\IndexController.class.php 第 783 行.
SQL: SELECT * FROM `stu_guestbook_comment` WHERE ( son_id=15 )  [ RunTime:0.0003s ]
NOTIC: [8] Undefined offset: 0 D:\phpStudy\WWW\stucontrol\App\Home\Controller\IndexController.class.php 第 848 行.
NOTIC: [8] Undefined index: user_student_classnumber D:\phpStudy\WWW\stucontrol\App\Home\Controller\IndexController.class.php 第 783 行.
NOTIC: [8] Undefined index: user_student_classnumber D:\phpStudy\WWW\stucontrol\App\Home\Controller\IndexController.class.php 第 783 行.
SQL: SELECT * FROM `stu_guestbook_comment` WHERE ( son_id=14 )  [ RunTime:0.0003s ]
NOTIC: [8] Undefined offset: 0 D:\phpStudy\WWW\stucontrol\App\Home\Controller\IndexController.class.php 第 848 行.
NOTIC: [8] Undefined index: user_student_classnumber D:\phpStudy\WWW\stucontrol\App\Home\Controller\IndexController.class.php 第 783 行.
NOTIC: [8] Undefined index: user_student_classnumber D:\phpStudy\WWW\stucontrol\App\Home\Controller\IndexController.class.php 第 783 行.
SQL: SELECT * FROM `stu_guestbook_comment` WHERE ( son_id=13 )  [ RunTime:0.0003s ]
NOTIC: [8] Undefined offset: 0 D:\phpStudy\WWW\stucontrol\App\Home\Controller\IndexController.class.php 第 848 行.
NOTIC: [8] Undefined index: user_student_classnumber D:\phpStudy\WWW\stucontrol\App\Home\Controller\IndexController.class.php 第 783 行.
NOTIC: [8] Undefined index: user_student_classnumber D:\phpStudy\WWW\stucontrol\App\Home\Controller\IndexController.class.php 第 783 行.
SQL: SELECT * FROM `stu_guestbook_comment` WHERE ( son_id=5 )  [ RunTime:0.0003s ]
NOTIC: [8] Undefined offset: 0 D:\phpStudy\WWW\stucontrol\App\Home\Controller\IndexController.class.php 第 848 行.
NOTIC: [8] Undefined offset: 10 D:\phpStudy\WWW\stucontrol\App\Home\Controller\IndexController.class.php 第 782 行.
SQL: SELECT COUNT(*) AS tp_count FROM `stu_guestbook` LIMIT 1   [ RunTime:0.0160s ]
NOTIC: [8] Undefined index: user_student_classname D:\phpStudy\WWW\stucontrol\App\Home\Controller\IndexController.class.php 第 320 行.
INFO: [ view_parse ] --START--
INFO: [ template_filter ] --START--
INFO: Run Behavior\ContentReplaceBehavior [ RunTime:0.000066s ]
INFO: [ template_filter ] --END-- [ RunTime:0.000130s ]
INFO: Run Behavior\ParseTemplateBehavior [ RunTime:0.014290s ]
INFO: [ view_parse ] --END-- [ RunTime:0.014347s ]
INFO: [ view_filter ] --START--
INFO: Run Behavior\WriteHtmlCacheBehavior [ RunTime:0.000432s ]
INFO: [ view_filter ] --END-- [ RunTime:0.000467s ]
INFO: [ app_end ] --START--
INFO: Run Behavior\ShowPageTraceBehavior [ RunTime:0.000864s ]
INFO: [ app_end ] --END-- [ RunTime:0.000935s ]

[ 2017-01-18T15:34:30+08:00 ] ::1 /stucontrol/Home/Index/get_username.shtml
INFO: [ app_init ] --START--
INFO: Run Behavior\BuildLiteBehavior [ RunTime:0.000021s ]
INFO: [ app_init ] --END-- [ RunTime:0.000693s ]
INFO: [ app_begin ] --START--
INFO: Run Behavior\ReadHtmlCacheBehavior [ RunTime:0.001035s ]
INFO: [ app_begin ] --END-- [ RunTime:0.001119s ]

[ 2017-01-18T15:34:31+08:00 ] ::1 /stucontrol/Home/Index/validate_returncount.shtml
INFO: [ app_init ] --START--
INFO: Run Behavior\BuildLiteBehavior [ RunTime:0.000015s ]
INFO: [ app_init ] --END-- [ RunTime:0.000606s ]
INFO: [ app_begin ] --START--
INFO: Run Behavior\ReadHtmlCacheBehavior [ RunTime:0.000817s ]
INFO: [ app_begin ] --END-- [ RunTime:0.000933s ]
INFO: [ app_end ] --START--
INFO: Run Behavior\ShowPageTraceBehavior [ RunTime:0.001923s ]
INFO: [ app_end ] --END-- [ RunTime:0.002034s ]

[ 2017-01-18T15:50:44+08:00 ] ::1 /stucontrol/Home/Index/guestbook_save.shtml.php
INFO: [ app_init ] --START--
INFO: Run Behavior\BuildLiteBehavior [ RunTime:0.000025s ]
INFO: [ app_init ] --END-- [ RunTime:0.000786s ]
INFO: [ app_begin ] --START--
INFO: Run Behavior\ReadHtmlCacheBehavior [ RunTime:0.000731s ]
INFO: [ app_begin ] --END-- [ RunTime:0.000807s ]
ERR: 非法操作:guestbook_save.shtml.php

[ 2017-01-18T15:51:19+08:00 ] ::1 /stucontrol/Home/Index/guestbook_save.shtml
INFO: [ app_init ] --START--
INFO: Run Behavior\BuildLiteBehavior [ RunTime:0.000017s ]
INFO: [ app_init ] --END-- [ RunTime:0.000662s ]
INFO: [ app_begin ] --START--
INFO: Run Behavior\ReadHtmlCacheBehavior [ RunTime:0.000652s ]
INFO: [ app_begin ] --END-- [ RunTime:0.000698s ]

[ 2017-01-18T15:51:29+08:00 ] ::1 /stucontrol/Home/Index/guestbook.shtml
INFO: [ app_init ] --START--
INFO: Run Behavior\BuildLiteBehavior [ RunTime:0.000014s ]
INFO: [ app_init ] --END-- [ RunTime:0.000550s ]
INFO: [ app_begin ] --START--
INFO: Run Behavior\ReadHtmlCacheBehavior [ RunTime:0.000681s ]
INFO: [ app_begin ] --END-- [ RunTime:0.000728s ]
SQL: SHOW COLUMNS FROM `stu_guestbook` [ RunTime:0.0055s ]
SQL: SELECT * FROM `stu_guestbook` ORDER BY id desc LIMIT 0,10   [ RunTime:0.0004s ]
NOTIC: [8] Undefined index: user_student_classnumber D:\phpStudy\WWW\stucontrol\App\Home\Controller\IndexController.class.php 第 783 行.
NOTIC: [8] Undefined index: user_student_classnumber D:\phpStudy\WWW\stucontrol\App\Home\Controller\IndexController.class.php 第 783 行.
SQL: SHOW COLUMNS FROM `stu_guestbook_comment` [ RunTime:0.0040s ]
SQL: SELECT * FROM `stu_guestbook_comment` WHERE ( son_id=22 )  [ RunTime:0.0004s ]
NOTIC: [8] Undefined index: user_student_classnumber D:\phpStudy\WWW\stucontrol\App\Home\Controller\IndexController.class.php 第 858 行.
NOTIC: [8] Undefined index: user_student_classnumber D:\phpStudy\WWW\stucontrol\App\Home\Controller\IndexController.class.php 第 858 行.
NOTIC: [8] Undefined index: user_student_classnumber D:\phpStudy\WWW\stucontrol\App\Home\Controller\IndexController.class.php 第 858 行.
NOTIC: [8] Undefined index: user_student_classnumber D:\phpStudy\WWW\stucontrol\App\Home\Controller\IndexController.class.php 第 858 行.
NOTIC: [8] Undefined index: user_student_classnumber D:\phpStudy\WWW\stucontrol\App\Home\Controller\IndexController.class.php 第 858 行.
NOTIC: [8] Undefined index: user_student_classnumber D:\phpStudy\WWW\stucontrol\App\Home\Controller\IndexController.class.php 第 858 行.
NOTIC: [8] Undefined offset: 3 D:\phpStudy\WWW\stucontrol\App\Home\Controller\IndexController.class.php 第 848 行.
NOTIC: [8] Undefined index: user_student_classnumber D:\phpStudy\WWW\stucontrol\App\Home\Controller\IndexController.class.php 第 783 行.
NOTIC: [8] Undefined index: user_student_classnumber D:\phpStudy\WWW\stucontrol\App\Home\Controller\IndexController.class.php 第 783 行.
SQL: SELECT * FROM `stu_guestbook_comment` WHERE ( son_id=21 )  [ RunTime:0.0003s ]
NOTIC: [8] Undefined offset: 0 D:\phpStudy\WWW\stucontrol\App\Home\Controller\IndexController.class.php 第 848 行.
NOTIC: [8] Undefined index: user_student_classnumber D:\phpStudy\WWW\stucontrol\App\Home\Controller\IndexController.class.php 第 783 行.
NOTIC: [8] Undefined index: user_student_classnumber D:\phpStudy\WWW\stucontrol\App\Home\Controller\IndexController.class.php 第 783 行.
SQL: SELECT * FROM `stu_guestbook_comment` WHERE ( son_id=20 )  [ RunTime:0.0003s ]
NOTIC: [8] Undefined index: user_student_classnumber D:\phpStudy\WWW\stucontrol\App\Home\Controller\IndexController.class.php 第 858 行.
NOTIC: [8] Undefined index: user_student_classnumber D:\phpStudy\WWW\stucontrol\App\Home\Controller\IndexController.class.php 第 858 行.
NOTIC: [8] Undefined index: user_student_classnumber D:\phpStudy\WWW\stucontrol\App\Home\Controller\IndexController.class.php 第 858 行.
NOTIC: [8] Undefined index: user_student_classnumber D:\phpStudy\WWW\stucontrol\App\Home\Controller\IndexController.class.php 第 858 行.
NOTIC: [8] Undefined offset: 2 D:\phpStudy\WWW\stucontrol\App\Home\Controller\IndexController.class.php 第 848 行.
NOTIC: [8] Undefined index: user_student_classnumber D:\phpStudy\WWW\stucontrol\App\Home\Controller\IndexController.class.php 第 783 行.
NOTIC: [8] Undefined index: user_student_classnumber D:\phpStudy\WWW\stucontrol\App\Home\Controller\IndexController.class.php 第 783 行.
SQL: SELECT * FROM `stu_guestbook_comment` WHERE ( son_id=19 )  [ RunTime:0.0004s ]
NOTIC: [8] Undefined index: user_student_classnumber D:\phpStudy\WWW\stucontrol\App\Home\Controller\IndexController.class.php 第 858 行.
NOTIC: [8] Undefined index: user_student_classnumber D:\phpStudy\WWW\stucontrol\App\Home\Controller\IndexController.class.php 第 858 行.
NOTIC: [8] Undefined offset: 1 D:\phpStudy\WWW\stucontrol\App\Home\Controller\IndexController.class.php 第 848 行.
NOTIC: [8] Undefined index: user_student_classnumber D:\phpStudy\WWW\stucontrol\App\Home\Controller\IndexController.class.php 第 783 行.
NOTIC: [8] Undefined index: user_student_classnumber D:\phpStudy\WWW\stucontrol\App\Home\Controller\IndexController.class.php 第 783 行.
SQL: SELECT * FROM `stu_guestbook_comment` WHERE ( son_id=18 )  [ RunTime:0.0003s ]
NOTIC: [8] Undefined offset: 0 D:\phpStudy\WWW\stucontrol\App\Home\Controller\IndexController.class.php 第 848 行.
NOTIC: [8] Undefined index: user_student_classnumber D:\phpStudy\WWW\stucontrol\App\Home\Controller\IndexController.class.php 第 783 行.
NOTIC: [8] Undefined index: user_student_classnumber D:\phpStudy\WWW\stucontrol\App\Home\Controller\IndexController.class.php 第 783 行.
SQL: SELECT * FROM `stu_guestbook_comment` WHERE ( son_id=16 )  [ RunTime:0.0003s ]
NOTIC: [8] Undefined offset: 0 D:\phpStudy\WWW\stucontrol\App\Home\Controller\IndexController.class.php 第 848 行.
NOTIC: [8] Undefined index: user_student_classnumber D:\phpStudy\WWW\stucontrol\App\Home\Controller\IndexController.class.php 第 783 行.
NOTIC: [8] Undefined index: user_student_classnumber D:\phpStudy\WWW\stucontrol\App\Home\Controller\IndexController.class.php 第 783 行.
SQL: SELECT * FROM `stu_guestbook_comment` WHERE ( son_id=15 )  [ RunTime:0.0003s ]
NOTIC: [8] Undefined offset: 0 D:\phpStudy\WWW\stucontrol\App\Home\Controller\IndexController.class.php 第 848 行.
NOTIC: [8] Undefined index: user_student_classnumber D:\phpStudy\WWW\stucontrol\App\Home\Controller\IndexController.class.php 第 783 行.
NOTIC: [8] Undefined index: user_student_classnumber D:\phpStudy\WWW\stucontrol\App\Home\Controller\IndexController.class.php 第 783 行.
SQL: SELECT * FROM `stu_guestbook_comment` WHERE ( son_id=14 )  [ RunTime:0.0003s ]
NOTIC: [8] Undefined offset: 0 D:\phpStudy\WWW\stucontrol\App\Home\Controller\IndexController.class.php 第 848 行.
NOTIC: [8] Undefined index: user_student_classnumber D:\phpStudy\WWW\stucontrol\App\Home\Controller\IndexController.class.php 第 783 行.
NOTIC: [8] Undefined index: user_student_classnumber D:\phpStudy\WWW\stucontrol\App\Home\Controller\IndexController.class.php 第 783 行.
SQL: SELECT * FROM `stu_guestbook_comment` WHERE ( son_id=13 )  [ RunTime:0.0003s ]
NOTIC: [8] Undefined offset: 0 D:\phpStudy\WWW\stucontrol\App\Home\Controller\IndexController.class.php 第 848 行.
NOTIC: [8] Undefined index: user_student_classnumber D:\phpStudy\WWW\stucontrol\App\Home\Controller\IndexController.class.php 第 783 行.
NOTIC: [8] Undefined index: user_student_classnumber D:\phpStudy\WWW\stucontrol\App\Home\Controller\IndexController.class.php 第 783 行.
SQL: SELECT * FROM `stu_guestbook_comment` WHERE ( son_id=5 )  [ RunTime:0.0003s ]
NOTIC: [8] Undefined offset: 0 D:\phpStudy\WWW\stucontrol\App\Home\Controller\IndexController.class.php 第 848 行.
NOTIC: [8] Undefined offset: 10 D:\phpStudy\WWW\stucontrol\App\Home\Controller\IndexController.class.php 第 782 行.
SQL: SELECT COUNT(*) AS tp_count FROM `stu_guestbook` LIMIT 1   [ RunTime:0.0003s ]
NOTIC: [8] Undefined index: user_student_classname D:\phpStudy\WWW\stucontrol\App\Home\Controller\IndexController.class.php 第 320 行.
INFO: [ view_parse ] --START--
INFO: [ template_filter ] --START--
INFO: Run Behavior\ContentReplaceBehavior [ RunTime:0.000079s ]
INFO: [ template_filter ] --END-- [ RunTime:0.000148s ]
INFO: Run Behavior\ParseTemplateBehavior [ RunTime:0.015737s ]
INFO: [ view_parse ] --END-- [ RunTime:0.015819s ]
INFO: [ view_filter ] --START--
INFO: Run Behavior\WriteHtmlCacheBehavior [ RunTime:0.000507s ]
INFO: [ view_filter ] --END-- [ RunTime:0.000601s ]
INFO: [ app_end ] --START--
INFO: Run Behavior\ShowPageTraceBehavior [ RunTime:0.000894s ]
INFO: [ app_end ] --END-- [ RunTime:0.000943s ]

[ 2017-01-18T15:51:29+08:00 ] ::1 /stucontrol/Home/Index/validate_returncount.shtml
INFO: [ app_init ] --START--
INFO: Run Behavior\BuildLiteBehavior [ RunTime:0.000022s ]
INFO: [ app_init ] --END-- [ RunTime:0.000750s ]
INFO: [ app_begin ] --START--
INFO: Run Behavior\ReadHtmlCacheBehavior [ RunTime:0.000852s ]
INFO: [ app_begin ] --END-- [ RunTime:0.000924s ]
INFO: [ app_end ] --START--
INFO: Run Behavior\ShowPageTraceBehavior [ RunTime:0.001210s ]
INFO: [ app_end ] --END-- [ RunTime:0.001308s ]

[ 2017-01-18T15:51:29+08:00 ] ::1 /stucontrol/Home/Index/get_username.shtml
INFO: [ app_init ] --START--
INFO: Run Behavior\BuildLiteBehavior [ RunTime:0.000022s ]
INFO: [ app_init ] --END-- [ RunTime:0.000750s ]
INFO: [ app_begin ] --START--
INFO: Run Behavior\ReadHtmlCacheBehavior [ RunTime:0.001012s ]
INFO: [ app_begin ] --END-- [ RunTime:0.001110s ]

[ 2017-01-18T15:51:48+08:00 ] ::1 /stucontrol/Home/Index/get_username.shtml
INFO: [ app_init ] --START--
INFO: Run Behavior\BuildLiteBehavior [ RunTime:0.000024s ]
INFO: [ app_init ] --END-- [ RunTime:0.000857s ]
INFO: [ app_begin ] --START--
INFO: Run Behavior\ReadHtmlCacheBehavior [ RunTime:0.000991s ]
INFO: [ app_begin ] --END-- [ RunTime:0.001155s ]

[ 2017-01-18T15:51:48+08:00 ] ::1 /stucontrol/Home/Index/validate_returncount.shtml
INFO: [ app_init ] --START--
INFO: Run Behavior\BuildLiteBehavior [ RunTime:0.000020s ]
INFO: [ app_init ] --END-- [ RunTime:0.000651s ]
INFO: [ app_begin ] --START--
INFO: Run Behavior\ReadHtmlCacheBehavior [ RunTime:0.000655s ]
INFO: [ app_begin ] --END-- [ RunTime:0.000716s ]
INFO: [ app_end ] --START--
INFO: Run Behavior\ShowPageTraceBehavior [ RunTime:0.000683s ]
INFO: [ app_end ] --END-- [ RunTime:0.000739s ]

[ 2017-01-18T15:51:51+08:00 ] ::1 /stucontrol/Home/Index/admin.shtml
INFO: [ app_init ] --START--
INFO: Run Behavior\BuildLiteBehavior [ RunTime:0.000027s ]
INFO: [ app_init ] --END-- [ RunTime:0.001060s ]
INFO: [ app_begin ] --START--
INFO: Run Behavior\ReadHtmlCacheBehavior [ RunTime:0.000942s ]
INFO: [ app_begin ] --END-- [ RunTime:0.001092s ]
INFO: [ view_parse ] --START--
INFO: [ template_filter ] --START--
INFO: Run Behavior\ContentReplaceBehavior [ RunTime:0.000062s ]
INFO: [ template_filter ] --END-- [ RunTime:0.000109s ]
INFO: Run Behavior\ParseTemplateBehavior [ RunTime:0.026367s ]
INFO: [ view_parse ] --END-- [ RunTime:0.026420s ]
INFO: [ view_filter ] --START--
INFO: Run Behavior\WriteHtmlCacheBehavior [ RunTime:0.000504s ]
INFO: [ view_filter ] --END-- [ RunTime:0.000538s ]
INFO: [ app_end ] --START--
INFO: Run Behavior\ShowPageTraceBehavior [ RunTime:0.000789s ]
INFO: [ app_end ] --END-- [ RunTime:0.000827s ]

[ 2017-01-18T15:51:57+08:00 ] ::1 /stucontrol/Home/Index/validate_handle.shtml
INFO: [ app_init ] --START--
INFO: Run Behavior\BuildLiteBehavior [ RunTime:0.000016s ]
INFO: [ app_init ] --END-- [ RunTime:0.000538s ]
INFO: [ app_begin ] --START--
INFO: Run Behavior\ReadHtmlCacheBehavior [ RunTime:0.000598s ]
INFO: [ app_begin ] --END-- [ RunTime:0.000646s ]
INFO: [ app_end ] --START--
INFO: Run Behavior\ShowPageTraceBehavior [ RunTime:0.000711s ]
INFO: [ app_end ] --END-- [ RunTime:0.000819s ]

[ 2017-01-18T15:52:10+08:00 ] ::1 /stucontrol/Home/Index/validate_handle.shtml
INFO: [ app_init ] --START--
INFO: Run Behavior\BuildLiteBehavior [ RunTime:0.000014s ]
INFO: [ app_init ] --END-- [ RunTime:0.000604s ]
INFO: [ app_begin ] --START--
INFO: Run Behavior\ReadHtmlCacheBehavior [ RunTime:0.000747s ]
INFO: [ app_begin ] --END-- [ RunTime:0.000790s ]
INFO: [ app_end ] --START--
INFO: Run Behavior\ShowPageTraceBehavior [ RunTime:0.000682s ]
INFO: [ app_end ] --END-- [ RunTime:0.000783s ]

[ 2017-01-18T15:52:10+08:00 ] ::1 /stucontrol/Home/Index/admin_log_student.shtml
INFO: [ app_init ] --START--
INFO: Run Behavior\BuildLiteBehavior [ RunTime:0.000014s ]
INFO: [ app_init ] --END-- [ RunTime:0.000485s ]
INFO: [ app_begin ] --START--
INFO: Run Behavior\ReadHtmlCacheBehavior [ RunTime:0.000608s ]
INFO: [ app_begin ] --END-- [ RunTime:0.000649s ]
SQL: SHOW COLUMNS FROM `stu_user` [ RunTime:0.0353s ]
SQL: SELECT * FROM `stu_user`  [ RunTime:0.0004s ]
INFO: [ app_end ] --START--
INFO: Run Behavior\ShowPageTraceBehavior [ RunTime:0.000911s ]
INFO: [ app_end ] --END-- [ RunTime:0.001003s ]

[ 2017-01-18T15:52:10+08:00 ] ::1 /stucontrol/Home/Index/index.shtml
INFO: [ app_init ] --START--
INFO: Run Behavior\BuildLiteBehavior [ RunTime:0.000017s ]
INFO: [ app_init ] --END-- [ RunTime:0.000542s ]
INFO: [ app_begin ] --START--
INFO: Run Behavior\ReadHtmlCacheBehavior [ RunTime:0.000638s ]
INFO: [ app_begin ] --END-- [ RunTime:0.000711s ]
SQL: SHOW COLUMNS FROM `stu_information` [ RunTime:0.0044s ]
SQL: SELECT * FROM `stu_information` ORDER BY id desc LIMIT 0,8   [ RunTime:0.0004s ]
NOTIC: [8] Undefined offset: 8 D:\phpStudy\WWW\stucontrol\App\Home\Controller\IndexController.class.php 第 1031 行.
SQL: SELECT `title`,`id`,`kind` FROM `stu_information` ORDER BY id desc  [ RunTime:0.0004s ]
SQL: SELECT `title`,`id`,`kind` FROM `stu_information` ORDER BY id desc  [ RunTime:0.0004s ]
NOTIC: [8] Undefined offset: 10 D:\phpStudy\WWW\stucontrol\App\Home\Controller\IndexController.class.php 第 602 行.
SQL: SHOW COLUMNS FROM `stu_dorm` [ RunTime:0.0048s ]
SQL: SELECT `dorm`,`id`,`reportdate` FROM `stu_dorm` ORDER BY id desc LIMIT 0,5   [ RunTime:0.0003s ]
NOTIC: [8] Undefined offset: 1 D:\phpStudy\WWW\stucontrol\App\Home\Controller\IndexController.class.php 第 634 行.
NOTIC: [2] Missing argument 1 for Think\Controller::show(), called in D:\phpStudy\WWW\stucontrol\App\Home\Controller\IndexController.class.php on line 21 and defined D:\phpStudy\WWW\stucontrol\ThinkPHP\Library\Think\Controller.class.php 第 68 行.
NOTIC: [8] Undefined variable: content D:\phpStudy\WWW\stucontrol\ThinkPHP\Library\Think\Controller.class.php 第 69 行.
INFO: [ view_parse ] --START--
INFO: [ template_filter ] --START--
INFO: Run Behavior\ContentReplaceBehavior [ RunTime:0.000103s ]
INFO: [ template_filter ] --END-- [ RunTime:0.000153s ]
INFO: Run Behavior\ParseTemplateBehavior [ RunTime:0.008101s ]
INFO: [ view_parse ] --END-- [ RunTime:0.008163s ]
INFO: [ view_filter ] --START--
INFO: Run Behavior\WriteHtmlCacheBehavior [ RunTime:0.000422s ]
INFO: [ view_filter ] --END-- [ RunTime:0.000462s ]
INFO: [ app_end ] --START--
INFO: Run Behavior\ShowPageTraceBehavior [ RunTime:0.000870s ]
INFO: [ app_end ] --END-- [ RunTime:0.000928s ]

[ 2017-01-18T15:52:15+08:00 ] ::1 /stucontrol/Home/Index/guestbook.shtml
INFO: [ app_init ] --START--
INFO: Run Behavior\BuildLiteBehavior [ RunTime:0.000014s ]
INFO: [ app_init ] --END-- [ RunTime:0.000567s ]
INFO: [ app_begin ] --START--
INFO: Run Behavior\ReadHtmlCacheBehavior [ RunTime:0.000602s ]
INFO: [ app_begin ] --END-- [ RunTime:0.000659s ]
SQL: SHOW COLUMNS FROM `stu_guestbook` [ RunTime:0.0049s ]
SQL: SELECT * FROM `stu_guestbook` ORDER BY id desc LIMIT 0,10   [ RunTime:0.0005s ]
SQL: SHOW COLUMNS FROM `stu_guestbook_comment` [ RunTime:0.0048s ]
SQL: SELECT * FROM `stu_guestbook_comment` WHERE ( son_id=22 )  [ RunTime:0.0005s ]
NOTIC: [8] Undefined offset: 3 D:\phpStudy\WWW\stucontrol\App\Home\Controller\IndexController.class.php 第 848 行.
SQL: SELECT * FROM `stu_guestbook_comment` WHERE ( son_id=21 )  [ RunTime:0.0003s ]
NOTIC: [8] Undefined offset: 0 D:\phpStudy\WWW\stucontrol\App\Home\Controller\IndexController.class.php 第 848 行.
SQL: SELECT * FROM `stu_guestbook_comment` WHERE ( son_id=20 )  [ RunTime:0.0003s ]
NOTIC: [8] Undefined offset: 2 D:\phpStudy\WWW\stucontrol\App\Home\Controller\IndexController.class.php 第 848 行.
SQL: SELECT * FROM `stu_guestbook_comment` WHERE ( son_id=19 )  [ RunTime:0.0003s ]
NOTIC: [8] Undefined offset: 1 D:\phpStudy\WWW\stucontrol\App\Home\Controller\IndexController.class.php 第 848 行.
SQL: SELECT * FROM `stu_guestbook_comment` WHERE ( son_id=18 )  [ RunTime:0.0003s ]
NOTIC: [8] Undefined offset: 0 D:\phpStudy\WWW\stucontrol\App\Home\Controller\IndexController.class.php 第 848 行.
SQL: SELECT * FROM `stu_guestbook_comment` WHERE ( son_id=16 )  [ RunTime:0.0003s ]
NOTIC: [8] Undefined offset: 0 D:\phpStudy\WWW\stucontrol\App\Home\Controller\IndexController.class.php 第 848 行.
SQL: SELECT * FROM `stu_guestbook_comment` WHERE ( son_id=15 )  [ RunTime:0.0004s ]
NOTIC: [8] Undefined offset: 0 D:\phpStudy\WWW\stucontrol\App\Home\Controller\IndexController.class.php 第 848 行.
SQL: SELECT * FROM `stu_guestbook_comment` WHERE ( son_id=14 )  [ RunTime:0.0003s ]
NOTIC: [8] Undefined offset: 0 D:\phpStudy\WWW\stucontrol\App\Home\Controller\IndexController.class.php 第 848 行.
SQL: SELECT * FROM `stu_guestbook_comment` WHERE ( son_id=13 )  [ RunTime:0.0003s ]
NOTIC: [8] Undefined offset: 0 D:\phpStudy\WWW\stucontrol\App\Home\Controller\IndexController.class.php 第 848 行.
SQL: SELECT * FROM `stu_guestbook_comment` WHERE ( son_id=5 )  [ RunTime:0.0003s ]
NOTIC: [8] Undefined offset: 0 D:\phpStudy\WWW\stucontrol\App\Home\Controller\IndexController.class.php 第 848 行.
NOTIC: [8] Undefined offset: 10 D:\phpStudy\WWW\stucontrol\App\Home\Controller\IndexController.class.php 第 782 行.
SQL: SELECT COUNT(*) AS tp_count FROM `stu_guestbook` LIMIT 1   [ RunTime:0.0003s ]
INFO: [ view_parse ] --START--
INFO: [ template_filter ] --START--
INFO: Run Behavior\ContentReplaceBehavior [ RunTime:0.000059s ]
INFO: [ template_filter ] --END-- [ RunTime:0.000124s ]
INFO: Run Behavior\ParseTemplateBehavior [ RunTime:0.007305s ]
INFO: [ view_parse ] --END-- [ RunTime:0.007348s ]
INFO: [ view_filter ] --START--
INFO: Run Behavior\WriteHtmlCacheBehavior [ RunTime:0.000343s ]
INFO: [ view_filter ] --END-- [ RunTime:0.000379s ]
INFO: [ app_end ] --START--
INFO: Run Behavior\ShowPageTraceBehavior [ RunTime:0.000795s ]
INFO: [ app_end ] --END-- [ RunTime:0.000873s ]

[ 2017-01-18T15:52:15+08:00 ] ::1 /stucontrol/Home/Index/get_username.shtml
INFO: [ app_init ] --START--
INFO: Run Behavior\BuildLiteBehavior [ RunTime:0.000026s ]
INFO: [ app_init ] --END-- [ RunTime:0.000825s ]
INFO: [ app_begin ] --START--
INFO: Run Behavior\ReadHtmlCacheBehavior [ RunTime:0.001058s ]
INFO: [ app_begin ] --END-- [ RunTime:0.001166s ]
INFO: [ app_end ] --START--
INFO: Run Behavior\ShowPageTraceBehavior [ RunTime:0.001707s ]
INFO: [ app_end ] --END-- [ RunTime:0.001813s ]

[ 2017-01-18T15:52:15+08:00 ] ::1 /stucontrol/Home/Index/validate_returncount.shtml
INFO: [ app_init ] --START--
INFO: Run Behavior\BuildLiteBehavior [ RunTime:0.000024s ]
INFO: [ app_init ] --END-- [ RunTime:0.000847s ]
INFO: [ app_begin ] --START--
INFO: Run Behavior\ReadHtmlCacheBehavior [ RunTime:0.001116s ]
INFO: [ app_begin ] --END-- [ RunTime:0.001210s ]
INFO: [ app_end ] --START--
INFO: Run Behavior\ShowPageTraceBehavior [ RunTime:0.010892s ]
INFO: [ app_end ] --END-- [ RunTime:0.011027s ]

[ 2017-01-18T15:52:18+08:00 ] ::1 /stucontrol/Home/Index/guestbook_save.shtml
INFO: [ app_init ] --START--
INFO: Run Behavior\BuildLiteBehavior [ RunTime:0.000019s ]
INFO: [ app_init ] --END-- [ RunTime:0.000506s ]
INFO: [ app_begin ] --START--
INFO: Run Behavior\ReadHtmlCacheBehavior [ RunTime:0.000589s ]
INFO: [ app_begin ] --END-- [ RunTime:0.000640s ]

[ 2017-01-18T15:52:21+08:00 ] ::1 /stucontrol/Home/Index/guestbook.shtml
INFO: [ app_init ] --START--
INFO: Run Behavior\BuildLiteBehavior [ RunTime:0.000018s ]
INFO: [ app_init ] --END-- [ RunTime:0.000536s ]
INFO: [ app_begin ] --START--
INFO: Run Behavior\ReadHtmlCacheBehavior [ RunTime:0.000840s ]
INFO: [ app_begin ] --END-- [ RunTime:0.000899s ]
SQL: SHOW COLUMNS FROM `stu_guestbook` [ RunTime:0.0039s ]
SQL: SELECT * FROM `stu_guestbook` ORDER BY id desc LIMIT 0,10   [ RunTime:0.0004s ]
SQL: SHOW COLUMNS FROM `stu_guestbook_comment` [ RunTime:0.0046s ]
SQL: SELECT * FROM `stu_guestbook_comment` WHERE ( son_id=22 )  [ RunTime:0.0003s ]
NOTIC: [8] Undefined offset: 3 D:\phpStudy\WWW\stucontrol\App\Home\Controller\IndexController.class.php 第 848 行.
SQL: SELECT * FROM `stu_guestbook_comment` WHERE ( son_id=21 )  [ RunTime:0.0003s ]
NOTIC: [8] Undefined offset: 0 D:\phpStudy\WWW\stucontrol\App\Home\Controller\IndexController.class.php 第 848 行.
SQL: SELECT * FROM `stu_guestbook_comment` WHERE ( son_id=20 )  [ RunTime:0.0003s ]
NOTIC: [8] Undefined offset: 2 D:\phpStudy\WWW\stucontrol\App\Home\Controller\IndexController.class.php 第 848 行.
SQL: SELECT * FROM `stu_guestbook_comment` WHERE ( son_id=19 )  [ RunTime:0.0003s ]
NOTIC: [8] Undefined offset: 1 D:\phpStudy\WWW\stucontrol\App\Home\Controller\IndexController.class.php 第 848 行.
SQL: SELECT * FROM `stu_guestbook_comment` WHERE ( son_id=18 )  [ RunTime:0.0003s ]
NOTIC: [8] Undefined offset: 0 D:\phpStudy\WWW\stucontrol\App\Home\Controller\IndexController.class.php 第 848 行.
SQL: SELECT * FROM `stu_guestbook_comment` WHERE ( son_id=16 )  [ RunTime:0.0003s ]
NOTIC: [8] Undefined offset: 0 D:\phpStudy\WWW\stucontrol\App\Home\Controller\IndexController.class.php 第 848 行.
SQL: SELECT * FROM `stu_guestbook_comment` WHERE ( son_id=15 )  [ RunTime:0.0003s ]
NOTIC: [8] Undefined offset: 0 D:\phpStudy\WWW\stucontrol\App\Home\Controller\IndexController.class.php 第 848 行.
SQL: SELECT * FROM `stu_guestbook_comment` WHERE ( son_id=14 )  [ RunTime:0.0004s ]
NOTIC: [8] Undefined offset: 0 D:\phpStudy\WWW\stucontrol\App\Home\Controller\IndexController.class.php 第 848 行.
SQL: SELECT * FROM `stu_guestbook_comment` WHERE ( son_id=13 )  [ RunTime:0.0004s ]
NOTIC: [8] Undefined offset: 0 D:\phpStudy\WWW\stucontrol\App\Home\Controller\IndexController.class.php 第 848 行.
SQL: SELECT * FROM `stu_guestbook_comment` WHERE ( son_id=5 )  [ RunTime:0.0003s ]
NOTIC: [8] Undefined offset: 0 D:\phpStudy\WWW\stucontrol\App\Home\Controller\IndexController.class.php 第 848 行.
NOTIC: [8] Undefined offset: 10 D:\phpStudy\WWW\stucontrol\App\Home\Controller\IndexController.class.php 第 782 行.
SQL: SELECT COUNT(*) AS tp_count FROM `stu_guestbook` LIMIT 1   [ RunTime:0.0003s ]
INFO: [ view_parse ] --START--
INFO: [ template_filter ] --START--
INFO: Run Behavior\ContentReplaceBehavior [ RunTime:0.000097s ]
INFO: [ template_filter ] --END-- [ RunTime:0.000183s ]
INFO: Run Behavior\ParseTemplateBehavior [ RunTime:0.007096s ]
INFO: [ view_parse ] --END-- [ RunTime:0.007138s ]
INFO: [ view_filter ] --START--
INFO: Run Behavior\WriteHtmlCacheBehavior [ RunTime:0.000408s ]
INFO: [ view_filter ] --END-- [ RunTime:0.000444s ]
INFO: [ app_end ] --START--
INFO: Run Behavior\ShowPageTraceBehavior [ RunTime:0.000832s ]
INFO: [ app_end ] --END-- [ RunTime:0.000902s ]

[ 2017-01-18T15:52:21+08:00 ] ::1 /stucontrol/Home/Index/get_username.shtml
INFO: [ app_init ] --START--
INFO: Run Behavior\BuildLiteBehavior [ RunTime:0.000030s ]
INFO: [ app_init ] --END-- [ RunTime:0.000767s ]
INFO: [ app_begin ] --START--
INFO: Run Behavior\ReadHtmlCacheBehavior [ RunTime:0.001045s ]
INFO: [ app_begin ] --END-- [ RunTime:0.001134s ]
INFO: [ app_end ] --START--
INFO: Run Behavior\ShowPageTraceBehavior [ RunTime:0.001304s ]
INFO: [ app_end ] --END-- [ RunTime:0.001403s ]

[ 2017-01-18T15:52:21+08:00 ] ::1 /stucontrol/Home/Index/validate_returncount.shtml
INFO: [ app_init ] --START--
INFO: Run Behavior\BuildLiteBehavior [ RunTime:0.000051s ]
INFO: [ app_init ] --END-- [ RunTime:0.000823s ]
INFO: [ app_begin ] --START--
INFO: Run Behavior\ReadHtmlCacheBehavior [ RunTime:0.001013s ]
INFO: [ app_begin ] --END-- [ RunTime:0.001112s ]
INFO: [ app_end ] --START--
INFO: Run Behavior\ShowPageTraceBehavior [ RunTime:0.001367s ]
INFO: [ app_end ] --END-- [ RunTime:0.001507s ]

[ 2017-01-18T15:52:30+08:00 ] ::1 /stucontrol/Home/Index/guestbook_save.shtml
INFO: [ app_init ] --START--
INFO: Run Behavior\BuildLiteBehavior [ RunTime:0.000038s ]
INFO: [ app_init ] --END-- [ RunTime:0.000711s ]
INFO: [ app_begin ] --START--
INFO: Run Behavior\ReadHtmlCacheBehavior [ RunTime:0.000734s ]
INFO: [ app_begin ] --END-- [ RunTime:0.000819s ]

[ 2017-01-18T15:52:34+08:00 ] ::1 /stucontrol/Home/Index/guestbook.shtml
INFO: [ app_init ] --START--
INFO: Run Behavior\BuildLiteBehavior [ RunTime:0.000014s ]
INFO: [ app_init ] --END-- [ RunTime:0.000511s ]
INFO: [ app_begin ] --START--
INFO: Run Behavior\ReadHtmlCacheBehavior [ RunTime:0.000639s ]
INFO: [ app_begin ] --END-- [ RunTime:0.000683s ]
SQL: SHOW COLUMNS FROM `stu_guestbook` [ RunTime:0.0047s ]
SQL: SELECT * FROM `stu_guestbook` ORDER BY id desc LIMIT 0,10   [ RunTime:0.0004s ]
SQL: SHOW COLUMNS FROM `stu_guestbook_comment` [ RunTime:0.0051s ]
SQL: SELECT * FROM `stu_guestbook_comment` WHERE ( son_id=22 )  [ RunTime:0.0003s ]
NOTIC: [8] Undefined offset: 3 D:\phpStudy\WWW\stucontrol\App\Home\Controller\IndexController.class.php 第 848 行.
SQL: SELECT * FROM `stu_guestbook_comment` WHERE ( son_id=21 )  [ RunTime:0.0003s ]
NOTIC: [8] Undefined offset: 0 D:\phpStudy\WWW\stucontrol\App\Home\Controller\IndexController.class.php 第 848 行.
SQL: SELECT * FROM `stu_guestbook_comment` WHERE ( son_id=20 )  [ RunTime:0.0003s ]
NOTIC: [8] Undefined offset: 2 D:\phpStudy\WWW\stucontrol\App\Home\Controller\IndexController.class.php 第 848 行.
SQL: SELECT * FROM `stu_guestbook_comment` WHERE ( son_id=19 )  [ RunTime:0.0005s ]
NOTIC: [8] Undefined offset: 1 D:\phpStudy\WWW\stucontrol\App\Home\Controller\IndexController.class.php 第 848 行.
SQL: SELECT * FROM `stu_guestbook_comment` WHERE ( son_id=18 )  [ RunTime:0.0004s ]
NOTIC: [8] Undefined offset: 0 D:\phpStudy\WWW\stucontrol\App\Home\Controller\IndexController.class.php 第 848 行.
SQL: SELECT * FROM `stu_guestbook_comment` WHERE ( son_id=16 )  [ RunTime:0.0003s ]
NOTIC: [8] Undefined offset: 0 D:\phpStudy\WWW\stucontrol\App\Home\Controller\IndexController.class.php 第 848 行.
SQL: SELECT * FROM `stu_guestbook_comment` WHERE ( son_id=15 )  [ RunTime:0.0003s ]
NOTIC: [8] Undefined offset: 0 D:\phpStudy\WWW\stucontrol\App\Home\Controller\IndexController.class.php 第 848 行.
SQL: SELECT * FROM `stu_guestbook_comment` WHERE ( son_id=14 )  [ RunTime:0.0003s ]
NOTIC: [8] Undefined offset: 0 D:\phpStudy\WWW\stucontrol\App\Home\Controller\IndexController.class.php 第 848 行.
SQL: SELECT * FROM `stu_guestbook_comment` WHERE ( son_id=13 )  [ RunTime:0.0003s ]
NOTIC: [8] Undefined offset: 0 D:\phpStudy\WWW\stucontrol\App\Home\Controller\IndexController.class.php 第 848 行.
SQL: SELECT * FROM `stu_guestbook_comment` WHERE ( son_id=5 )  [ RunTime:0.0003s ]
NOTIC: [8] Undefined offset: 0 D:\phpStudy\WWW\stucontrol\App\Home\Controller\IndexController.class.php 第 848 行.
NOTIC: [8] Undefined offset: 10 D:\phpStudy\WWW\stucontrol\App\Home\Controller\IndexController.class.php 第 782 行.
SQL: SELECT COUNT(*) AS tp_count FROM `stu_guestbook` LIMIT 1   [ RunTime:0.0003s ]
INFO: [ view_parse ] --START--
INFO: [ template_filter ] --START--
INFO: Run Behavior\ContentReplaceBehavior [ RunTime:0.000065s ]
INFO: [ template_filter ] --END-- [ RunTime:0.000185s ]
INFO: Run Behavior\ParseTemplateBehavior [ RunTime:0.016209s ]
INFO: [ view_parse ] --END-- [ RunTime:0.016256s ]
INFO: [ view_filter ] --START--
INFO: Run Behavior\WriteHtmlCacheBehavior [ RunTime:0.000446s ]
INFO: [ view_filter ] --END-- [ RunTime:0.000490s ]
INFO: [ app_end ] --START--
INFO: Run Behavior\ShowPageTraceBehavior [ RunTime:0.000770s ]
INFO: [ app_end ] --END-- [ RunTime:0.000855s ]

[ 2017-01-18T15:52:34+08:00 ] ::1 /stucontrol/Home/Index/get_username.shtml
INFO: [ app_init ] --START--
INFO: Run Behavior\BuildLiteBehavior [ RunTime:0.000025s ]
INFO: [ app_init ] --END-- [ RunTime:0.001057s ]
INFO: [ app_begin ] --START--
INFO: Run Behavior\ReadHtmlCacheBehavior [ RunTime:0.001049s ]
INFO: [ app_begin ] --END-- [ RunTime:0.001151s ]
INFO: [ app_end ] --START--
INFO: Run Behavior\ShowPageTraceBehavior [ RunTime:0.004081s ]
INFO: [ app_end ] --END-- [ RunTime:0.004291s ]

[ 2017-01-18T15:52:34+08:00 ] ::1 /stucontrol/Home/Index/validate_returncount.shtml
INFO: [ app_init ] --START--
INFO: Run Behavior\BuildLiteBehavior [ RunTime:0.000029s ]
INFO: [ app_init ] --END-- [ RunTime:0.000930s ]
INFO: [ app_begin ] --START--
INFO: Run Behavior\ReadHtmlCacheBehavior [ RunTime:0.001305s ]
INFO: [ app_begin ] --END-- [ RunTime:0.001555s ]
INFO: [ app_end ] --START--
INFO: Run Behavior\ShowPageTraceBehavior [ RunTime:0.002131s ]
INFO: [ app_end ] --END-- [ RunTime:0.002356s ]

[ 2017-01-18T15:52:35+08:00 ] ::1 /stucontrol/Home/Index/guestbook.shtml
INFO: [ app_init ] --START--
INFO: Run Behavior\BuildLiteBehavior [ RunTime:0.000016s ]
INFO: [ app_init ] --END-- [ RunTime:0.000503s ]
INFO: [ app_begin ] --START--
INFO: Run Behavior\ReadHtmlCacheBehavior [ RunTime:0.000568s ]
INFO: [ app_begin ] --END-- [ RunTime:0.000619s ]
SQL: SHOW COLUMNS FROM `stu_guestbook` [ RunTime:0.0045s ]
SQL: SELECT * FROM `stu_guestbook` ORDER BY id desc LIMIT 0,10   [ RunTime:0.0004s ]
SQL: SHOW COLUMNS FROM `stu_guestbook_comment` [ RunTime:0.0038s ]
SQL: SELECT * FROM `stu_guestbook_comment` WHERE ( son_id=22 )  [ RunTime:0.0181s ]
NOTIC: [8] Undefined offset: 3 D:\phpStudy\WWW\stucontrol\App\Home\Controller\IndexController.class.php 第 848 行.
SQL: SELECT * FROM `stu_guestbook_comment` WHERE ( son_id=21 )  [ RunTime:0.0005s ]
NOTIC: [8] Undefined offset: 0 D:\phpStudy\WWW\stucontrol\App\Home\Controller\IndexController.class.php 第 848 行.
SQL: SELECT * FROM `stu_guestbook_comment` WHERE ( son_id=20 )  [ RunTime:0.0007s ]
NOTIC: [8] Undefined offset: 2 D:\phpStudy\WWW\stucontrol\App\Home\Controller\IndexController.class.php 第 848 行.
SQL: SELECT * FROM `stu_guestbook_comment` WHERE ( son_id=19 )  [ RunTime:0.0003s ]
NOTIC: [8] Undefined offset: 1 D:\phpStudy\WWW\stucontrol\App\Home\Controller\IndexController.class.php 第 848 行.
SQL: SELECT * FROM `stu_guestbook_comment` WHERE ( son_id=18 )  [ RunTime:0.0003s ]
NOTIC: [8] Undefined offset: 0 D:\phpStudy\WWW\stucontrol\App\Home\Controller\IndexController.class.php 第 848 行.
SQL: SELECT * FROM `stu_guestbook_comment` WHERE ( son_id=16 )  [ RunTime:0.0004s ]
NOTIC: [8] Undefined offset: 0 D:\phpStudy\WWW\stucontrol\App\Home\Controller\IndexController.class.php 第 848 行.
SQL: SELECT * FROM `stu_guestbook_comment` WHERE ( son_id=15 )  [ RunTime:0.0004s ]
NOTIC: [8] Undefined offset: 0 D:\phpStudy\WWW\stucontrol\App\Home\Controller\IndexController.class.php 第 848 行.
SQL: SELECT * FROM `stu_guestbook_comment` WHERE ( son_id=14 )  [ RunTime:0.0004s ]
NOTIC: [8] Undefined offset: 0 D:\phpStudy\WWW\stucontrol\App\Home\Controller\IndexController.class.php 第 848 行.
SQL: SELECT * FROM `stu_guestbook_comment` WHERE ( son_id=13 )  [ RunTime:0.0003s ]
NOTIC: [8] Undefined offset: 0 D:\phpStudy\WWW\stucontrol\App\Home\Controller\IndexController.class.php 第 848 行.
SQL: SELECT * FROM `stu_guestbook_comment` WHERE ( son_id=5 )  [ RunTime:0.0003s ]
NOTIC: [8] Undefined offset: 0 D:\phpStudy\WWW\stucontrol\App\Home\Controller\IndexController.class.php 第 848 行.
NOTIC: [8] Undefined offset: 10 D:\phpStudy\WWW\stucontrol\App\Home\Controller\IndexController.class.php 第 782 行.
SQL: SELECT COUNT(*) AS tp_count FROM `stu_guestbook` LIMIT 1   [ RunTime:0.0003s ]
INFO: [ view_parse ] --START--
INFO: [ template_filter ] --START--
INFO: Run Behavior\ContentReplaceBehavior [ RunTime:0.000069s ]
INFO: [ template_filter ] --END-- [ RunTime:0.000124s ]
INFO: Run Behavior\ParseTemplateBehavior [ RunTime:0.016492s ]
INFO: [ view_parse ] --END-- [ RunTime:0.016540s ]
INFO: [ view_filter ] --START--
INFO: Run Behavior\WriteHtmlCacheBehavior [ RunTime:0.000558s ]
INFO: [ view_filter ] --END-- [ RunTime:0.000606s ]
INFO: [ app_end ] --START--
INFO: Run Behavior\ShowPageTraceBehavior [ RunTime:0.000859s ]
INFO: [ app_end ] --END-- [ RunTime:0.000924s ]

[ 2017-01-18T15:52:35+08:00 ] ::1 /stucontrol/Home/Index/get_username.shtml
INFO: [ app_init ] --START--
INFO: Run Behavior\BuildLiteBehavior [ RunTime:0.000032s ]
INFO: [ app_init ] --END-- [ RunTime:0.000795s ]
INFO: [ app_begin ] --START--
INFO: Run Behavior\ReadHtmlCacheBehavior [ RunTime:0.000958s ]
INFO: [ app_begin ] --END-- [ RunTime:0.001043s ]
INFO: [ app_end ] --START--
INFO: Run Behavior\ShowPageTraceBehavior [ RunTime:0.001140s ]
INFO: [ app_end ] --END-- [ RunTime:0.001244s ]

[ 2017-01-18T15:52:35+08:00 ] ::1 /stucontrol/Home/Index/validate_returncount.shtml
INFO: [ app_init ] --START--
INFO: Run Behavior\BuildLiteBehavior [ RunTime:0.000025s ]
INFO: [ app_init ] --END-- [ RunTime:0.001233s ]
INFO: [ app_begin ] --START--
INFO: Run Behavior\ReadHtmlCacheBehavior [ RunTime:0.001071s ]
INFO: [ app_begin ] --END-- [ RunTime:0.001173s ]
INFO: [ app_end ] --START--
INFO: Run Behavior\ShowPageTraceBehavior [ RunTime:0.003426s ]
INFO: [ app_end ] --END-- [ RunTime:0.003655s ]

[ 2017-01-18T15:52:36+08:00 ] ::1 /stucontrol/Home/Index/guestbook.shtml
INFO: [ app_init ] --START--
INFO: Run Behavior\BuildLiteBehavior [ RunTime:0.000033s ]
INFO: [ app_init ] --END-- [ RunTime:0.000661s ]
INFO: [ app_begin ] --START--
INFO: Run Behavior\ReadHtmlCacheBehavior [ RunTime:0.000766s ]
INFO: [ app_begin ] --END-- [ RunTime:0.000858s ]
SQL: SHOW COLUMNS FROM `stu_guestbook` [ RunTime:0.0050s ]
SQL: SELECT * FROM `stu_guestbook` ORDER BY id desc LIMIT 0,10   [ RunTime:0.0004s ]
SQL: SHOW COLUMNS FROM `stu_guestbook_comment` [ RunTime:0.0039s ]
SQL: SELECT * FROM `stu_guestbook_comment` WHERE ( son_id=22 )  [ RunTime:0.0004s ]
NOTIC: [8] Undefined offset: 3 D:\phpStudy\WWW\stucontrol\App\Home\Controller\IndexController.class.php 第 848 行.
SQL: SELECT * FROM `stu_guestbook_comment` WHERE ( son_id=21 )  [ RunTime:0.0003s ]
NOTIC: [8] Undefined offset: 0 D:\phpStudy\WWW\stucontrol\App\Home\Controller\IndexController.class.php 第 848 行.
SQL: SELECT * FROM `stu_guestbook_comment` WHERE ( son_id=20 )  [ RunTime:0.0003s ]
NOTIC: [8] Undefined offset: 2 D:\phpStudy\WWW\stucontrol\App\Home\Controller\IndexController.class.php 第 848 行.
SQL: SELECT * FROM `stu_guestbook_comment` WHERE ( son_id=19 )  [ RunTime:0.0003s ]
NOTIC: [8] Undefined offset: 1 D:\phpStudy\WWW\stucontrol\App\Home\Controller\IndexController.class.php 第 848 行.
SQL: SELECT * FROM `stu_guestbook_comment` WHERE ( son_id=18 )  [ RunTime:0.0003s ]
NOTIC: [8] Undefined offset: 0 D:\phpStudy\WWW\stucontrol\App\Home\Controller\IndexController.class.php 第 848 行.
SQL: SELECT * FROM `stu_guestbook_comment` WHERE ( son_id=16 )  [ RunTime:0.0003s ]
NOTIC: [8] Undefined offset: 0 D:\phpStudy\WWW\stucontrol\App\Home\Controller\IndexController.class.php 第 848 行.
SQL: SELECT * FROM `stu_guestbook_comment` WHERE ( son_id=15 )  [ RunTime:0.0003s ]
NOTIC: [8] Undefined offset: 0 D:\phpStudy\WWW\stucontrol\App\Home\Controller\IndexController.class.php 第 848 行.
SQL: SELECT * FROM `stu_guestbook_comment` WHERE ( son_id=14 )  [ RunTime:0.0005s ]
NOTIC: [8] Undefined offset: 0 D:\phpStudy\WWW\stucontrol\App\Home\Controller\IndexController.class.php 第 848 行.
SQL: SELECT * FROM `stu_guestbook_comment` WHERE ( son_id=13 )  [ RunTime:0.0004s ]
NOTIC: [8] Undefined offset: 0 D:\phpStudy\WWW\stucontrol\App\Home\Controller\IndexController.class.php 第 848 行.
SQL: SELECT * FROM `stu_guestbook_comment` WHERE ( son_id=5 )  [ RunTime:0.0003s ]
NOTIC: [8] Undefined offset: 0 D:\phpStudy\WWW\stucontrol\App\Home\Controller\IndexController.class.php 第 848 行.
NOTIC: [8] Undefined offset: 10 D:\phpStudy\WWW\stucontrol\App\Home\Controller\IndexController.class.php 第 782 行.
SQL: SELECT COUNT(*) AS tp_count FROM `stu_guestbook` LIMIT 1   [ RunTime:0.0002s ]
INFO: [ view_parse ] --START--
INFO: [ template_filter ] --START--
INFO: Run Behavior\ContentReplaceBehavior [ RunTime:0.000056s ]
INFO: [ template_filter ] --END-- [ RunTime:0.000102s ]
INFO: Run Behavior\ParseTemplateBehavior [ RunTime:0.006580s ]
INFO: [ view_parse ] --END-- [ RunTime:0.006620s ]
INFO: [ view_filter ] --START--
INFO: Run Behavior\WriteHtmlCacheBehavior [ RunTime:0.000422s ]
INFO: [ view_filter ] --END-- [ RunTime:0.000469s ]
INFO: [ app_end ] --START--
INFO: Run Behavior\ShowPageTraceBehavior [ RunTime:0.000772s ]
INFO: [ app_end ] --END-- [ RunTime:0.000860s ]

[ 2017-01-18T15:52:36+08:00 ] ::1 /stucontrol/Home/Index/get_username.shtml
INFO: [ app_init ] --START--
INFO: Run Behavior\BuildLiteBehavior [ RunTime:0.000024s ]
INFO: [ app_init ] --END-- [ RunTime:0.000716s ]
INFO: [ app_begin ] --START--
INFO: Run Behavior\ReadHtmlCacheBehavior [ RunTime:0.000954s ]
INFO: [ app_begin ] --END-- [ RunTime:0.001030s ]
INFO: [ app_end ] --START--
INFO: Run Behavior\ShowPageTraceBehavior [ RunTime:0.001804s ]
INFO: [ app_end ] --END-- [ RunTime:0.001969s ]

[ 2017-01-18T15:52:36+08:00 ] ::1 /stucontrol/Home/Index/validate_returncount.shtml
INFO: [ app_init ] --START--
INFO: Run Behavior\BuildLiteBehavior [ RunTime:0.000026s ]
INFO: [ app_init ] --END-- [ RunTime:0.000761s ]
INFO: [ app_begin ] --START--
INFO: Run Behavior\ReadHtmlCacheBehavior [ RunTime:0.001193s ]
INFO: [ app_begin ] --END-- [ RunTime:0.001281s ]
INFO: [ app_end ] --START--
INFO: Run Behavior\ShowPageTraceBehavior [ RunTime:0.001595s ]
INFO: [ app_end ] --END-- [ RunTime:0.001760s ]

[ 2017-01-18T15:53:33+08:00 ] ::1 /stucontrol/Home/Index/guestbook_save.shtml
INFO: [ app_init ] --START--
INFO: Run Behavior\BuildLiteBehavior [ RunTime:0.000016s ]
INFO: [ app_init ] --END-- [ RunTime:0.000565s ]
INFO: [ app_begin ] --START--
INFO: Run Behavior\ReadHtmlCacheBehavior [ RunTime:0.000832s ]
INFO: [ app_begin ] --END-- [ RunTime:0.000921s ]

[ 2017-01-18T15:53:34+08:00 ] ::1 /stucontrol/Home/Index/guestbook_save.shtml
INFO: [ app_init ] --START--
INFO: Run Behavior\BuildLiteBehavior [ RunTime:0.000014s ]
INFO: [ app_init ] --END-- [ RunTime:0.000654s ]
INFO: [ app_begin ] --START--
INFO: Run Behavior\ReadHtmlCacheBehavior [ RunTime:0.000655s ]
INFO: [ app_begin ] --END-- [ RunTime:0.000701s ]

[ 2017-01-18T15:53:38+08:00 ] ::1 /stucontrol/Home/Index/guestbook.shtml
INFO: [ app_init ] --START--
INFO: Run Behavior\BuildLiteBehavior [ RunTime:0.000015s ]
INFO: [ app_init ] --END-- [ RunTime:0.000546s ]
INFO: [ app_begin ] --START--
INFO: Run Behavior\ReadHtmlCacheBehavior [ RunTime:0.000681s ]
INFO: [ app_begin ] --END-- [ RunTime:0.000726s ]
SQL: SHOW COLUMNS FROM `stu_guestbook` [ RunTime:0.0053s ]
SQL: SELECT * FROM `stu_guestbook` ORDER BY id desc LIMIT 0,10   [ RunTime:0.0004s ]
SQL: SHOW COLUMNS FROM `stu_guestbook_comment` [ RunTime:0.0044s ]
SQL: SELECT * FROM `stu_guestbook_comment` WHERE ( son_id=22 )  [ RunTime:0.0003s ]
NOTIC: [8] Undefined offset: 3 D:\phpStudy\WWW\stucontrol\App\Home\Controller\IndexController.class.php 第 848 行.
SQL: SELECT * FROM `stu_guestbook_comment` WHERE ( son_id=21 )  [ RunTime:0.0003s ]
NOTIC: [8] Undefined offset: 0 D:\phpStudy\WWW\stucontrol\App\Home\Controller\IndexController.class.php 第 848 行.
SQL: SELECT * FROM `stu_guestbook_comment` WHERE ( son_id=20 )  [ RunTime:0.0002s ]
NOTIC: [8] Undefined offset: 2 D:\phpStudy\WWW\stucontrol\App\Home\Controller\IndexController.class.php 第 848 行.
SQL: SELECT * FROM `stu_guestbook_comment` WHERE ( son_id=19 )  [ RunTime:0.0003s ]
NOTIC: [8] Undefined offset: 1 D:\phpStudy\WWW\stucontrol\App\Home\Controller\IndexController.class.php 第 848 行.
SQL: SELECT * FROM `stu_guestbook_comment` WHERE ( son_id=18 )  [ RunTime:0.0004s ]
NOTIC: [8] Undefined offset: 0 D:\phpStudy\WWW\stucontrol\App\Home\Controller\IndexController.class.php 第 848 行.
SQL: SELECT * FROM `stu_guestbook_comment` WHERE ( son_id=16 )  [ RunTime:0.0003s ]
NOTIC: [8] Undefined offset: 0 D:\phpStudy\WWW\stucontrol\App\Home\Controller\IndexController.class.php 第 848 行.
SQL: SELECT * FROM `stu_guestbook_comment` WHERE ( son_id=15 )  [ RunTime:0.0003s ]
NOTIC: [8] Undefined offset: 0 D:\phpStudy\WWW\stucontrol\App\Home\Controller\IndexController.class.php 第 848 行.
SQL: SELECT * FROM `stu_guestbook_comment` WHERE ( son_id=14 )  [ RunTime:0.0003s ]
NOTIC: [8] Undefined offset: 0 D:\phpStudy\WWW\stucontrol\App\Home\Controller\IndexController.class.php 第 848 行.
SQL: SELECT * FROM `stu_guestbook_comment` WHERE ( son_id=13 )  [ RunTime:0.0003s ]
NOTIC: [8] Undefined offset: 0 D:\phpStudy\WWW\stucontrol\App\Home\Controller\IndexController.class.php 第 848 行.
SQL: SELECT * FROM `stu_guestbook_comment` WHERE ( son_id=5 )  [ RunTime:0.0003s ]
NOTIC: [8] Undefined offset: 0 D:\phpStudy\WWW\stucontrol\App\Home\Controller\IndexController.class.php 第 848 行.
NOTIC: [8] Undefined offset: 10 D:\phpStudy\WWW\stucontrol\App\Home\Controller\IndexController.class.php 第 782 行.
SQL: SELECT COUNT(*) AS tp_count FROM `stu_guestbook` LIMIT 1   [ RunTime:0.0002s ]
INFO: [ view_parse ] --START--
INFO: [ template_filter ] --START--
INFO: Run Behavior\ContentReplaceBehavior [ RunTime:0.000064s ]
INFO: [ template_filter ] --END-- [ RunTime:0.000148s ]
INFO: Run Behavior\ParseTemplateBehavior [ RunTime:0.016275s ]
INFO: [ view_parse ] --END-- [ RunTime:0.016316s ]
INFO: [ view_filter ] --START--
INFO: Run Behavior\WriteHtmlCacheBehavior [ RunTime:0.000451s ]
INFO: [ view_filter ] --END-- [ RunTime:0.000483s ]
INFO: [ app_end ] --START--
INFO: Run Behavior\ShowPageTraceBehavior [ RunTime:0.000795s ]
INFO: [ app_end ] --END-- [ RunTime:0.000885s ]

[ 2017-01-18T15:53:39+08:00 ] ::1 /stucontrol/Home/Index/get_username.shtml
INFO: [ app_init ] --START--
INFO: Run Behavior\BuildLiteBehavior [ RunTime:0.000025s ]
INFO: [ app_init ] --END-- [ RunTime:0.000750s ]
INFO: [ app_begin ] --START--
INFO: Run Behavior\ReadHtmlCacheBehavior [ RunTime:0.001010s ]
INFO: [ app_begin ] --END-- [ RunTime:0.001090s ]
INFO: [ app_end ] --START--
INFO: Run Behavior\ShowPageTraceBehavior [ RunTime:0.001250s ]
INFO: [ app_end ] --END-- [ RunTime:0.001410s ]

[ 2017-01-18T15:53:39+08:00 ] ::1 /stucontrol/Home/Index/validate_returncount.shtml
INFO: [ app_init ] --START--
INFO: Run Behavior\BuildLiteBehavior [ RunTime:0.000022s ]
INFO: [ app_init ] --END-- [ RunTime:0.000708s ]
INFO: [ app_begin ] --START--
INFO: Run Behavior\ReadHtmlCacheBehavior [ RunTime:0.001090s ]
INFO: [ app_begin ] --END-- [ RunTime:0.001201s ]
INFO: [ app_end ] --START--
INFO: Run Behavior\ShowPageTraceBehavior [ RunTime:0.001787s ]
INFO: [ app_end ] --END-- [ RunTime:0.002031s ]

[ 2017-01-18T15:54:05+08:00 ] ::1 /stucontrol/Home/Index/guestbook.shtml
INFO: [ app_init ] --START--
INFO: Run Behavior\BuildLiteBehavior [ RunTime:0.000016s ]
INFO: [ app_init ] --END-- [ RunTime:0.000527s ]
INFO: [ app_begin ] --START--
INFO: Run Behavior\ReadHtmlCacheBehavior [ RunTime:0.000619s ]
INFO: [ app_begin ] --END-- [ RunTime:0.000666s ]
SQL: SHOW COLUMNS FROM `stu_guestbook` [ RunTime:0.0045s ]
SQL: SELECT * FROM `stu_guestbook` ORDER BY id desc LIMIT 0,10   [ RunTime:0.0005s ]
SQL: SHOW COLUMNS FROM `stu_guestbook_comment` [ RunTime:0.0047s ]
SQL: SELECT * FROM `stu_guestbook_comment` WHERE ( son_id=22 )  [ RunTime:0.0160s ]
NOTIC: [8] Undefined offset: 3 D:\phpStudy\WWW\stucontrol\App\Home\Controller\IndexController.class.php 第 848 行.
SQL: SELECT * FROM `stu_guestbook_comment` WHERE ( son_id=21 )  [ RunTime:0.0005s ]
NOTIC: [8] Undefined offset: 0 D:\phpStudy\WWW\stucontrol\App\Home\Controller\IndexController.class.php 第 848 行.
SQL: SELECT * FROM `stu_guestbook_comment` WHERE ( son_id=20 )  [ RunTime:0.0003s ]
NOTIC: [8] Undefined offset: 2 D:\phpStudy\WWW\stucontrol\App\Home\Controller\IndexController.class.php 第 848 行.
SQL: SELECT * FROM `stu_guestbook_comment` WHERE ( son_id=19 )  [ RunTime:0.0003s ]
NOTIC: [8] Undefined offset: 1 D:\phpStudy\WWW\stucontrol\App\Home\Controller\IndexController.class.php 第 848 行.
SQL: SELECT * FROM `stu_guestbook_comment` WHERE ( son_id=18 )  [ RunTime:0.0003s ]
NOTIC: [8] Undefined offset: 0 D:\phpStudy\WWW\stucontrol\App\Home\Controller\IndexController.class.php 第 848 行.
SQL: SELECT * FROM `stu_guestbook_comment` WHERE ( son_id=16 )  [ RunTime:0.0003s ]
NOTIC: [8] Undefined offset: 0 D:\phpStudy\WWW\stucontrol\App\Home\Controller\IndexController.class.php 第 848 行.
SQL: SELECT * FROM `stu_guestbook_comment` WHERE ( son_id=15 )  [ RunTime:0.0003s ]
NOTIC: [8] Undefined offset: 0 D:\phpStudy\WWW\stucontrol\App\Home\Controller\IndexController.class.php 第 848 行.
SQL: SELECT * FROM `stu_guestbook_comment` WHERE ( son_id=14 )  [ RunTime:0.0003s ]
NOTIC: [8] Undefined offset: 0 D:\phpStudy\WWW\stucontrol\App\Home\Controller\IndexController.class.php 第 848 行.
SQL: SELECT * FROM `stu_guestbook_comment` WHERE ( son_id=13 )  [ RunTime:0.0003s ]
NOTIC: [8] Undefined offset: 0 D:\phpStudy\WWW\stucontrol\App\Home\Controller\IndexController.class.php 第 848 行.
SQL: SELECT * FROM `stu_guestbook_comment` WHERE ( son_id=5 )  [ RunTime:0.0003s ]
NOTIC: [8] Undefined offset: 0 D:\phpStudy\WWW\stucontrol\App\Home\Controller\IndexController.class.php 第 848 行.
NOTIC: [8] Undefined offset: 10 D:\phpStudy\WWW\stucontrol\App\Home\Controller\IndexController.class.php 第 782 行.
SQL: SELECT COUNT(*) AS tp_count FROM `stu_guestbook` LIMIT 1   [ RunTime:0.0002s ]
INFO: [ view_parse ] --START--
INFO: [ template_filter ] --START--
INFO: Run Behavior\ContentReplaceBehavior [ RunTime:0.000096s ]
INFO: [ template_filter ] --END-- [ RunTime:0.000186s ]
INFO: Run Behavior\ParseTemplateBehavior [ RunTime:0.008622s ]
INFO: [ view_parse ] --END-- [ RunTime:0.008671s ]
INFO: [ view_filter ] --START--
INFO: Run Behavior\WriteHtmlCacheBehavior [ RunTime:0.000519s ]
INFO: [ view_filter ] --END-- [ RunTime:0.000578s ]
INFO: [ app_end ] --START--
INFO: Run Behavior\ShowPageTraceBehavior [ RunTime:0.001210s ]
INFO: [ app_end ] --END-- [ RunTime:0.001274s ]

[ 2017-01-18T15:54:05+08:00 ] ::1 /stucontrol/Home/Index/get_username.shtml
INFO: [ app_init ] --START--
INFO: Run Behavior\BuildLiteBehavior [ RunTime:0.000034s ]
INFO: [ app_init ] --END-- [ RunTime:0.000895s ]
INFO: [ app_begin ] --START--
INFO: Run Behavior\ReadHtmlCacheBehavior [ RunTime:0.001031s ]
INFO: [ app_begin ] --END-- [ RunTime:0.001149s ]
INFO: [ app_end ] --START--
INFO: Run Behavior\ShowPageTraceBehavior [ RunTime:0.001015s ]
INFO: [ app_end ] --END-- [ RunTime:0.001107s ]

[ 2017-01-18T15:54:05+08:00 ] ::1 /stucontrol/Home/Index/validate_returncount.shtml
INFO: [ app_init ] --START--
INFO: Run Behavior\BuildLiteBehavior [ RunTime:0.000105s ]
INFO: [ app_init ] --END-- [ RunTime:0.002450s ]
INFO: [ app_begin ] --START--
INFO: Run Behavior\ReadHtmlCacheBehavior [ RunTime:0.000934s ]
INFO: [ app_begin ] --END-- [ RunTime:0.001019s ]
INFO: [ app_end ] --START--
INFO: Run Behavior\ShowPageTraceBehavior [ RunTime:0.001104s ]
INFO: [ app_end ] --END-- [ RunTime:0.001204s ]

[ 2017-01-18T15:54:48+08:00 ] ::1 /stucontrol/Home/Index/guestbook_save.shtml
INFO: [ app_init ] --START--
INFO: Run Behavior\BuildLiteBehavior [ RunTime:0.000014s ]
INFO: [ app_init ] --END-- [ RunTime:0.000550s ]
INFO: [ app_begin ] --START--
INFO: Run Behavior\ReadHtmlCacheBehavior [ RunTime:0.000665s ]
INFO: [ app_begin ] --END-- [ RunTime:0.000713s ]

[ 2017-01-18T15:56:00+08:00 ] ::1 /stucontrol/Home/Index/guestbook_save.shtml
INFO: [ app_init ] --START--
INFO: Run Behavior\BuildLiteBehavior [ RunTime:0.000014s ]
INFO: [ app_init ] --END-- [ RunTime:0.000577s ]
INFO: [ app_begin ] --START--
INFO: Run Behavior\ReadHtmlCacheBehavior [ RunTime:0.000737s ]
INFO: [ app_begin ] --END-- [ RunTime:0.000790s ]

[ 2017-01-18T16:20:50+08:00 ] ::1 /stucontrol/Home/Index/guestbook_save.shtml
INFO: [ app_init ] --START--
INFO: Run Behavior\BuildLiteBehavior [ RunTime:0.000017s ]
INFO: [ app_init ] --END-- [ RunTime:0.000554s ]
INFO: [ app_begin ] --START--
INFO: Run Behavior\ReadHtmlCacheBehavior [ RunTime:0.000674s ]
INFO: [ app_begin ] --END-- [ RunTime:0.000721s ]

[ 2017-01-18T16:20:54+08:00 ] ::1 /stucontrol/Home/Index/guestbook.shtml
INFO: [ app_init ] --START--
INFO: Run Behavior\BuildLiteBehavior [ RunTime:0.000014s ]
INFO: [ app_init ] --END-- [ RunTime:0.000509s ]
INFO: [ app_begin ] --START--
INFO: Run Behavior\ReadHtmlCacheBehavior [ RunTime:0.000779s ]
INFO: [ app_begin ] --END-- [ RunTime:0.000831s ]
SQL: SHOW COLUMNS FROM `stu_guestbook` [ RunTime:0.0044s ]
SQL: SELECT * FROM `stu_guestbook` ORDER BY id desc LIMIT 0,10   [ RunTime:0.0005s ]
SQL: SHOW COLUMNS FROM `stu_guestbook_comment` [ RunTime:0.0077s ]
SQL: SELECT * FROM `stu_guestbook_comment` WHERE ( son_id=22 )  [ RunTime:0.0005s ]
NOTIC: [8] Undefined offset: 3 D:\phpStudy\WWW\stucontrol\App\Home\Controller\IndexController.class.php 第 848 行.
SQL: SELECT * FROM `stu_guestbook_comment` WHERE ( son_id=21 )  [ RunTime:0.0004s ]
NOTIC: [8] Undefined offset: 0 D:\phpStudy\WWW\stucontrol\App\Home\Controller\IndexController.class.php 第 848 行.
SQL: SELECT * FROM `stu_guestbook_comment` WHERE ( son_id=20 )  [ RunTime:0.0004s ]
NOTIC: [8] Undefined offset: 2 D:\phpStudy\WWW\stucontrol\App\Home\Controller\IndexController.class.php 第 848 行.
SQL: SELECT * FROM `stu_guestbook_comment` WHERE ( son_id=19 )  [ RunTime:0.0004s ]
NOTIC: [8] Undefined offset: 1 D:\phpStudy\WWW\stucontrol\App\Home\Controller\IndexController.class.php 第 848 行.
SQL: SELECT * FROM `stu_guestbook_comment` WHERE ( son_id=18 )  [ RunTime:0.0003s ]
NOTIC: [8] Undefined offset: 0 D:\phpStudy\WWW\stucontrol\App\Home\Controller\IndexController.class.php 第 848 行.
SQL: SELECT * FROM `stu_guestbook_comment` WHERE ( son_id=16 )  [ RunTime:0.0003s ]
NOTIC: [8] Undefined offset: 0 D:\phpStudy\WWW\stucontrol\App\Home\Controller\IndexController.class.php 第 848 行.
SQL: SELECT * FROM `stu_guestbook_comment` WHERE ( son_id=15 )  [ RunTime:0.0003s ]
NOTIC: [8] Undefined offset: 0 D:\phpStudy\WWW\stucontrol\App\Home\Controller\IndexController.class.php 第 848 行.
SQL: SELECT * FROM `stu_guestbook_comment` WHERE ( son_id=14 )  [ RunTime:0.0003s ]
NOTIC: [8] Undefined offset: 0 D:\phpStudy\WWW\stucontrol\App\Home\Controller\IndexController.class.php 第 848 行.
SQL: SELECT * FROM `stu_guestbook_comment` WHERE ( son_id=13 )  [ RunTime:0.0003s ]
NOTIC: [8] Undefined offset: 0 D:\phpStudy\WWW\stucontrol\App\Home\Controller\IndexController.class.php 第 848 行.
SQL: SELECT * FROM `stu_guestbook_comment` WHERE ( son_id=5 )  [ RunTime:0.0003s ]
NOTIC: [8] Undefined offset: 0 D:\phpStudy\WWW\stucontrol\App\Home\Controller\IndexController.class.php 第 848 行.
NOTIC: [8] Undefined offset: 10 D:\phpStudy\WWW\stucontrol\App\Home\Controller\IndexController.class.php 第 782 行.
SQL: SELECT COUNT(*) AS tp_count FROM `stu_guestbook` LIMIT 1   [ RunTime:0.0003s ]
INFO: [ view_parse ] --START--
INFO: [ template_filter ] --START--
INFO: Run Behavior\ContentReplaceBehavior [ RunTime:0.000063s ]
INFO: [ template_filter ] --END-- [ RunTime:0.000112s ]
INFO: Run Behavior\ParseTemplateBehavior [ RunTime:0.015663s ]
INFO: [ view_parse ] --END-- [ RunTime:0.015705s ]
INFO: [ view_filter ] --START--
INFO: Run Behavior\WriteHtmlCacheBehavior [ RunTime:0.000464s ]
INFO: [ view_filter ] --END-- [ RunTime:0.000498s ]
INFO: [ app_end ] --START--
INFO: Run Behavior\ShowPageTraceBehavior [ RunTime:0.000937s ]
INFO: [ app_end ] --END-- [ RunTime:0.000991s ]

[ 2017-01-18T16:20:54+08:00 ] ::1 /stucontrol/Home/Index/get_username.shtml
INFO: [ app_init ] --START--
INFO: Run Behavior\BuildLiteBehavior [ RunTime:0.000040s ]
INFO: [ app_init ] --END-- [ RunTime:0.001512s ]
INFO: [ app_begin ] --START--
INFO: Run Behavior\ReadHtmlCacheBehavior [ RunTime:0.001140s ]
INFO: [ app_begin ] --END-- [ RunTime:0.001292s ]
INFO: [ app_end ] --START--
INFO: Run Behavior\ShowPageTraceBehavior [ RunTime:0.001981s ]
INFO: [ app_end ] --END-- [ RunTime:0.002126s ]

[ 2017-01-18T16:20:54+08:00 ] ::1 /stucontrol/Home/Index/validate_returncount.shtml
INFO: [ app_init ] --START--
INFO: Run Behavior\BuildLiteBehavior [ RunTime:0.000040s ]
INFO: [ app_init ] --END-- [ RunTime:0.000684s ]
INFO: [ app_begin ] --START--
INFO: Run Behavior\ReadHtmlCacheBehavior [ RunTime:0.000892s ]
INFO: [ app_begin ] --END-- [ RunTime:0.000976s ]
INFO: [ app_end ] --START--
INFO: Run Behavior\ShowPageTraceBehavior [ RunTime:0.000887s ]
INFO: [ app_end ] --END-- [ RunTime:0.000973s ]

[ 2017-01-18T16:53:42+08:00 ] ::1 /stucontrol/Home/Index/get_username.shtml
INFO: [ app_init ] --START--
INFO: Run Behavior\BuildLiteBehavior [ RunTime:0.000029s ]
INFO: [ app_init ] --END-- [ RunTime:0.001734s ]
INFO: [ app_begin ] --START--
INFO: Run Behavior\ReadHtmlCacheBehavior [ RunTime:0.001012s ]
INFO: [ app_begin ] --END-- [ RunTime:0.001102s ]
INFO: [ app_end ] --START--
INFO: Run Behavior\ShowPageTraceBehavior [ RunTime:0.000778s ]
INFO: [ app_end ] --END-- [ RunTime:0.000865s ]

[ 2017-01-18T16:53:43+08:00 ] ::1 /stucontrol/Home/Index/validate_returncount.shtml
INFO: [ app_init ] --START--
INFO: Run Behavior\BuildLiteBehavior [ RunTime:0.000013s ]
INFO: [ app_init ] --END-- [ RunTime:0.000540s ]
INFO: [ app_begin ] --START--
INFO: Run Behavior\ReadHtmlCacheBehavior [ RunTime:0.000666s ]
INFO: [ app_begin ] --END-- [ RunTime:0.000708s ]
INFO: [ app_end ] --START--
INFO: Run Behavior\ShowPageTraceBehavior [ RunTime:0.000776s ]
INFO: [ app_end ] --END-- [ RunTime:0.000860s ]

[ 2017-01-18T16:54:38+08:00 ] ::1 /stucontrol/Home/Index/guestbook_save.shtml
INFO: [ app_init ] --START--
INFO: Run Behavior\BuildLiteBehavior [ RunTime:0.000017s ]
INFO: [ app_init ] --END-- [ RunTime:0.000614s ]
INFO: [ app_begin ] --START--
INFO: Run Behavior\ReadHtmlCacheBehavior [ RunTime:0.000811s ]
INFO: [ app_begin ] --END-- [ RunTime:0.000927s ]

[ 2017-01-18T16:54:45+08:00 ] ::1 /stucontrol/
INFO: [ app_init ] --START--
INFO: Run Behavior\BuildLiteBehavior [ RunTime:0.000015s ]
INFO: [ app_init ] --END-- [ RunTime:0.000533s ]
INFO: [ app_begin ] --START--
INFO: Run Behavior\ReadHtmlCacheBehavior [ RunTime:0.000645s ]
INFO: [ app_begin ] --END-- [ RunTime:0.000689s ]
SQL: SHOW COLUMNS FROM `stu_information` [ RunTime:0.0087s ]
SQL: SELECT * FROM `stu_information` ORDER BY id desc LIMIT 0,8   [ RunTime:0.0004s ]
NOTIC: [8] Undefined offset: 8 D:\phpStudy\WWW\stucontrol\App\Home\Controller\IndexController.class.php 第 1031 行.
SQL: SELECT `title`,`id`,`kind` FROM `stu_information` ORDER BY id desc  [ RunTime:0.0003s ]
SQL: SELECT `title`,`id`,`kind` FROM `stu_information` ORDER BY id desc  [ RunTime:0.0003s ]
NOTIC: [8] Undefined offset: 10 D:\phpStudy\WWW\stucontrol\App\Home\Controller\IndexController.class.php 第 602 行.
SQL: SHOW COLUMNS FROM `stu_dorm` [ RunTime:0.0065s ]
SQL: SELECT `dorm`,`id`,`reportdate` FROM `stu_dorm` ORDER BY id desc LIMIT 0,5   [ RunTime:0.0003s ]
NOTIC: [8] Undefined offset: 1 D:\phpStudy\WWW\stucontrol\App\Home\Controller\IndexController.class.php 第 634 行.
NOTIC: [2] Missing argument 1 for Think\Controller::show(), called in D:\phpStudy\WWW\stucontrol\App\Home\Controller\IndexController.class.php on line 21 and defined D:\phpStudy\WWW\stucontrol\ThinkPHP\Library\Think\Controller.class.php 第 68 行.
NOTIC: [8] Undefined variable: content D:\phpStudy\WWW\stucontrol\ThinkPHP\Library\Think\Controller.class.php 第 69 行.
INFO: [ view_parse ] --START--
INFO: [ template_filter ] --START--
INFO: Run Behavior\ContentReplaceBehavior [ RunTime:0.000124s ]
INFO: [ template_filter ] --END-- [ RunTime:0.000206s ]
INFO: Run Behavior\ParseTemplateBehavior [ RunTime:0.021126s ]
INFO: [ view_parse ] --END-- [ RunTime:0.021172s ]
INFO: [ view_filter ] --START--
INFO: Run Behavior\WriteHtmlCacheBehavior [ RunTime:0.000529s ]
INFO: [ view_filter ] --END-- [ RunTime:0.000563s ]
INFO: [ app_end ] --START--
INFO: Run Behavior\ShowPageTraceBehavior [ RunTime:0.000793s ]
INFO: [ app_end ] --END-- [ RunTime:0.000842s ]

[ 2017-01-18T16:54:56+08:00 ] ::1 /stucontrol/Home/Index/guestbook_save.shtml
INFO: [ app_init ] --START--
INFO: Run Behavior\BuildLiteBehavior [ RunTime:0.000014s ]
INFO: [ app_init ] --END-- [ RunTime:0.000511s ]
INFO: [ app_begin ] --START--
INFO: Run Behavior\ReadHtmlCacheBehavior [ RunTime:0.000638s ]
INFO: [ app_begin ] --END-- [ RunTime:0.000714s ]

[ 2017-01-18T16:54:57+08:00 ] ::1 /stucontrol/Home/Index/guestbook_save.shtml
INFO: [ app_init ] --START--
INFO: Run Behavior\BuildLiteBehavior [ RunTime:0.000014s ]
INFO: [ app_init ] --END-- [ RunTime:0.000515s ]
INFO: [ app_begin ] --START--
INFO: Run Behavior\ReadHtmlCacheBehavior [ RunTime:0.000623s ]
INFO: [ app_begin ] --END-- [ RunTime:0.000669s ]

[ 2017-01-18T16:56:06+08:00 ] ::1 /stucontrol/Home/Index/guestbook_save.shtml
INFO: [ app_init ] --START--
INFO: Run Behavior\BuildLiteBehavior [ RunTime:0.000014s ]
INFO: [ app_init ] --END-- [ RunTime:0.000547s ]
INFO: [ app_begin ] --START--
INFO: Run Behavior\ReadHtmlCacheBehavior [ RunTime:0.000767s ]
INFO: [ app_begin ] --END-- [ RunTime:0.000834s ]

[ 2017-01-18T16:56:52+08:00 ] ::1 /stucontrol/Home/Index/validate_returncount.shtml
INFO: [ app_init ] --START--
INFO: Run Behavior\BuildLiteBehavior [ RunTime:0.000025s ]
INFO: [ app_init ] --END-- [ RunTime:0.000772s ]
INFO: [ app_begin ] --START--
INFO: Run Behavior\ReadHtmlCacheBehavior [ RunTime:0.000936s ]
INFO: [ app_begin ] --END-- [ RunTime:0.001013s ]
INFO: [ app_end ] --START--
INFO: Run Behavior\ShowPageTraceBehavior [ RunTime:0.001217s ]
INFO: [ app_end ] --END-- [ RunTime:0.001301s ]

[ 2017-01-18T16:56:52+08:00 ] ::1 /stucontrol/Home/Index/get_username.shtml
INFO: [ app_init ] --START--
INFO: Run Behavior\BuildLiteBehavior [ RunTime:0.000019s ]
INFO: [ app_init ] --END-- [ RunTime:0.000646s ]
INFO: [ app_begin ] --START--
INFO: Run Behavior\ReadHtmlCacheBehavior [ RunTime:0.000631s ]
INFO: [ app_begin ] --END-- [ RunTime:0.000679s ]
INFO: [ app_end ] --START--
INFO: Run Behavior\ShowPageTraceBehavior [ RunTime:0.000797s ]
INFO: [ app_end ] --END-- [ RunTime:0.000868s ]

[ 2017-01-18T16:56:58+08:00 ] ::1 /stucontrol/Home/Index/guestbook_save.shtml
INFO: [ app_init ] --START--
INFO: Run Behavior\BuildLiteBehavior [ RunTime:0.000017s ]
INFO: [ app_init ] --END-- [ RunTime:0.000531s ]
INFO: [ app_begin ] --START--
INFO: Run Behavior\ReadHtmlCacheBehavior [ RunTime:0.000799s ]
INFO: [ app_begin ] --END-- [ RunTime:0.000885s ]
SQL: SHOW COLUMNS FROM `stu_guestbook` [ RunTime:0.0048s ]
SQL: INSERT INTO `stu_guestbook` (`content`,`date`,`author`,`good`,`classnumber`) VALUES ('[em_4_face_qq]','2017-01-18 16:56:58','奕弈','0','15101020615') [ RunTime:0.0640s ]
INFO: [ app_end ] --START--
INFO: Run Behavior\ShowPageTraceBehavior [ RunTime:0.000706s ]
INFO: [ app_end ] --END-- [ RunTime:0.000766s ]

[ 2017-01-18T16:56:59+08:00 ] ::1 /stucontrol/Home/Index/validate_returncount.shtml
INFO: [ app_init ] --START--
INFO: Run Behavior\BuildLiteBehavior [ RunTime:0.000015s ]
INFO: [ app_init ] --END-- [ RunTime:0.000520s ]
INFO: [ app_begin ] --START--
INFO: Run Behavior\ReadHtmlCacheBehavior [ RunTime:0.000706s ]
INFO: [ app_begin ] --END-- [ RunTime:0.000753s ]
INFO: [ app_end ] --START--
INFO: Run Behavior\ShowPageTraceBehavior [ RunTime:0.000780s ]
INFO: [ app_end ] --END-- [ RunTime:0.000839s ]

[ 2017-01-18T16:57:05+08:00 ] ::1 /stucontrol/Home/Index/guestbook.shtml
INFO: [ app_init ] --START--
INFO: Run Behavior\BuildLiteBehavior [ RunTime:0.000014s ]
INFO: [ app_init ] --END-- [ RunTime:0.000527s ]
INFO: [ app_begin ] --START--
INFO: Run Behavior\ReadHtmlCacheBehavior [ RunTime:0.000815s ]
INFO: [ app_begin ] --END-- [ RunTime:0.000879s ]
SQL: SHOW COLUMNS FROM `stu_guestbook` [ RunTime:0.0046s ]
SQL: SELECT * FROM `stu_guestbook` ORDER BY id desc LIMIT 0,10   [ RunTime:0.0004s ]
SQL: SHOW COLUMNS FROM `stu_guestbook_comment` [ RunTime:0.0076s ]
SQL: SELECT * FROM `stu_guestbook_comment` WHERE ( son_id=26 )  [ RunTime:0.0004s ]
NOTIC: [8] Undefined offset: 0 D:\phpStudy\WWW\stucontrol\App\Home\Controller\IndexController.class.php 第 848 行.
SQL: SELECT * FROM `stu_guestbook_comment` WHERE ( son_id=25 )  [ RunTime:0.0003s ]
NOTIC: [8] Undefined offset: 0 D:\phpStudy\WWW\stucontrol\App\Home\Controller\IndexController.class.php 第 848 行.
SQL: SELECT * FROM `stu_guestbook_comment` WHERE ( son_id=24 )  [ RunTime:0.0003s ]
NOTIC: [8] Undefined offset: 0 D:\phpStudy\WWW\stucontrol\App\Home\Controller\IndexController.class.php 第 848 行.
SQL: SELECT * FROM `stu_guestbook_comment` WHERE ( son_id=22 )  [ RunTime:0.0003s ]
NOTIC: [8] Undefined offset: 3 D:\phpStudy\WWW\stucontrol\App\Home\Controller\IndexController.class.php 第 848 行.
SQL: SELECT * FROM `stu_guestbook_comment` WHERE ( son_id=21 )  [ RunTime:0.0003s ]
NOTIC: [8] Undefined offset: 0 D:\phpStudy\WWW\stucontrol\App\Home\Controller\IndexController.class.php 第 848 行.
SQL: SELECT * FROM `stu_guestbook_comment` WHERE ( son_id=20 )  [ RunTime:0.0003s ]
NOTIC: [8] Undefined offset: 2 D:\phpStudy\WWW\stucontrol\App\Home\Controller\IndexController.class.php 第 848 行.
SQL: SELECT * FROM `stu_guestbook_comment` WHERE ( son_id=19 )  [ RunTime:0.0004s ]
NOTIC: [8] Undefined offset: 1 D:\phpStudy\WWW\stucontrol\App\Home\Controller\IndexController.class.php 第 848 行.
SQL: SELECT * FROM `stu_guestbook_comment` WHERE ( son_id=18 )  [ RunTime:0.0003s ]
NOTIC: [8] Undefined offset: 0 D:\phpStudy\WWW\stucontrol\App\Home\Controller\IndexController.class.php 第 848 行.
SQL: SELECT * FROM `stu_guestbook_comment` WHERE ( son_id=16 )  [ RunTime:0.0003s ]
NOTIC: [8] Undefined offset: 0 D:\phpStudy\WWW\stucontrol\App\Home\Controller\IndexController.class.php 第 848 行.
SQL: SELECT * FROM `stu_guestbook_comment` WHERE ( son_id=15 )  [ RunTime:0.0004s ]
NOTIC: [8] Undefined offset: 0 D:\phpStudy\WWW\stucontrol\App\Home\Controller\IndexController.class.php 第 848 行.
NOTIC: [8] Undefined offset: 10 D:\phpStudy\WWW\stucontrol\App\Home\Controller\IndexController.class.php 第 782 行.
SQL: SELECT COUNT(*) AS tp_count FROM `stu_guestbook` LIMIT 1   [ RunTime:0.0003s ]
INFO: [ view_parse ] --START--
INFO: [ template_filter ] --START--
INFO: Run Behavior\ContentReplaceBehavior [ RunTime:0.000067s ]
INFO: [ template_filter ] --END-- [ RunTime:0.000114s ]
INFO: Run Behavior\ParseTemplateBehavior [ RunTime:0.017449s ]
INFO: [ view_parse ] --END-- [ RunTime:0.017498s ]
INFO: [ view_filter ] --START--
INFO: Run Behavior\WriteHtmlCacheBehavior [ RunTime:0.000472s ]
INFO: [ view_filter ] --END-- [ RunTime:0.000524s ]
INFO: [ app_end ] --START--
INFO: Run Behavior\ShowPageTraceBehavior [ RunTime:0.001025s ]
INFO: [ app_end ] --END-- [ RunTime:0.001078s ]

[ 2017-01-18T16:57:05+08:00 ] ::1 /stucontrol/Home/Index/get_username.shtml
INFO: [ app_init ] --START--
INFO: Run Behavior\BuildLiteBehavior [ RunTime:0.000025s ]
INFO: [ app_init ] --END-- [ RunTime:0.000757s ]
INFO: [ app_begin ] --START--
INFO: Run Behavior\ReadHtmlCacheBehavior [ RunTime:0.000977s ]
INFO: [ app_begin ] --END-- [ RunTime:0.001053s ]
INFO: [ app_end ] --START--
INFO: Run Behavior\ShowPageTraceBehavior [ RunTime:0.001056s ]
INFO: [ app_end ] --END-- [ RunTime:0.001167s ]

[ 2017-01-18T16:57:05+08:00 ] ::1 /stucontrol/Home/Index/validate_returncount.shtml
INFO: [ app_init ] --START--
INFO: Run Behavior\BuildLiteBehavior [ RunTime:0.000026s ]
INFO: [ app_init ] --END-- [ RunTime:0.000807s ]
INFO: [ app_begin ] --START--
INFO: Run Behavior\ReadHtmlCacheBehavior [ RunTime:0.000948s ]
INFO: [ app_begin ] --END-- [ RunTime:0.001040s ]
INFO: [ app_end ] --START--
INFO: Run Behavior\ShowPageTraceBehavior [ RunTime:0.001272s ]
INFO: [ app_end ] --END-- [ RunTime:0.001462s ]

[ 2017-01-18T16:57:22+08:00 ] ::1 /stucontrol/Home/Index/guestbook_delete.shtml?id=24
INFO: [ app_init ] --START--
INFO: Run Behavior\BuildLiteBehavior [ RunTime:0.000013s ]
INFO: [ app_init ] --END-- [ RunTime:0.000569s ]
INFO: [ app_begin ] --START--
INFO: Run Behavior\ReadHtmlCacheBehavior [ RunTime:0.001830s ]
INFO: [ app_begin ] --END-- [ RunTime:0.001903s ]
SQL: SHOW COLUMNS FROM `stu_guestbook` [ RunTime:0.0049s ]
SQL: SELECT * FROM `stu_guestbook` WHERE ( id=24 )  [ RunTime:0.0003s ]
SQL: DELETE FROM `stu_guestbook` WHERE ( id=24 ) [ RunTime:0.1098s ]
INFO: [ app_end ] --START--
INFO: Run Behavior\ShowPageTraceBehavior [ RunTime:0.000832s ]
INFO: [ app_end ] --END-- [ RunTime:0.000893s ]

[ 2017-01-18T16:57:28+08:00 ] ::1 /stucontrol/Home/Index/guestbook_delete.shtml?id=25
INFO: [ app_init ] --START--
INFO: Run Behavior\BuildLiteBehavior [ RunTime:0.000015s ]
INFO: [ app_init ] --END-- [ RunTime:0.000524s ]
INFO: [ app_begin ] --START--
INFO: Run Behavior\ReadHtmlCacheBehavior [ RunTime:0.000681s ]
INFO: [ app_begin ] --END-- [ RunTime:0.000724s ]
SQL: SHOW COLUMNS FROM `stu_guestbook` [ RunTime:0.0072s ]
SQL: SELECT * FROM `stu_guestbook` WHERE ( id=25 )  [ RunTime:0.0004s ]
SQL: DELETE FROM `stu_guestbook` WHERE ( id=25 ) [ RunTime:0.0561s ]
INFO: [ app_end ] --START--
INFO: Run Behavior\ShowPageTraceBehavior [ RunTime:0.000961s ]
INFO: [ app_end ] --END-- [ RunTime:0.001013s ]

[ 2017-01-18T16:57:40+08:00 ] ::1 /stucontrol/Home/Index/guestbook_save.shtml
INFO: [ app_init ] --START--
INFO: Run Behavior\BuildLiteBehavior [ RunTime:0.000014s ]
INFO: [ app_init ] --END-- [ RunTime:0.000613s ]
INFO: [ app_begin ] --START--
INFO: Run Behavior\ReadHtmlCacheBehavior [ RunTime:0.000627s ]
INFO: [ app_begin ] --END-- [ RunTime:0.000674s ]

[ 2017-01-18T16:57:44+08:00 ] ::1 /stucontrol/Home/Index/guestbook.shtml
INFO: [ app_init ] --START--
INFO: Run Behavior\BuildLiteBehavior [ RunTime:0.000013s ]
INFO: [ app_init ] --END-- [ RunTime:0.000489s ]
INFO: [ app_begin ] --START--
INFO: Run Behavior\ReadHtmlCacheBehavior [ RunTime:0.000606s ]
INFO: [ app_begin ] --END-- [ RunTime:0.000649s ]
SQL: SHOW COLUMNS FROM `stu_guestbook` [ RunTime:0.0050s ]
SQL: SELECT * FROM `stu_guestbook` ORDER BY id desc LIMIT 0,10   [ RunTime:0.0005s ]
SQL: SHOW COLUMNS FROM `stu_guestbook_comment` [ RunTime:0.0046s ]
SQL: SELECT * FROM `stu_guestbook_comment` WHERE ( son_id=26 )  [ RunTime:0.0007s ]
NOTIC: [8] Undefined offset: 0 D:\phpStudy\WWW\stucontrol\App\Home\Controller\IndexController.class.php 第 848 行.
SQL: SELECT * FROM `stu_guestbook_comment` WHERE ( son_id=22 )  [ RunTime:0.0004s ]
NOTIC: [8] Undefined offset: 3 D:\phpStudy\WWW\stucontrol\App\Home\Controller\IndexController.class.php 第 848 行.
SQL: SELECT * FROM `stu_guestbook_comment` WHERE ( son_id=21 )  [ RunTime:0.0003s ]
NOTIC: [8] Undefined offset: 0 D:\phpStudy\WWW\stucontrol\App\Home\Controller\IndexController.class.php 第 848 行.
SQL: SELECT * FROM `stu_guestbook_comment` WHERE ( son_id=20 )  [ RunTime:0.0003s ]
NOTIC: [8] Undefined offset: 2 D:\phpStudy\WWW\stucontrol\App\Home\Controller\IndexController.class.php 第 848 行.
SQL: SELECT * FROM `stu_guestbook_comment` WHERE ( son_id=19 )  [ RunTime:0.0003s ]
NOTIC: [8] Undefined offset: 1 D:\phpStudy\WWW\stucontrol\App\Home\Controller\IndexController.class.php 第 848 行.
SQL: SELECT * FROM `stu_guestbook_comment` WHERE ( son_id=18 )  [ RunTime:0.0003s ]
NOTIC: [8] Undefined offset: 0 D:\phpStudy\WWW\stucontrol\App\Home\Controller\IndexController.class.php 第 848 行.
SQL: SELECT * FROM `stu_guestbook_comment` WHERE ( son_id=16 )  [ RunTime:0.0003s ]
NOTIC: [8] Undefined offset: 0 D:\phpStudy\WWW\stucontrol\App\Home\Controller\IndexController.class.php 第 848 行.
SQL: SELECT * FROM `stu_guestbook_comment` WHERE ( son_id=15 )  [ RunTime:0.0003s ]
NOTIC: [8] Undefined offset: 0 D:\phpStudy\WWW\stucontrol\App\Home\Controller\IndexController.class.php 第 848 行.
SQL: SELECT * FROM `stu_guestbook_comment` WHERE ( son_id=14 )  [ RunTime:0.0003s ]
NOTIC: [8] Undefined offset: 0 D:\phpStudy\WWW\stucontrol\App\Home\Controller\IndexController.class.php 第 848 行.
SQL: SELECT * FROM `stu_guestbook_comment` WHERE ( son_id=13 )  [ RunTime:0.0003s ]
NOTIC: [8] Undefined offset: 0 D:\phpStudy\WWW\stucontrol\App\Home\Controller\IndexController.class.php 第 848 行.
NOTIC: [8] Undefined offset: 10 D:\phpStudy\WWW\stucontrol\App\Home\Controller\IndexController.class.php 第 782 行.
SQL: SELECT COUNT(*) AS tp_count FROM `stu_guestbook` LIMIT 1   [ RunTime:0.0003s ]
INFO: [ view_parse ] --START--
INFO: [ template_filter ] --START--
INFO: Run Behavior\ContentReplaceBehavior [ RunTime:0.000058s ]
INFO: [ template_filter ] --END-- [ RunTime:0.000102s ]
INFO: Run Behavior\ParseTemplateBehavior [ RunTime:0.007262s ]
INFO: [ view_parse ] --END-- [ RunTime:0.007310s ]
INFO: [ view_filter ] --START--
INFO: Run Behavior\WriteHtmlCacheBehavior [ RunTime:0.000489s ]
INFO: [ view_filter ] --END-- [ RunTime:0.000554s ]
INFO: [ app_end ] --START--
INFO: Run Behavior\ShowPageTraceBehavior [ RunTime:0.000717s ]
INFO: [ app_end ] --END-- [ RunTime:0.000767s ]

[ 2017-01-18T16:57:44+08:00 ] ::1 /stucontrol/Home/Index/get_username.shtml
INFO: [ app_init ] --START--
INFO: Run Behavior\BuildLiteBehavior [ RunTime:0.000117s ]
INFO: [ app_init ] --END-- [ RunTime:0.001653s ]
INFO: [ app_begin ] --START--
INFO: Run Behavior\ReadHtmlCacheBehavior [ RunTime:0.001458s ]
INFO: [ app_begin ] --END-- [ RunTime:0.001596s ]
INFO: [ app_end ] --START--
INFO: Run Behavior\ShowPageTraceBehavior [ RunTime:0.001619s ]
INFO: [ app_end ] --END-- [ RunTime:0.001722s ]

[ 2017-01-18T16:57:45+08:00 ] ::1 /stucontrol/Home/Index/guestbook.shtml
INFO: [ app_init ] --START--
INFO: Run Behavior\BuildLiteBehavior [ RunTime:0.000035s ]
INFO: [ app_init ] --END-- [ RunTime:0.000943s ]
INFO: [ app_begin ] --START--
INFO: Run Behavior\ReadHtmlCacheBehavior [ RunTime:0.000639s ]
INFO: [ app_begin ] --END-- [ RunTime:0.000686s ]
SQL: SHOW COLUMNS FROM `stu_guestbook` [ RunTime:0.0064s ]
SQL: SELECT * FROM `stu_guestbook` ORDER BY id desc LIMIT 0,10   [ RunTime:0.0004s ]
SQL: SHOW COLUMNS FROM `stu_guestbook_comment` [ RunTime:0.0078s ]
SQL: SELECT * FROM `stu_guestbook_comment` WHERE ( son_id=26 )  [ RunTime:0.0007s ]
NOTIC: [8] Undefined offset: 0 D:\phpStudy\WWW\stucontrol\App\Home\Controller\IndexController.class.php 第 848 行.
SQL: SELECT * FROM `stu_guestbook_comment` WHERE ( son_id=22 )  [ RunTime:0.0007s ]
NOTIC: [8] Undefined offset: 3 D:\phpStudy\WWW\stucontrol\App\Home\Controller\IndexController.class.php 第 848 行.
SQL: SELECT * FROM `stu_guestbook_comment` WHERE ( son_id=21 )  [ RunTime:0.0004s ]
NOTIC: [8] Undefined offset: 0 D:\phpStudy\WWW\stucontrol\App\Home\Controller\IndexController.class.php 第 848 行.
SQL: SELECT * FROM `stu_guestbook_comment` WHERE ( son_id=20 )  [ RunTime:0.0004s ]
NOTIC: [8] Undefined offset: 2 D:\phpStudy\WWW\stucontrol\App\Home\Controller\IndexController.class.php 第 848 行.
SQL: SELECT * FROM `stu_guestbook_comment` WHERE ( son_id=19 )  [ RunTime:0.0004s ]
NOTIC: [8] Undefined offset: 1 D:\phpStudy\WWW\stucontrol\App\Home\Controller\IndexController.class.php 第 848 行.
SQL: SELECT * FROM `stu_guestbook_comment` WHERE ( son_id=18 )  [ RunTime:0.0004s ]
NOTIC: [8] Undefined offset: 0 D:\phpStudy\WWW\stucontrol\App\Home\Controller\IndexController.class.php 第 848 行.
SQL: SELECT * FROM `stu_guestbook_comment` WHERE ( son_id=16 )  [ RunTime:0.0004s ]
NOTIC: [8] Undefined offset: 0 D:\phpStudy\WWW\stucontrol\App\Home\Controller\IndexController.class.php 第 848 行.
SQL: SELECT * FROM `stu_guestbook_comment` WHERE ( son_id=15 )  [ RunTime:0.0004s ]
NOTIC: [8] Undefined offset: 0 D:\phpStudy\WWW\stucontrol\App\Home\Controller\IndexController.class.php 第 848 行.
SQL: SELECT * FROM `stu_guestbook_comment` WHERE ( son_id=14 )  [ RunTime:0.0004s ]
NOTIC: [8] Undefined offset: 0 D:\phpStudy\WWW\stucontrol\App\Home\Controller\IndexController.class.php 第 848 行.
SQL: SELECT * FROM `stu_guestbook_comment` WHERE ( son_id=13 )  [ RunTime:0.0003s ]
NOTIC: [8] Undefined offset: 0 D:\phpStudy\WWW\stucontrol\App\Home\Controller\IndexController.class.php 第 848 行.
NOTIC: [8] Undefined offset: 10 D:\phpStudy\WWW\stucontrol\App\Home\Controller\IndexController.class.php 第 782 行.
SQL: SELECT COUNT(*) AS tp_count FROM `stu_guestbook` LIMIT 1   [ RunTime:0.0003s ]
INFO: [ view_parse ] --START--
INFO: [ template_filter ] --START--
INFO: Run Behavior\ContentReplaceBehavior [ RunTime:0.000060s ]
INFO: [ template_filter ] --END-- [ RunTime:0.000108s ]
INFO: Run Behavior\ParseTemplateBehavior [ RunTime:0.008690s ]
INFO: [ view_parse ] --END-- [ RunTime:0.008757s ]
INFO: [ view_filter ] --START--
INFO: Run Behavior\WriteHtmlCacheBehavior [ RunTime:0.000404s ]
INFO: [ view_filter ] --END-- [ RunTime:0.000442s ]
INFO: [ app_end ] --START--
INFO: Run Behavior\ShowPageTraceBehavior [ RunTime:0.001088s ]
INFO: [ app_end ] --END-- [ RunTime:0.001185s ]

[ 2017-01-18T16:57:45+08:00 ] ::1 /stucontrol/Home/Index/get_username.shtml
INFO: [ app_init ] --START--
INFO: Run Behavior\BuildLiteBehavior [ RunTime:0.000034s ]
INFO: [ app_init ] --END-- [ RunTime:0.001394s ]
INFO: [ app_begin ] --START--
INFO: Run Behavior\ReadHtmlCacheBehavior [ RunTime:0.001369s ]
INFO: [ app_begin ] --END-- [ RunTime:0.001475s ]
INFO: [ app_end ] --START--
INFO: Run Behavior\ShowPageTraceBehavior [ RunTime:0.004260s ]
INFO: [ app_end ] --END-- [ RunTime:0.004370s ]

[ 2017-01-18T16:57:46+08:00 ] ::1 /stucontrol/Home/Index/validate_returncount.shtml
INFO: [ app_init ] --START--
INFO: Run Behavior\BuildLiteBehavior [ RunTime:0.000017s ]
INFO: [ app_init ] --END-- [ RunTime:0.000564s ]
INFO: [ app_begin ] --START--
INFO: Run Behavior\ReadHtmlCacheBehavior [ RunTime:0.000723s ]
INFO: [ app_begin ] --END-- [ RunTime:0.000805s ]
INFO: [ app_end ] --START--
INFO: Run Behavior\ShowPageTraceBehavior [ RunTime:0.000873s ]
INFO: [ app_end ] --END-- [ RunTime:0.000965s ]

[ 2017-01-18T16:57:47+08:00 ] ::1 /stucontrol/Home/Index/validate_returncount.shtml
INFO: [ app_init ] --START--
INFO: Run Behavior\BuildLiteBehavior [ RunTime:0.000018s ]
INFO: [ app_init ] --END-- [ RunTime:0.000622s ]
INFO: [ app_begin ] --START--
INFO: Run Behavior\ReadHtmlCacheBehavior [ RunTime:0.000791s ]
INFO: [ app_begin ] --END-- [ RunTime:0.000844s ]
INFO: [ app_end ] --START--
INFO: Run Behavior\ShowPageTraceBehavior [ RunTime:0.000923s ]
INFO: [ app_end ] --END-- [ RunTime:0.000975s ]

[ 2017-01-18T17:00:55+08:00 ] ::1 /stucontrol/Home/Index/guestbook_delete.shtml?id=26
INFO: [ app_init ] --START--
INFO: Run Behavior\BuildLiteBehavior [ RunTime:0.000016s ]
INFO: [ app_init ] --END-- [ RunTime:0.000938s ]
INFO: [ app_begin ] --START--
INFO: Run Behavior\ReadHtmlCacheBehavior [ RunTime:0.000667s ]
INFO: [ app_begin ] --END-- [ RunTime:0.000711s ]
SQL: SHOW COLUMNS FROM `stu_guestbook` [ RunTime:0.0056s ]
SQL: SELECT * FROM `stu_guestbook` WHERE ( id=26 )  [ RunTime:0.0005s ]
SQL: DELETE FROM `stu_guestbook` WHERE ( id=26 ) [ RunTime:0.0676s ]
INFO: [ app_end ] --START--
INFO: Run Behavior\ShowPageTraceBehavior [ RunTime:0.001165s ]
INFO: [ app_end ] --END-- [ RunTime:0.001209s ]

[ 2017-01-18T17:01:00+08:00 ] ::1 /stucontrol/Home/Index/guestbook.shtml
INFO: [ app_init ] --START--
INFO: Run Behavior\BuildLiteBehavior [ RunTime:0.000013s ]
INFO: [ app_init ] --END-- [ RunTime:0.000539s ]
INFO: [ app_begin ] --START--
INFO: Run Behavior\ReadHtmlCacheBehavior [ RunTime:0.000650s ]
INFO: [ app_begin ] --END-- [ RunTime:0.000693s ]
SQL: SHOW COLUMNS FROM `stu_guestbook` [ RunTime:0.0070s ]
SQL: SELECT * FROM `stu_guestbook` ORDER BY id desc LIMIT 0,10   [ RunTime:0.0004s ]
SQL: SHOW COLUMNS FROM `stu_guestbook_comment` [ RunTime:0.0059s ]
SQL: SELECT * FROM `stu_guestbook_comment` WHERE ( son_id=22 )  [ RunTime:0.0004s ]
NOTIC: [8] Undefined offset: 3 D:\phpStudy\WWW\stucontrol\App\Home\Controller\IndexController.class.php 第 848 行.
SQL: SELECT * FROM `stu_guestbook_comment` WHERE ( son_id=21 )  [ RunTime:0.0003s ]
NOTIC: [8] Undefined offset: 0 D:\phpStudy\WWW\stucontrol\App\Home\Controller\IndexController.class.php 第 848 行.
SQL: SELECT * FROM `stu_guestbook_comment` WHERE ( son_id=20 )  [ RunTime:0.0003s ]
NOTIC: [8] Undefined offset: 2 D:\phpStudy\WWW\stucontrol\App\Home\Controller\IndexController.class.php 第 848 行.
SQL: SELECT * FROM `stu_guestbook_comment` WHERE ( son_id=19 )  [ RunTime:0.0003s ]
NOTIC: [8] Undefined offset: 1 D:\phpStudy\WWW\stucontrol\App\Home\Controller\IndexController.class.php 第 848 行.
SQL: SELECT * FROM `stu_guestbook_comment` WHERE ( son_id=18 )  [ RunTime:0.0003s ]
NOTIC: [8] Undefined offset: 0 D:\phpStudy\WWW\stucontrol\App\Home\Controller\IndexController.class.php 第 848 行.
SQL: SELECT * FROM `stu_guestbook_comment` WHERE ( son_id=16 )  [ RunTime:0.0003s ]
NOTIC: [8] Undefined offset: 0 D:\phpStudy\WWW\stucontrol\App\Home\Controller\IndexController.class.php 第 848 行.
SQL: SELECT * FROM `stu_guestbook_comment` WHERE ( son_id=15 )  [ RunTime:0.0003s ]
NOTIC: [8] Undefined offset: 0 D:\phpStudy\WWW\stucontrol\App\Home\Controller\IndexController.class.php 第 848 行.
SQL: SELECT * FROM `stu_guestbook_comment` WHERE ( son_id=14 )  [ RunTime:0.0003s ]
NOTIC: [8] Undefined offset: 0 D:\phpStudy\WWW\stucontrol\App\Home\Controller\IndexController.class.php 第 848 行.
SQL: SELECT * FROM `stu_guestbook_comment` WHERE ( son_id=13 )  [ RunTime:0.0003s ]
NOTIC: [8] Undefined offset: 0 D:\phpStudy\WWW\stucontrol\App\Home\Controller\IndexController.class.php 第 848 行.
SQL: SELECT * FROM `stu_guestbook_comment` WHERE ( son_id=5 )  [ RunTime:0.0003s ]
NOTIC: [8] Undefined offset: 0 D:\phpStudy\WWW\stucontrol\App\Home\Controller\IndexController.class.php 第 848 行.
NOTIC: [8] Undefined offset: 10 D:\phpStudy\WWW\stucontrol\App\Home\Controller\IndexController.class.php 第 782 行.
SQL: SELECT COUNT(*) AS tp_count FROM `stu_guestbook` LIMIT 1   [ RunTime:0.0003s ]
INFO: [ view_parse ] --START--
INFO: [ template_filter ] --START--
INFO: Run Behavior\ContentReplaceBehavior [ RunTime:0.000059s ]
INFO: [ template_filter ] --END-- [ RunTime:0.000103s ]
INFO: Run Behavior\ParseTemplateBehavior [ RunTime:0.006987s ]
INFO: [ view_parse ] --END-- [ RunTime:0.007048s ]
INFO: [ view_filter ] --START--
INFO: Run Behavior\WriteHtmlCacheBehavior [ RunTime:0.000515s ]
INFO: [ view_filter ] --END-- [ RunTime:0.000567s ]
INFO: [ app_end ] --START--
INFO: Run Behavior\ShowPageTraceBehavior [ RunTime:0.001225s ]
INFO: [ app_end ] --END-- [ RunTime:0.001356s ]

[ 2017-01-18T17:01:00+08:00 ] ::1 /stucontrol/Home/Index/get_username.shtml
INFO: [ app_init ] --START--
INFO: Run Behavior\BuildLiteBehavior [ RunTime:0.000033s ]
INFO: [ app_init ] --END-- [ RunTime:0.001519s ]
INFO: [ app_begin ] --START--
INFO: Run Behavior\ReadHtmlCacheBehavior [ RunTime:0.001312s ]
INFO: [ app_begin ] --END-- [ RunTime:0.001447s ]
INFO: [ app_end ] --START--
INFO: Run Behavior\ShowPageTraceBehavior [ RunTime:0.001349s ]
INFO: [ app_end ] --END-- [ RunTime:0.001453s ]

[ 2017-01-18T17:01:00+08:00 ] ::1 /stucontrol/Home/Index/validate_returncount.shtml
INFO: [ app_init ] --START--
INFO: Run Behavior\BuildLiteBehavior [ RunTime:0.000025s ]
INFO: [ app_init ] --END-- [ RunTime:0.000768s ]
INFO: [ app_begin ] --START--
INFO: Run Behavior\ReadHtmlCacheBehavior [ RunTime:0.003139s ]
INFO: [ app_begin ] --END-- [ RunTime:0.003392s ]
INFO: [ app_end ] --START--
INFO: Run Behavior\ShowPageTraceBehavior [ RunTime:0.001137s ]
INFO: [ app_end ] --END-- [ RunTime:0.001246s ]

[ 2017-01-18T17:01:07+08:00 ] ::1 /stucontrol/Home/Index/guestbook_save.shtml
INFO: [ app_init ] --START--
INFO: Run Behavior\BuildLiteBehavior [ RunTime:0.000015s ]
INFO: [ app_init ] --END-- [ RunTime:0.000556s ]
INFO: [ app_begin ] --START--
INFO: Run Behavior\ReadHtmlCacheBehavior [ RunTime:0.000697s ]
INFO: [ app_begin ] --END-- [ RunTime:0.000747s ]

[ 2017-01-18T17:04:34+08:00 ] ::1 /stucontrol/Home/Index/guestbook_save.shtml
INFO: [ app_init ] --START--
INFO: Run Behavior\BuildLiteBehavior [ RunTime:0.000019s ]
INFO: [ app_init ] --END-- [ RunTime:0.000543s ]
INFO: [ app_begin ] --START--
INFO: Run Behavior\ReadHtmlCacheBehavior [ RunTime:0.001519s ]
INFO: [ app_begin ] --END-- [ RunTime:0.001643s ]

[ 2017-01-18T17:04:51+08:00 ] ::1 /stucontrol/Home/Index/guestbook_save.shtml
INFO: [ app_init ] --START--
INFO: Run Behavior\BuildLiteBehavior [ RunTime:0.000014s ]
INFO: [ app_init ] --END-- [ RunTime:0.000495s ]
INFO: [ app_begin ] --START--
INFO: Run Behavior\ReadHtmlCacheBehavior [ RunTime:0.000694s ]
INFO: [ app_begin ] --END-- [ RunTime:0.000766s ]

[ 2017-01-18T17:06:15+08:00 ] ::1 /stucontrol/Home/Index/guestbook_save.shtml
INFO: [ app_init ] --START--
INFO: Run Behavior\BuildLiteBehavior [ RunTime:0.000018s ]
INFO: [ app_init ] --END-- [ RunTime:0.000544s ]
INFO: [ app_begin ] --START--
INFO: Run Behavior\ReadHtmlCacheBehavior [ RunTime:0.000657s ]
INFO: [ app_begin ] --END-- [ RunTime:0.000704s ]

[ 2017-01-18T17:19:51+08:00 ] ::1 /stucontrol/Home/Index/guestbook.shtml
INFO: [ app_init ] --START--
INFO: Run Behavior\BuildLiteBehavior [ RunTime:0.000018s ]
INFO: [ app_init ] --END-- [ RunTime:0.000606s ]
INFO: [ app_begin ] --START--
INFO: Run Behavior\ReadHtmlCacheBehavior [ RunTime:0.001472s ]
INFO: [ app_begin ] --END-- [ RunTime:0.001565s ]
SQL: SHOW COLUMNS FROM `stu_guestbook` [ RunTime:0.0055s ]
SQL: SELECT * FROM `stu_guestbook` ORDER BY id desc LIMIT 0,10   [ RunTime:0.0004s ]
SQL: SHOW COLUMNS FROM `stu_guestbook_comment` [ RunTime:0.0053s ]
SQL: SELECT * FROM `stu_guestbook_comment` WHERE ( son_id=27 )  [ RunTime:0.0003s ]
NOTIC: [8] Undefined offset: 0 D:\phpStudy\WWW\stucontrol\App\Home\Controller\IndexController.class.php 第 848 行.
SQL: SELECT * FROM `stu_guestbook_comment` WHERE ( son_id=22 )  [ RunTime:0.0003s ]
NOTIC: [8] Undefined offset: 3 D:\phpStudy\WWW\stucontrol\App\Home\Controller\IndexController.class.php 第 848 行.
SQL: SELECT * FROM `stu_guestbook_comment` WHERE ( son_id=21 )  [ RunTime:0.0003s ]
NOTIC: [8] Undefined offset: 0 D:\phpStudy\WWW\stucontrol\App\Home\Controller\IndexController.class.php 第 848 行.
SQL: SELECT * FROM `stu_guestbook_comment` WHERE ( son_id=20 )  [ RunTime:0.0003s ]
NOTIC: [8] Undefined offset: 2 D:\phpStudy\WWW\stucontrol\App\Home\Controller\IndexController.class.php 第 848 行.
SQL: SELECT * FROM `stu_guestbook_comment` WHERE ( son_id=19 )  [ RunTime:0.0003s ]
NOTIC: [8] Undefined offset: 1 D:\phpStudy\WWW\stucontrol\App\Home\Controller\IndexController.class.php 第 848 行.
SQL: SELECT * FROM `stu_guestbook_comment` WHERE ( son_id=18 )  [ RunTime:0.0003s ]
NOTIC: [8] Undefined offset: 0 D:\phpStudy\WWW\stucontrol\App\Home\Controller\IndexController.class.php 第 848 行.
SQL: SELECT * FROM `stu_guestbook_comment` WHERE ( son_id=16 )  [ RunTime:0.0003s ]
NOTIC: [8] Undefined offset: 0 D:\phpStudy\WWW\stucontrol\App\Home\Controller\IndexController.class.php 第 848 行.
SQL: SELECT * FROM `stu_guestbook_comment` WHERE ( son_id=15 )  [ RunTime:0.0003s ]
NOTIC: [8] Undefined offset: 0 D:\phpStudy\WWW\stucontrol\App\Home\Controller\IndexController.class.php 第 848 行.
SQL: SELECT * FROM `stu_guestbook_comment` WHERE ( son_id=14 )  [ RunTime:0.0003s ]
NOTIC: [8] Undefined offset: 0 D:\phpStudy\WWW\stucontrol\App\Home\Controller\IndexController.class.php 第 848 行.
SQL: SELECT * FROM `stu_guestbook_comment` WHERE ( son_id=13 )  [ RunTime:0.0003s ]
NOTIC: [8] Undefined offset: 0 D:\phpStudy\WWW\stucontrol\App\Home\Controller\IndexController.class.php 第 848 行.
NOTIC: [8] Undefined offset: 10 D:\phpStudy\WWW\stucontrol\App\Home\Controller\IndexController.class.php 第 782 行.
SQL: SELECT COUNT(*) AS tp_count FROM `stu_guestbook` LIMIT 1   [ RunTime:0.0004s ]
INFO: [ view_parse ] --START--
INFO: [ template_filter ] --START--
INFO: Run Behavior\ContentReplaceBehavior [ RunTime:0.000063s ]
INFO: [ template_filter ] --END-- [ RunTime:0.000110s ]
INFO: Run Behavior\ParseTemplateBehavior [ RunTime:0.015144s ]
INFO: [ view_parse ] --END-- [ RunTime:0.015185s ]
INFO: [ view_filter ] --START--
INFO: Run Behavior\WriteHtmlCacheBehavior [ RunTime:0.000448s ]
INFO: [ view_filter ] --END-- [ RunTime:0.000481s ]
INFO: [ app_end ] --START--
INFO: Run Behavior\ShowPageTraceBehavior [ RunTime:0.000793s ]
INFO: [ app_end ] --END-- [ RunTime:0.000843s ]

[ 2017-01-18T17:19:51+08:00 ] ::1 /stucontrol/Home/Index/get_username.shtml
INFO: [ app_init ] --START--
INFO: Run Behavior\BuildLiteBehavior [ RunTime:0.000106s ]
INFO: [ app_init ] --END-- [ RunTime:0.002782s ]
INFO: [ app_begin ] --START--
INFO: Run Behavior\ReadHtmlCacheBehavior [ RunTime:0.001715s ]
INFO: [ app_begin ] --END-- [ RunTime:0.001917s ]
INFO: [ app_end ] --START--
INFO: Run Behavior\ShowPageTraceBehavior [ RunTime:0.003916s ]
INFO: [ app_end ] --END-- [ RunTime:0.004014s ]

[ 2017-01-18T17:19:51+08:00 ] ::1 /stucontrol/Home/Index/validate_returncount.shtml
INFO: [ app_init ] --START--
INFO: Run Behavior\BuildLiteBehavior [ RunTime:0.000038s ]
INFO: [ app_init ] --END-- [ RunTime:0.001216s ]
INFO: [ app_begin ] --START--
INFO: Run Behavior\ReadHtmlCacheBehavior [ RunTime:0.003390s ]
INFO: [ app_begin ] --END-- [ RunTime:0.003937s ]
INFO: [ app_end ] --START--
INFO: Run Behavior\ShowPageTraceBehavior [ RunTime:0.000807s ]
INFO: [ app_end ] --END-- [ RunTime:0.000877s ]

