[ 2017-10-23T10:46:19+08:00 ] ::1 /stucontrol/
INFO: [ app_init ] --START--
INFO: Run Behavior\BuildLiteBehavior [ RunTime:0.000013s ]
INFO: [ app_init ] --END-- [ RunTime:0.023151s ]
INFO: [ app_begin ] --START--
INFO: Run Behavior\ReadHtmlCacheBehavior [ RunTime:0.013414s ]
INFO: [ app_begin ] --END-- [ RunTime:0.013472s ]
SQL: SHOW COLUMNS FROM `stu_information` [ RunTime:0.0697s ]
SQL: SELECT * FROM `stu_information` ORDER BY id desc LIMIT 0,8   [ RunTime:0.1958s ]
NOTIC: [8] Undefined offset: 5 D:\phpStudy\WWW\stucontrol\App\Home\Controller\IndexController.class.php 第 1031 行.
SQL: SELECT `title`,`id`,`kind` FROM `stu_information` ORDER BY id desc  [ RunTime:0.1050s ]
NOTIC: [8] Undefined offset: 5 D:\phpStudy\WWW\stucontrol\App\Home\Controller\IndexController.class.php 第 574 行.
SQL: SELECT `title`,`id`,`kind` FROM `stu_information` ORDER BY id desc  [ RunTime:0.4424s ]
NOTIC: [8] Undefined offset: 5 D:\phpStudy\WWW\stucontrol\App\Home\Controller\IndexController.class.php 第 602 行.
SQL: SHOW COLUMNS FROM `stu_dorm` [ RunTime:0.3674s ]
SQL: SELECT `dorm`,`id`,`reportdate` FROM `stu_dorm` ORDER BY id desc LIMIT 0,5   [ RunTime:0.1937s ]
NOTIC: [8] Undefined offset: 5 D:\phpStudy\WWW\stucontrol\App\Home\Controller\IndexController.class.php 第 634 行.
NOTIC: [2] Missing argument 1 for Think\Controller::show(), called in D:\phpStudy\WWW\stucontrol\App\Home\Controller\IndexController.class.php on line 21 and defined D:\phpStudy\WWW\stucontrol\ThinkPHP\Library\Think\Controller.class.php 第 68 行.
NOTIC: [8] Undefined variable: content D:\phpStudy\WWW\stucontrol\ThinkPHP\Library\Think\Controller.class.php 第 69 行.
INFO: [ view_parse ] --START--
INFO: [ template_filter ] --START--
INFO: Run Behavior\ContentReplaceBehavior [ RunTime:0.000088s ]
INFO: [ template_filter ] --END-- [ RunTime:0.000129s ]
INFO: Run Behavior\ParseTemplateBehavior [ RunTime:0.179982s ]
INFO: [ view_parse ] --END-- [ RunTime:0.180030s ]
INFO: [ view_filter ] --START--
INFO: Run Behavior\WriteHtmlCacheBehavior [ RunTime:0.010870s ]
INFO: [ view_filter ] --END-- [ RunTime:0.010909s ]
INFO: [ app_end ] --START--
INFO: Run Behavior\ShowPageTraceBehavior [ RunTime:0.009796s ]
INFO: [ app_end ] --END-- [ RunTime:0.009841s ]

[ 2017-10-23T10:46:21+08:00 ] ::1 /stucontrol/Home/Index/dorm.shtml
INFO: [ app_init ] --START--
INFO: Run Behavior\BuildLiteBehavior [ RunTime:0.000017s ]
INFO: [ app_init ] --END-- [ RunTime:0.000694s ]
INFO: [ app_begin ] --START--
INFO: Run Behavior\ReadHtmlCacheBehavior [ RunTime:0.001058s ]
INFO: [ app_begin ] --END-- [ RunTime:0.001150s ]
INFO: [ view_parse ] --START--
INFO: [ template_filter ] --START--
INFO: Run Behavior\ContentReplaceBehavior [ RunTime:0.000063s ]
INFO: [ template_filter ] --END-- [ RunTime:0.000109s ]
INFO: Run Behavior\ParseTemplateBehavior [ RunTime:0.042379s ]
INFO: [ view_parse ] --END-- [ RunTime:0.042449s ]
INFO: [ view_filter ] --START--
INFO: Run Behavior\WriteHtmlCacheBehavior [ RunTime:0.000952s ]
INFO: [ view_filter ] --END-- [ RunTime:0.001018s ]
INFO: [ app_end ] --START--
INFO: Run Behavior\ShowPageTraceBehavior [ RunTime:0.001234s ]
INFO: [ app_end ] --END-- [ RunTime:0.001301s ]

[ 2017-10-23T10:46:22+08:00 ] ::1 /stucontrol/Home/Index/teach_log.shtml
INFO: [ app_init ] --START--
INFO: Run Behavior\BuildLiteBehavior [ RunTime:0.000018s ]
INFO: [ app_init ] --END-- [ RunTime:0.000852s ]
INFO: [ app_begin ] --START--
INFO: Run Behavior\ReadHtmlCacheBehavior [ RunTime:0.001758s ]
INFO: [ app_begin ] --END-- [ RunTime:0.001912s ]

[ 2017-10-23T10:46:22+08:00 ] ::1 /stucontrol/Home/Index/admin_teacher.shtml
INFO: [ app_init ] --START--
INFO: Run Behavior\BuildLiteBehavior [ RunTime:0.000010s ]
INFO: [ app_init ] --END-- [ RunTime:0.000450s ]
INFO: [ app_begin ] --START--
INFO: Run Behavior\ReadHtmlCacheBehavior [ RunTime:0.000607s ]
INFO: [ app_begin ] --END-- [ RunTime:0.000653s ]
INFO: [ view_parse ] --START--
INFO: [ template_filter ] --START--
INFO: Run Behavior\ContentReplaceBehavior [ RunTime:0.000059s ]
INFO: [ template_filter ] --END-- [ RunTime:0.000104s ]
INFO: Run Behavior\ParseTemplateBehavior [ RunTime:0.015149s ]
INFO: [ view_parse ] --END-- [ RunTime:0.015201s ]
INFO: [ view_filter ] --START--
INFO: Run Behavior\WriteHtmlCacheBehavior [ RunTime:0.000416s ]
INFO: [ view_filter ] --END-- [ RunTime:0.000446s ]
INFO: [ app_end ] --START--
INFO: Run Behavior\ShowPageTraceBehavior [ RunTime:0.000570s ]
INFO: [ app_end ] --END-- [ RunTime:0.000602s ]

[ 2017-10-23T11:19:06+08:00 ] ::1 /stucontrol/
INFO: [ app_init ] --START--
INFO: Run Behavior\BuildLiteBehavior [ RunTime:0.000011s ]
INFO: [ app_init ] --END-- [ RunTime:0.000652s ]
INFO: [ app_begin ] --START--
INFO: Run Behavior\ReadHtmlCacheBehavior [ RunTime:0.001042s ]
INFO: [ app_begin ] --END-- [ RunTime:0.001091s ]
NOTIC: [2] PDO::__construct(): MySQL server has gone away D:\phpStudy\WWW\stucontrol\ThinkPHP\Library\Think\Db\Driver.class.php 第 103 行.
NOTIC: [2] PDO::__construct(): Error while reading greeting packet. PID=5876 D:\phpStudy\WWW\stucontrol\ThinkPHP\Library\Think\Db\Driver.class.php 第 103 行.
ERR: SQLSTATE[HY000] [2006] MySQL server has gone away

[ 2017-10-23T11:19:23+08:00 ] ::1 /stucontrol/
INFO: [ app_init ] --START--
INFO: Run Behavior\BuildLiteBehavior [ RunTime:0.000011s ]
INFO: [ app_init ] --END-- [ RunTime:0.000587s ]
INFO: [ app_begin ] --START--
INFO: Run Behavior\ReadHtmlCacheBehavior [ RunTime:0.000689s ]
INFO: [ app_begin ] --END-- [ RunTime:0.000729s ]
SQL: SHOW COLUMNS FROM `stu_information` [ RunTime:0.0648s ]
SQL: SELECT * FROM `stu_information` ORDER BY id desc LIMIT 0,8   [ RunTime:0.0705s ]
NOTIC: [8] Undefined offset: 5 D:\phpStudy\WWW\stucontrol\App\Home\Controller\IndexController.class.php 第 1031 行.
SQL: SELECT `title`,`id`,`kind` FROM `stu_information` ORDER BY id desc  [ RunTime:0.0637s ]
NOTIC: [8] Undefined offset: 5 D:\phpStudy\WWW\stucontrol\App\Home\Controller\IndexController.class.php 第 574 行.
SQL: SELECT `title`,`id`,`kind` FROM `stu_information` ORDER BY id desc  [ RunTime:0.0616s ]
NOTIC: [8] Undefined offset: 5 D:\phpStudy\WWW\stucontrol\App\Home\Controller\IndexController.class.php 第 602 行.
SQL: SHOW COLUMNS FROM `stu_dorm` [ RunTime:0.0611s ]
SQL: SELECT `dorm`,`id`,`reportdate` FROM `stu_dorm` ORDER BY id desc LIMIT 0,5   [ RunTime:0.0607s ]
NOTIC: [8] Undefined offset: 5 D:\phpStudy\WWW\stucontrol\App\Home\Controller\IndexController.class.php 第 634 行.
NOTIC: [2] Missing argument 1 for Think\Controller::show(), called in D:\phpStudy\WWW\stucontrol\App\Home\Controller\IndexController.class.php on line 21 and defined D:\phpStudy\WWW\stucontrol\ThinkPHP\Library\Think\Controller.class.php 第 68 行.
NOTIC: [8] Undefined variable: content D:\phpStudy\WWW\stucontrol\ThinkPHP\Library\Think\Controller.class.php 第 69 行.
INFO: [ view_parse ] --START--
INFO: [ template_filter ] --START--
INFO: Run Behavior\ContentReplaceBehavior [ RunTime:0.000081s ]
INFO: [ template_filter ] --END-- [ RunTime:0.000127s ]
INFO: Run Behavior\ParseTemplateBehavior [ RunTime:0.017326s ]
INFO: [ view_parse ] --END-- [ RunTime:0.017368s ]
INFO: [ view_filter ] --START--
INFO: Run Behavior\WriteHtmlCacheBehavior [ RunTime:0.000599s ]
INFO: [ view_filter ] --END-- [ RunTime:0.000628s ]
INFO: [ app_end ] --START--
INFO: Run Behavior\ShowPageTraceBehavior [ RunTime:0.001060s ]
INFO: [ app_end ] --END-- [ RunTime:0.001117s ]

[ 2017-10-23T11:19:27+08:00 ] ::1 /stucontrol/Home/Index/guestbook.shtml
INFO: [ app_init ] --START--
INFO: Run Behavior\BuildLiteBehavior [ RunTime:0.000011s ]
INFO: [ app_init ] --END-- [ RunTime:0.000562s ]
INFO: [ app_begin ] --START--
INFO: Run Behavior\ReadHtmlCacheBehavior [ RunTime:0.000812s ]
INFO: [ app_begin ] --END-- [ RunTime:0.000859s ]
SQL: SHOW COLUMNS FROM `stu_guestbook` [ RunTime:0.0621s ]
SQL: SELECT * FROM `stu_guestbook` ORDER BY id desc LIMIT 0,10   [ RunTime:0.0880s ]
NOTIC: [8] Undefined index: user_student_classnumber D:\phpStudy\WWW\stucontrol\App\Home\Controller\IndexController.class.php 第 783 行.
NOTIC: [8] Undefined index: user_student_classnumber D:\phpStudy\WWW\stucontrol\App\Home\Controller\IndexController.class.php 第 783 行.
SQL: SHOW COLUMNS FROM `stu_guestbook_comment` [ RunTime:0.0625s ]
SQL: SELECT * FROM `stu_guestbook_comment` WHERE ( son_id=25 )  [ RunTime:0.0665s ]
NOTIC: [8] Undefined offset: 0 D:\phpStudy\WWW\stucontrol\App\Home\Controller\IndexController.class.php 第 848 行.
NOTIC: [8] Undefined index: user_student_classnumber D:\phpStudy\WWW\stucontrol\App\Home\Controller\IndexController.class.php 第 783 行.
NOTIC: [8] Undefined index: user_student_classnumber D:\phpStudy\WWW\stucontrol\App\Home\Controller\IndexController.class.php 第 783 行.
SQL: SELECT * FROM `stu_guestbook_comment` WHERE ( son_id=22 )  [ RunTime:0.0669s ]
NOTIC: [8] Undefined offset: 0 D:\phpStudy\WWW\stucontrol\App\Home\Controller\IndexController.class.php 第 848 行.
NOTIC: [8] Undefined index: user_student_classnumber D:\phpStudy\WWW\stucontrol\App\Home\Controller\IndexController.class.php 第 783 行.
NOTIC: [8] Undefined index: user_student_classnumber D:\phpStudy\WWW\stucontrol\App\Home\Controller\IndexController.class.php 第 783 行.
SQL: SELECT * FROM `stu_guestbook_comment` WHERE ( son_id=16 )  [ RunTime:0.0638s ]
NOTIC: [8] Undefined index: user_student_classnumber D:\phpStudy\WWW\stucontrol\App\Home\Controller\IndexController.class.php 第 858 行.
NOTIC: [8] Undefined index: user_student_classnumber D:\phpStudy\WWW\stucontrol\App\Home\Controller\IndexController.class.php 第 858 行.
NOTIC: [8] Undefined index: user_student_classnumber D:\phpStudy\WWW\stucontrol\App\Home\Controller\IndexController.class.php 第 858 行.
NOTIC: [8] Undefined index: user_student_classnumber D:\phpStudy\WWW\stucontrol\App\Home\Controller\IndexController.class.php 第 858 行.
NOTIC: [8] Undefined offset: 2 D:\phpStudy\WWW\stucontrol\App\Home\Controller\IndexController.class.php 第 848 行.
NOTIC: [8] Undefined index: user_student_classnumber D:\phpStudy\WWW\stucontrol\App\Home\Controller\IndexController.class.php 第 783 行.
NOTIC: [8] Undefined index: user_student_classnumber D:\phpStudy\WWW\stucontrol\App\Home\Controller\IndexController.class.php 第 783 行.
SQL: SELECT * FROM `stu_guestbook_comment` WHERE ( son_id=15 )  [ RunTime:0.0655s ]
NOTIC: [8] Undefined index: user_student_classnumber D:\phpStudy\WWW\stucontrol\App\Home\Controller\IndexController.class.php 第 858 行.
NOTIC: [8] Undefined index: user_student_classnumber D:\phpStudy\WWW\stucontrol\App\Home\Controller\IndexController.class.php 第 858 行.
NOTIC: [8] Undefined index: user_student_classnumber D:\phpStudy\WWW\stucontrol\App\Home\Controller\IndexController.class.php 第 858 行.
NOTIC: [8] Undefined index: user_student_classnumber D:\phpStudy\WWW\stucontrol\App\Home\Controller\IndexController.class.php 第 858 行.
NOTIC: [8] Undefined index: user_student_classnumber D:\phpStudy\WWW\stucontrol\App\Home\Controller\IndexController.class.php 第 858 行.
NOTIC: [8] Undefined index: user_student_classnumber D:\phpStudy\WWW\stucontrol\App\Home\Controller\IndexController.class.php 第 858 行.
NOTIC: [8] Undefined offset: 3 D:\phpStudy\WWW\stucontrol\App\Home\Controller\IndexController.class.php 第 848 行.
NOTIC: [8] Undefined index: user_student_classnumber D:\phpStudy\WWW\stucontrol\App\Home\Controller\IndexController.class.php 第 783 行.
NOTIC: [8] Undefined index: user_student_classnumber D:\phpStudy\WWW\stucontrol\App\Home\Controller\IndexController.class.php 第 783 行.
SQL: SELECT * FROM `stu_guestbook_comment` WHERE ( son_id=14 )  [ RunTime:0.0663s ]
NOTIC: [8] Undefined index: user_student_classnumber D:\phpStudy\WWW\stucontrol\App\Home\Controller\IndexController.class.php 第 858 行.
NOTIC: [8] Undefined index: user_student_classnumber D:\phpStudy\WWW\stucontrol\App\Home\Controller\IndexController.class.php 第 858 行.
NOTIC: [8] Undefined index: user_student_classnumber D:\phpStudy\WWW\stucontrol\App\Home\Controller\IndexController.class.php 第 858 行.
NOTIC: [8] Undefined index: user_student_classnumber D:\phpStudy\WWW\stucontrol\App\Home\Controller\IndexController.class.php 第 858 行.
NOTIC: [8] Undefined index: user_student_classnumber D:\phpStudy\WWW\stucontrol\App\Home\Controller\IndexController.class.php 第 858 行.
NOTIC: [8] Undefined index: user_student_classnumber D:\phpStudy\WWW\stucontrol\App\Home\Controller\IndexController.class.php 第 858 行.
NOTIC: [8] Undefined offset: 3 D:\phpStudy\WWW\stucontrol\App\Home\Controller\IndexController.class.php 第 848 行.
NOTIC: [8] Undefined index: user_student_classnumber D:\phpStudy\WWW\stucontrol\App\Home\Controller\IndexController.class.php 第 783 行.
NOTIC: [8] Undefined index: user_student_classnumber D:\phpStudy\WWW\stucontrol\App\Home\Controller\IndexController.class.php 第 783 行.
SQL: SELECT * FROM `stu_guestbook_comment` WHERE ( son_id=13 )  [ RunTime:0.0615s ]
NOTIC: [8] Undefined offset: 0 D:\phpStudy\WWW\stucontrol\App\Home\Controller\IndexController.class.php 第 848 行.
NOTIC: [8] Undefined index: user_student_classnumber D:\phpStudy\WWW\stucontrol\App\Home\Controller\IndexController.class.php 第 783 行.
NOTIC: [8] Undefined index: user_student_classnumber D:\phpStudy\WWW\stucontrol\App\Home\Controller\IndexController.class.php 第 783 行.
SQL: SELECT * FROM `stu_guestbook_comment` WHERE ( son_id=12 )  [ RunTime:0.0634s ]
NOTIC: [8] Undefined offset: 0 D:\phpStudy\WWW\stucontrol\App\Home\Controller\IndexController.class.php 第 848 行.
NOTIC: [8] Undefined index: user_student_classnumber D:\phpStudy\WWW\stucontrol\App\Home\Controller\IndexController.class.php 第 783 行.
NOTIC: [8] Undefined index: user_student_classnumber D:\phpStudy\WWW\stucontrol\App\Home\Controller\IndexController.class.php 第 783 行.
SQL: SELECT * FROM `stu_guestbook_comment` WHERE ( son_id=11 )  [ RunTime:0.0653s ]
NOTIC: [8] Undefined index: user_student_classnumber D:\phpStudy\WWW\stucontrol\App\Home\Controller\IndexController.class.php 第 858 行.
NOTIC: [8] Undefined index: user_student_classnumber D:\phpStudy\WWW\stucontrol\App\Home\Controller\IndexController.class.php 第 858 行.
NOTIC: [8] Undefined offset: 1 D:\phpStudy\WWW\stucontrol\App\Home\Controller\IndexController.class.php 第 848 行.
NOTIC: [8] Undefined index: user_student_classnumber D:\phpStudy\WWW\stucontrol\App\Home\Controller\IndexController.class.php 第 783 行.
NOTIC: [8] Undefined index: user_student_classnumber D:\phpStudy\WWW\stucontrol\App\Home\Controller\IndexController.class.php 第 783 行.
SQL: SELECT * FROM `stu_guestbook_comment` WHERE ( son_id=10 )  [ RunTime:0.0649s ]
NOTIC: [8] Undefined offset: 0 D:\phpStudy\WWW\stucontrol\App\Home\Controller\IndexController.class.php 第 848 行.
NOTIC: [8] Undefined index: user_student_classnumber D:\phpStudy\WWW\stucontrol\App\Home\Controller\IndexController.class.php 第 783 行.
NOTIC: [8] Undefined index: user_student_classnumber D:\phpStudy\WWW\stucontrol\App\Home\Controller\IndexController.class.php 第 783 行.
SQL: SELECT * FROM `stu_guestbook_comment` WHERE ( son_id=9 )  [ RunTime:0.0644s ]
NOTIC: [8] Undefined offset: 0 D:\phpStudy\WWW\stucontrol\App\Home\Controller\IndexController.class.php 第 848 行.
NOTIC: [8] Undefined offset: 10 D:\phpStudy\WWW\stucontrol\App\Home\Controller\IndexController.class.php 第 782 行.
SQL: SELECT COUNT(*) AS tp_count FROM `stu_guestbook` LIMIT 1   [ RunTime:0.0681s ]
NOTIC: [8] Undefined index: user_student_classname D:\phpStudy\WWW\stucontrol\App\Home\Controller\IndexController.class.php 第 320 行.
INFO: [ view_parse ] --START--
INFO: [ template_filter ] --START--
INFO: Run Behavior\ContentReplaceBehavior [ RunTime:0.000067s ]
INFO: [ template_filter ] --END-- [ RunTime:0.000107s ]
INFO: Run Behavior\ParseTemplateBehavior [ RunTime:0.063801s ]
INFO: [ view_parse ] --END-- [ RunTime:0.063847s ]
INFO: [ view_filter ] --START--
INFO: Run Behavior\WriteHtmlCacheBehavior [ RunTime:0.000687s ]
INFO: [ view_filter ] --END-- [ RunTime:0.000723s ]
INFO: [ app_end ] --START--
INFO: Run Behavior\ShowPageTraceBehavior [ RunTime:0.001088s ]
INFO: [ app_end ] --END-- [ RunTime:0.001159s ]

[ 2017-10-23T11:19:27+08:00 ] ::1 /stucontrol/Home/Index/get_username.shtml
INFO: [ app_init ] --START--
INFO: Run Behavior\BuildLiteBehavior [ RunTime:0.000016s ]
INFO: [ app_init ] --END-- [ RunTime:0.000895s ]
INFO: [ app_begin ] --START--
INFO: Run Behavior\ReadHtmlCacheBehavior [ RunTime:0.000960s ]
INFO: [ app_begin ] --END-- [ RunTime:0.001025s ]

[ 2017-10-23T11:19:28+08:00 ] ::1 /stucontrol/Home/Index/validate_returncount.shtml
INFO: [ app_init ] --START--
INFO: Run Behavior\BuildLiteBehavior [ RunTime:0.000012s ]
INFO: [ app_init ] --END-- [ RunTime:0.000569s ]
INFO: [ app_begin ] --START--
INFO: Run Behavior\ReadHtmlCacheBehavior [ RunTime:0.000691s ]
INFO: [ app_begin ] --END-- [ RunTime:0.000730s ]
INFO: [ app_end ] --START--
INFO: Run Behavior\ShowPageTraceBehavior [ RunTime:0.000783s ]
INFO: [ app_end ] --END-- [ RunTime:0.000829s ]

[ 2017-10-23T11:19:43+08:00 ] ::1 /stucontrol/Home/Index/admin.shtml
INFO: [ app_init ] --START--
INFO: Run Behavior\BuildLiteBehavior [ RunTime:0.000011s ]
INFO: [ app_init ] --END-- [ RunTime:0.000562s ]
INFO: [ app_begin ] --START--
INFO: Run Behavior\ReadHtmlCacheBehavior [ RunTime:0.000677s ]
INFO: [ app_begin ] --END-- [ RunTime:0.000718s ]
INFO: [ view_parse ] --START--
INFO: [ template_filter ] --START--
INFO: Run Behavior\ContentReplaceBehavior [ RunTime:0.000054s ]
INFO: [ template_filter ] --END-- [ RunTime:0.000097s ]
INFO: Run Behavior\ParseTemplateBehavior [ RunTime:0.018181s ]
INFO: [ view_parse ] --END-- [ RunTime:0.018232s ]
INFO: [ view_filter ] --START--
INFO: Run Behavior\WriteHtmlCacheBehavior [ RunTime:0.000610s ]
INFO: [ view_filter ] --END-- [ RunTime:0.000641s ]
INFO: [ app_end ] --START--
INFO: Run Behavior\ShowPageTraceBehavior [ RunTime:0.000716s ]
INFO: [ app_end ] --END-- [ RunTime:0.000747s ]

[ 2017-10-23T11:19:49+08:00 ] ::1 /stucontrol/Home/Index/teach_log.shtml
INFO: [ app_init ] --START--
INFO: Run Behavior\BuildLiteBehavior [ RunTime:0.000011s ]
INFO: [ app_init ] --END-- [ RunTime:0.000561s ]
INFO: [ app_begin ] --START--
INFO: Run Behavior\ReadHtmlCacheBehavior [ RunTime:0.000813s ]
INFO: [ app_begin ] --END-- [ RunTime:0.000893s ]

[ 2017-10-23T11:19:49+08:00 ] ::1 /stucontrol/Home/Index/admin_teacher.shtml
INFO: [ app_init ] --START--
INFO: Run Behavior\BuildLiteBehavior [ RunTime:0.000010s ]
INFO: [ app_init ] --END-- [ RunTime:0.000553s ]
INFO: [ app_begin ] --START--
INFO: Run Behavior\ReadHtmlCacheBehavior [ RunTime:0.000822s ]
INFO: [ app_begin ] --END-- [ RunTime:0.000888s ]
INFO: [ view_parse ] --START--
INFO: [ template_filter ] --START--
INFO: Run Behavior\ContentReplaceBehavior [ RunTime:0.000058s ]
INFO: [ template_filter ] --END-- [ RunTime:0.000108s ]
INFO: Run Behavior\ParseTemplateBehavior [ RunTime:0.006883s ]
INFO: [ view_parse ] --END-- [ RunTime:0.006928s ]
INFO: [ view_filter ] --START--
INFO: Run Behavior\WriteHtmlCacheBehavior [ RunTime:0.001613s ]
INFO: [ view_filter ] --END-- [ RunTime:0.001699s ]
INFO: [ app_end ] --START--
INFO: Run Behavior\ShowPageTraceBehavior [ RunTime:0.000934s ]
INFO: [ app_end ] --END-- [ RunTime:0.000979s ]

[ 2017-10-23T11:19:58+08:00 ] ::1 /stucontrol/Home/Index/validate_handle.shtml
INFO: [ app_init ] --START--
INFO: Run Behavior\BuildLiteBehavior [ RunTime:0.000011s ]
INFO: [ app_init ] --END-- [ RunTime:0.000557s ]
INFO: [ app_begin ] --START--
INFO: Run Behavior\ReadHtmlCacheBehavior [ RunTime:0.000673s ]
INFO: [ app_begin ] --END-- [ RunTime:0.000712s ]
INFO: [ app_end ] --START--
INFO: Run Behavior\ShowPageTraceBehavior [ RunTime:0.000718s ]
INFO: [ app_end ] --END-- [ RunTime:0.000759s ]

[ 2017-10-23T11:19:59+08:00 ] ::1 /stucontrol/Home/Index/admin_log_teacher.shtml
INFO: [ app_init ] --START--
INFO: Run Behavior\BuildLiteBehavior [ RunTime:0.000012s ]
INFO: [ app_init ] --END-- [ RunTime:0.000745s ]
INFO: [ app_begin ] --START--
INFO: Run Behavior\ReadHtmlCacheBehavior [ RunTime:0.000677s ]
INFO: [ app_begin ] --END-- [ RunTime:0.000716s ]
SQL: SHOW COLUMNS FROM `teacher_user` [ RunTime:0.0755s ]
SQL: SELECT * FROM `teacher_user`  [ RunTime:0.0849s ]
INFO: [ app_end ] --START--
INFO: Run Behavior\ShowPageTraceBehavior [ RunTime:0.001054s ]
INFO: [ app_end ] --END-- [ RunTime:0.001102s ]

[ 2017-10-23T11:20:00+08:00 ] ::1 /stucontrol/Home/Index/teach_log.shtml
INFO: [ app_init ] --START--
INFO: Run Behavior\BuildLiteBehavior [ RunTime:0.000014s ]
INFO: [ app_init ] --END-- [ RunTime:0.000659s ]
INFO: [ app_begin ] --START--
INFO: Run Behavior\ReadHtmlCacheBehavior [ RunTime:0.000963s ]
INFO: [ app_begin ] --END-- [ RunTime:0.001034s ]
SQL: SHOW COLUMNS FROM `stu_information` [ RunTime:0.0663s ]
SQL: SELECT * FROM `stu_information` ORDER BY id desc  [ RunTime:0.0741s ]
NOTIC: [8] Undefined offset: 5 D:\phpStudy\WWW\stucontrol\App\Home\Controller\IndexController.class.php 第 1099 行.
INFO: [ view_parse ] --START--
INFO: [ template_filter ] --START--
INFO: Run Behavior\ContentReplaceBehavior [ RunTime:0.000119s ]
INFO: [ template_filter ] --END-- [ RunTime:0.000164s ]
INFO: Run Behavior\ParseTemplateBehavior [ RunTime:0.012514s ]
INFO: [ view_parse ] --END-- [ RunTime:0.012567s ]
INFO: [ view_filter ] --START--
INFO: Run Behavior\WriteHtmlCacheBehavior [ RunTime:0.000559s ]
INFO: [ view_filter ] --END-- [ RunTime:0.000589s ]
INFO: [ app_end ] --START--
INFO: Run Behavior\ShowPageTraceBehavior [ RunTime:0.000927s ]
INFO: [ app_end ] --END-- [ RunTime:0.001010s ]

[ 2017-10-23T11:20:04+08:00 ] ::1 /stucontrol/Home/Index/guestbook.shtml
INFO: [ app_init ] --START--
INFO: Run Behavior\BuildLiteBehavior [ RunTime:0.000012s ]
INFO: [ app_init ] --END-- [ RunTime:0.000508s ]
INFO: [ app_begin ] --START--
INFO: Run Behavior\ReadHtmlCacheBehavior [ RunTime:0.000662s ]
INFO: [ app_begin ] --END-- [ RunTime:0.000709s ]
SQL: SHOW COLUMNS FROM `stu_guestbook` [ RunTime:0.0654s ]
SQL: SELECT * FROM `stu_guestbook` ORDER BY id desc LIMIT 0,10   [ RunTime:0.6249s ]
SQL: SHOW COLUMNS FROM `stu_guestbook_comment` [ RunTime:0.1442s ]
SQL: SELECT * FROM `stu_guestbook_comment` WHERE ( son_id=25 )  [ RunTime:0.0716s ]
NOTIC: [8] Undefined offset: 0 D:\phpStudy\WWW\stucontrol\App\Home\Controller\IndexController.class.php 第 848 行.
SQL: SELECT * FROM `stu_guestbook_comment` WHERE ( son_id=22 )  [ RunTime:0.0955s ]
NOTIC: [8] Undefined offset: 0 D:\phpStudy\WWW\stucontrol\App\Home\Controller\IndexController.class.php 第 848 行.
SQL: SELECT * FROM `stu_guestbook_comment` WHERE ( son_id=16 )  [ RunTime:0.0966s ]
NOTIC: [8] Undefined offset: 2 D:\phpStudy\WWW\stucontrol\App\Home\Controller\IndexController.class.php 第 848 行.
SQL: SELECT * FROM `stu_guestbook_comment` WHERE ( son_id=15 )  [ RunTime:0.1829s ]
NOTIC: [8] Undefined offset: 3 D:\phpStudy\WWW\stucontrol\App\Home\Controller\IndexController.class.php 第 848 行.
SQL: SELECT * FROM `stu_guestbook_comment` WHERE ( son_id=14 )  [ RunTime:0.2451s ]
NOTIC: [8] Undefined offset: 3 D:\phpStudy\WWW\stucontrol\App\Home\Controller\IndexController.class.php 第 848 行.
SQL: SELECT * FROM `stu_guestbook_comment` WHERE ( son_id=13 )  [ RunTime:0.1415s ]
NOTIC: [8] Undefined offset: 0 D:\phpStudy\WWW\stucontrol\App\Home\Controller\IndexController.class.php 第 848 行.
SQL: SELECT * FROM `stu_guestbook_comment` WHERE ( son_id=12 )  [ RunTime:0.1872s ]
NOTIC: [8] Undefined offset: 0 D:\phpStudy\WWW\stucontrol\App\Home\Controller\IndexController.class.php 第 848 行.
SQL: SELECT * FROM `stu_guestbook_comment` WHERE ( son_id=11 )  [ RunTime:0.1536s ]
NOTIC: [8] Undefined offset: 1 D:\phpStudy\WWW\stucontrol\App\Home\Controller\IndexController.class.php 第 848 行.
SQL: SELECT * FROM `stu_guestbook_comment` WHERE ( son_id=10 )  [ RunTime:0.1724s ]
NOTIC: [8] Undefined offset: 0 D:\phpStudy\WWW\stucontrol\App\Home\Controller\IndexController.class.php 第 848 行.
SQL: SELECT * FROM `stu_guestbook_comment` WHERE ( son_id=9 )  [ RunTime:0.0830s ]
NOTIC: [8] Undefined offset: 0 D:\phpStudy\WWW\stucontrol\App\Home\Controller\IndexController.class.php 第 848 行.
NOTIC: [8] Undefined offset: 10 D:\phpStudy\WWW\stucontrol\App\Home\Controller\IndexController.class.php 第 782 行.
SQL: SELECT COUNT(*) AS tp_count FROM `stu_guestbook` LIMIT 1   [ RunTime:0.0862s ]
NOTIC: [8] Undefined index: user_student_classname D:\phpStudy\WWW\stucontrol\App\Home\Controller\IndexController.class.php 第 320 行.
INFO: [ view_parse ] --START--
INFO: [ template_filter ] --START--
INFO: Run Behavior\ContentReplaceBehavior [ RunTime:0.000055s ]
INFO: [ template_filter ] --END-- [ RunTime:0.000096s ]
INFO: Run Behavior\ParseTemplateBehavior [ RunTime:0.007010s ]
INFO: [ view_parse ] --END-- [ RunTime:0.007057s ]
INFO: [ view_filter ] --START--
INFO: Run Behavior\WriteHtmlCacheBehavior [ RunTime:0.000561s ]
INFO: [ view_filter ] --END-- [ RunTime:0.000591s ]
INFO: [ app_end ] --START--
INFO: Run Behavior\ShowPageTraceBehavior [ RunTime:0.001138s ]
INFO: [ app_end ] --END-- [ RunTime:0.001207s ]

[ 2017-10-23T11:20:04+08:00 ] ::1 /stucontrol/Home/Index/get_username.shtml
INFO: [ app_init ] --START--
INFO: Run Behavior\BuildLiteBehavior [ RunTime:0.000021s ]
INFO: [ app_init ] --END-- [ RunTime:0.000898s ]
INFO: [ app_begin ] --START--
INFO: Run Behavior\ReadHtmlCacheBehavior [ RunTime:0.001346s ]
INFO: [ app_begin ] --END-- [ RunTime:0.001444s ]
INFO: [ app_end ] --START--
INFO: Run Behavior\ShowPageTraceBehavior [ RunTime:0.000850s ]
INFO: [ app_end ] --END-- [ RunTime:0.000919s ]

[ 2017-10-23T11:20:05+08:00 ] ::1 /stucontrol/Home/Index/validate_returncount.shtml
INFO: [ app_init ] --START--
INFO: Run Behavior\BuildLiteBehavior [ RunTime:0.000011s ]
INFO: [ app_init ] --END-- [ RunTime:0.000557s ]
INFO: [ app_begin ] --START--
INFO: Run Behavior\ReadHtmlCacheBehavior [ RunTime:0.000777s ]
INFO: [ app_begin ] --END-- [ RunTime:0.000823s ]
INFO: [ app_end ] --START--
INFO: Run Behavior\ShowPageTraceBehavior [ RunTime:0.000863s ]
INFO: [ app_end ] --END-- [ RunTime:0.000914s ]

[ 2017-10-23T11:20:34+08:00 ] ::1 /stucontrol/Home/Index/guestbook_save.shtml
INFO: [ app_init ] --START--
INFO: Run Behavior\BuildLiteBehavior [ RunTime:0.000010s ]
INFO: [ app_init ] --END-- [ RunTime:0.000559s ]
INFO: [ app_begin ] --START--
INFO: Run Behavior\ReadHtmlCacheBehavior [ RunTime:0.000717s ]
INFO: [ app_begin ] --END-- [ RunTime:0.000756s ]
SQL: SHOW COLUMNS FROM `stu_guestbook` [ RunTime:0.0571s ]
SQL: INSERT INTO `stu_guestbook` (`content`,`date`,`author`,`good`,`classnumber`) VALUES ('随便留一下','2017-10-23 11:20:34','杜宇飞','0','15101020615') [ RunTime:0.0567s ]
INFO: [ app_end ] --START--
INFO: Run Behavior\ShowPageTraceBehavior [ RunTime:0.000848s ]
INFO: [ app_end ] --END-- [ RunTime:0.000882s ]

[ 2017-10-23T11:20:36+08:00 ] ::1 /stucontrol/Home/Index/validate_returncount.shtml
INFO: [ app_init ] --START--
INFO: Run Behavior\BuildLiteBehavior [ RunTime:0.000022s ]
INFO: [ app_init ] --END-- [ RunTime:0.000907s ]
INFO: [ app_begin ] --START--
INFO: Run Behavior\ReadHtmlCacheBehavior [ RunTime:0.001203s ]
INFO: [ app_begin ] --END-- [ RunTime:0.001281s ]
INFO: [ app_end ] --START--
INFO: Run Behavior\ShowPageTraceBehavior [ RunTime:0.000717s ]
INFO: [ app_end ] --END-- [ RunTime:0.000767s ]

[ 2017-10-23T11:27:24+08:00 ] ::1 /stucontrol/Home/Index/guestbook.shtml
INFO: [ app_init ] --START--
INFO: Run Behavior\BuildLiteBehavior [ RunTime:0.000011s ]
INFO: [ app_init ] --END-- [ RunTime:0.000562s ]
INFO: [ app_begin ] --START--
INFO: Run Behavior\ReadHtmlCacheBehavior [ RunTime:0.000630s ]
INFO: [ app_begin ] --END-- [ RunTime:0.000675s ]
SQL: SHOW COLUMNS FROM `stu_guestbook` [ RunTime:0.1215s ]
SQL: SELECT * FROM `stu_guestbook` ORDER BY id desc LIMIT 0,10   [ RunTime:0.2753s ]
SQL: SHOW COLUMNS FROM `stu_guestbook_comment` [ RunTime:0.1295s ]
SQL: SELECT * FROM `stu_guestbook_comment` WHERE ( son_id=27 )  [ RunTime:0.1189s ]
NOTIC: [8] Undefined offset: 0 D:\phpStudy\WWW\stucontrol\App\Home\Controller\IndexController.class.php 第 848 行.
SQL: SELECT * FROM `stu_guestbook_comment` WHERE ( son_id=25 )  [ RunTime:0.1393s ]
NOTIC: [8] Undefined offset: 0 D:\phpStudy\WWW\stucontrol\App\Home\Controller\IndexController.class.php 第 848 行.
SQL: SELECT * FROM `stu_guestbook_comment` WHERE ( son_id=22 )  [ RunTime:0.0935s ]
NOTIC: [8] Undefined offset: 0 D:\phpStudy\WWW\stucontrol\App\Home\Controller\IndexController.class.php 第 848 行.
SQL: SELECT * FROM `stu_guestbook_comment` WHERE ( son_id=16 )  [ RunTime:0.1426s ]
NOTIC: [8] Undefined offset: 2 D:\phpStudy\WWW\stucontrol\App\Home\Controller\IndexController.class.php 第 848 行.
SQL: SELECT * FROM `stu_guestbook_comment` WHERE ( son_id=15 )  [ RunTime:0.1160s ]
NOTIC: [8] Undefined offset: 3 D:\phpStudy\WWW\stucontrol\App\Home\Controller\IndexController.class.php 第 848 行.
SQL: SELECT * FROM `stu_guestbook_comment` WHERE ( son_id=14 )  [ RunTime:0.1038s ]
NOTIC: [8] Undefined offset: 3 D:\phpStudy\WWW\stucontrol\App\Home\Controller\IndexController.class.php 第 848 行.
SQL: SELECT * FROM `stu_guestbook_comment` WHERE ( son_id=13 )  [ RunTime:0.1223s ]
NOTIC: [8] Undefined offset: 0 D:\phpStudy\WWW\stucontrol\App\Home\Controller\IndexController.class.php 第 848 行.
SQL: SELECT * FROM `stu_guestbook_comment` WHERE ( son_id=12 )  [ RunTime:0.2078s ]
NOTIC: [8] Undefined offset: 0 D:\phpStudy\WWW\stucontrol\App\Home\Controller\IndexController.class.php 第 848 行.
SQL: SELECT * FROM `stu_guestbook_comment` WHERE ( son_id=11 )  [ RunTime:0.2782s ]
NOTIC: [8] Undefined offset: 1 D:\phpStudy\WWW\stucontrol\App\Home\Controller\IndexController.class.php 第 848 行.
SQL: SELECT * FROM `stu_guestbook_comment` WHERE ( son_id=10 )  [ RunTime:0.2822s ]
NOTIC: [8] Undefined offset: 0 D:\phpStudy\WWW\stucontrol\App\Home\Controller\IndexController.class.php 第 848 行.
NOTIC: [8] Undefined offset: 10 D:\phpStudy\WWW\stucontrol\App\Home\Controller\IndexController.class.php 第 782 行.
SQL: SELECT COUNT(*) AS tp_count FROM `stu_guestbook` LIMIT 1   [ RunTime:0.1464s ]
NOTIC: [8] Undefined index: user_student_classname D:\phpStudy\WWW\stucontrol\App\Home\Controller\IndexController.class.php 第 320 行.
INFO: [ view_parse ] --START--
INFO: [ template_filter ] --START--
INFO: Run Behavior\ContentReplaceBehavior [ RunTime:0.000087s ]
INFO: [ template_filter ] --END-- [ RunTime:0.000151s ]
INFO: Run Behavior\ParseTemplateBehavior [ RunTime:0.013806s ]
INFO: [ view_parse ] --END-- [ RunTime:0.013857s ]
INFO: [ view_filter ] --START--
INFO: Run Behavior\WriteHtmlCacheBehavior [ RunTime:0.000413s ]
INFO: [ view_filter ] --END-- [ RunTime:0.000462s ]
INFO: [ app_end ] --START--
INFO: Run Behavior\ShowPageTraceBehavior [ RunTime:0.000744s ]
INFO: [ app_end ] --END-- [ RunTime:0.000795s ]

[ 2017-10-23T11:27:24+08:00 ] ::1 /stucontrol/Home/Index/get_username.shtml
INFO: [ app_init ] --START--
INFO: Run Behavior\BuildLiteBehavior [ RunTime:0.000011s ]
INFO: [ app_init ] --END-- [ RunTime:0.000407s ]
INFO: [ app_begin ] --START--
INFO: Run Behavior\ReadHtmlCacheBehavior [ RunTime:0.000495s ]
INFO: [ app_begin ] --END-- [ RunTime:0.000537s ]
INFO: [ app_end ] --START--
INFO: Run Behavior\ShowPageTraceBehavior [ RunTime:0.000818s ]
INFO: [ app_end ] --END-- [ RunTime:0.000892s ]

[ 2017-10-23T11:27:25+08:00 ] ::1 /stucontrol/Home/Index/validate_returncount.shtml
INFO: [ app_init ] --START--
INFO: Run Behavior\BuildLiteBehavior [ RunTime:0.000012s ]
INFO: [ app_init ] --END-- [ RunTime:0.000569s ]
INFO: [ app_begin ] --START--
INFO: Run Behavior\ReadHtmlCacheBehavior [ RunTime:0.000515s ]
INFO: [ app_begin ] --END-- [ RunTime:0.000553s ]
INFO: [ app_end ] --START--
INFO: Run Behavior\ShowPageTraceBehavior [ RunTime:0.000531s ]
INFO: [ app_end ] --END-- [ RunTime:0.000573s ]

[ 2017-10-23T11:28:38+08:00 ] ::1 /stucontrol/Home/Index/exit_log_stu.shtml
INFO: [ app_init ] --START--
INFO: Run Behavior\BuildLiteBehavior [ RunTime:0.000011s ]
INFO: [ app_init ] --END-- [ RunTime:0.000474s ]
INFO: [ app_begin ] --START--
INFO: Run Behavior\ReadHtmlCacheBehavior [ RunTime:0.000523s ]
INFO: [ app_begin ] --END-- [ RunTime:0.000559s ]
INFO: [ app_end ] --START--
INFO: Run Behavior\ShowPageTraceBehavior [ RunTime:0.000579s ]
INFO: [ app_end ] --END-- [ RunTime:0.000632s ]

[ 2017-10-23T11:28:40+08:00 ] ::1 /stucontrol/Home/Index/guestbook.shtml
INFO: [ app_init ] --START--
INFO: Run Behavior\BuildLiteBehavior [ RunTime:0.000016s ]
INFO: [ app_init ] --END-- [ RunTime:0.000480s ]
INFO: [ app_begin ] --START--
INFO: Run Behavior\ReadHtmlCacheBehavior [ RunTime:0.000779s ]
INFO: [ app_begin ] --END-- [ RunTime:0.000851s ]
SQL: SHOW COLUMNS FROM `stu_guestbook` [ RunTime:0.1328s ]
SQL: SELECT * FROM `stu_guestbook` ORDER BY id desc LIMIT 0,10   [ RunTime:0.1416s ]
SQL: SHOW COLUMNS FROM `stu_guestbook_comment` [ RunTime:0.1270s ]
SQL: SELECT * FROM `stu_guestbook_comment` WHERE ( son_id=27 )  [ RunTime:0.1153s ]
NOTIC: [8] Undefined offset: 0 D:\phpStudy\WWW\stucontrol\App\Home\Controller\IndexController.class.php 第 848 行.
SQL: SELECT * FROM `stu_guestbook_comment` WHERE ( son_id=25 )  [ RunTime:0.1221s ]
NOTIC: [8] Undefined offset: 0 D:\phpStudy\WWW\stucontrol\App\Home\Controller\IndexController.class.php 第 848 行.
SQL: SELECT * FROM `stu_guestbook_comment` WHERE ( son_id=22 )  [ RunTime:0.1168s ]
NOTIC: [8] Undefined offset: 0 D:\phpStudy\WWW\stucontrol\App\Home\Controller\IndexController.class.php 第 848 行.
SQL: SELECT * FROM `stu_guestbook_comment` WHERE ( son_id=16 )  [ RunTime:0.2807s ]
NOTIC: [8] Undefined offset: 2 D:\phpStudy\WWW\stucontrol\App\Home\Controller\IndexController.class.php 第 848 行.
SQL: SELECT * FROM `stu_guestbook_comment` WHERE ( son_id=15 )  [ RunTime:0.1247s ]
NOTIC: [8] Undefined offset: 3 D:\phpStudy\WWW\stucontrol\App\Home\Controller\IndexController.class.php 第 848 行.
SQL: SELECT * FROM `stu_guestbook_comment` WHERE ( son_id=14 )  [ RunTime:0.1263s ]
NOTIC: [8] Undefined offset: 3 D:\phpStudy\WWW\stucontrol\App\Home\Controller\IndexController.class.php 第 848 行.
SQL: SELECT * FROM `stu_guestbook_comment` WHERE ( son_id=13 )  [ RunTime:0.1111s ]
NOTIC: [8] Undefined offset: 0 D:\phpStudy\WWW\stucontrol\App\Home\Controller\IndexController.class.php 第 848 行.
SQL: SELECT * FROM `stu_guestbook_comment` WHERE ( son_id=12 )  [ RunTime:0.1321s ]
NOTIC: [8] Undefined offset: 0 D:\phpStudy\WWW\stucontrol\App\Home\Controller\IndexController.class.php 第 848 行.
SQL: SELECT * FROM `stu_guestbook_comment` WHERE ( son_id=11 )  [ RunTime:0.1203s ]
NOTIC: [8] Undefined offset: 1 D:\phpStudy\WWW\stucontrol\App\Home\Controller\IndexController.class.php 第 848 行.
SQL: SELECT * FROM `stu_guestbook_comment` WHERE ( son_id=10 )  [ RunTime:0.1084s ]
NOTIC: [8] Undefined offset: 0 D:\phpStudy\WWW\stucontrol\App\Home\Controller\IndexController.class.php 第 848 行.
NOTIC: [8] Undefined offset: 10 D:\phpStudy\WWW\stucontrol\App\Home\Controller\IndexController.class.php 第 782 行.
SQL: SELECT COUNT(*) AS tp_count FROM `stu_guestbook` LIMIT 1   [ RunTime:0.1585s ]
INFO: [ view_parse ] --START--
INFO: [ template_filter ] --START--
INFO: Run Behavior\ContentReplaceBehavior [ RunTime:0.000056s ]
INFO: [ template_filter ] --END-- [ RunTime:0.000097s ]
INFO: Run Behavior\ParseTemplateBehavior [ RunTime:0.005625s ]
INFO: [ view_parse ] --END-- [ RunTime:0.005670s ]
INFO: [ view_filter ] --START--
INFO: Run Behavior\WriteHtmlCacheBehavior [ RunTime:0.000449s ]
INFO: [ view_filter ] --END-- [ RunTime:0.000480s ]
INFO: [ app_end ] --START--
INFO: Run Behavior\ShowPageTraceBehavior [ RunTime:0.000741s ]
INFO: [ app_end ] --END-- [ RunTime:0.000799s ]

[ 2017-10-23T11:28:40+08:00 ] ::1 /stucontrol/Home/Index/get_username.shtml
INFO: [ app_init ] --START--
INFO: Run Behavior\BuildLiteBehavior [ RunTime:0.000021s ]
INFO: [ app_init ] --END-- [ RunTime:0.000590s ]
INFO: [ app_begin ] --START--
INFO: Run Behavior\ReadHtmlCacheBehavior [ RunTime:0.000823s ]
INFO: [ app_begin ] --END-- [ RunTime:0.000949s ]

[ 2017-10-23T11:28:41+08:00 ] ::1 /stucontrol/Home/Index/validate_returncount.shtml
INFO: [ app_init ] --START--
INFO: Run Behavior\BuildLiteBehavior [ RunTime:0.000015s ]
INFO: [ app_init ] --END-- [ RunTime:0.000511s ]
INFO: [ app_begin ] --START--
INFO: Run Behavior\ReadHtmlCacheBehavior [ RunTime:0.000581s ]
INFO: [ app_begin ] --END-- [ RunTime:0.000630s ]
INFO: [ app_end ] --START--
INFO: Run Behavior\ShowPageTraceBehavior [ RunTime:0.000550s ]
INFO: [ app_end ] --END-- [ RunTime:0.000596s ]

[ 2017-10-23T11:28:42+08:00 ] ::1 /stucontrol/Home/Index/admin.shtml
INFO: [ app_init ] --START--
INFO: Run Behavior\BuildLiteBehavior [ RunTime:0.000011s ]
INFO: [ app_init ] --END-- [ RunTime:0.000447s ]
INFO: [ app_begin ] --START--
INFO: Run Behavior\ReadHtmlCacheBehavior [ RunTime:0.000504s ]
INFO: [ app_begin ] --END-- [ RunTime:0.000544s ]
INFO: [ view_parse ] --START--
INFO: [ template_filter ] --START--
INFO: Run Behavior\ContentReplaceBehavior [ RunTime:0.000053s ]
INFO: [ template_filter ] --END-- [ RunTime:0.000096s ]
INFO: Run Behavior\ParseTemplateBehavior [ RunTime:0.006646s ]
INFO: [ view_parse ] --END-- [ RunTime:0.006702s ]
INFO: [ view_filter ] --START--
INFO: Run Behavior\WriteHtmlCacheBehavior [ RunTime:0.000326s ]
INFO: [ view_filter ] --END-- [ RunTime:0.000358s ]
INFO: [ app_end ] --START--
INFO: Run Behavior\ShowPageTraceBehavior [ RunTime:0.000694s ]
INFO: [ app_end ] --END-- [ RunTime:0.000736s ]

[ 2017-10-23T11:28:44+08:00 ] ::1 /stucontrol/Home/Index/login.shtml
INFO: [ app_init ] --START--
INFO: Run Behavior\BuildLiteBehavior [ RunTime:0.000012s ]
INFO: [ app_init ] --END-- [ RunTime:0.000458s ]
INFO: [ app_begin ] --START--
INFO: Run Behavior\ReadHtmlCacheBehavior [ RunTime:0.000550s ]
INFO: [ app_begin ] --END-- [ RunTime:0.000596s ]
INFO: [ view_parse ] --START--
INFO: [ template_filter ] --START--
INFO: Run Behavior\ContentReplaceBehavior [ RunTime:0.000070s ]
INFO: [ template_filter ] --END-- [ RunTime:0.000115s ]
INFO: Run Behavior\ParseTemplateBehavior [ RunTime:0.030781s ]
INFO: [ view_parse ] --END-- [ RunTime:0.030889s ]
INFO: [ view_filter ] --START--
INFO: Run Behavior\WriteHtmlCacheBehavior [ RunTime:0.000961s ]
INFO: [ view_filter ] --END-- [ RunTime:0.001058s ]
INFO: [ app_end ] --START--
INFO: Run Behavior\ShowPageTraceBehavior [ RunTime:0.000570s ]
INFO: [ app_end ] --END-- [ RunTime:0.000611s ]

[ 2017-10-23T11:31:48+08:00 ] ::1 /stucontrol/Home/Index/guestbook.shtml
INFO: [ app_init ] --START--
INFO: Run Behavior\BuildLiteBehavior [ RunTime:0.000010s ]
INFO: [ app_init ] --END-- [ RunTime:0.000500s ]
INFO: [ app_begin ] --START--
INFO: Run Behavior\ReadHtmlCacheBehavior [ RunTime:0.000542s ]
INFO: [ app_begin ] --END-- [ RunTime:0.000593s ]
SQL: SHOW COLUMNS FROM `stu_guestbook` [ RunTime:0.1737s ]
SQL: SELECT * FROM `stu_guestbook` ORDER BY id desc LIMIT 0,10   [ RunTime:0.1449s ]
SQL: SHOW COLUMNS FROM `stu_guestbook_comment` [ RunTime:0.1235s ]
SQL: SELECT * FROM `stu_guestbook_comment` WHERE ( son_id=27 )  [ RunTime:0.2219s ]
NOTIC: [8] Undefined offset: 0 D:\phpStudy\WWW\stucontrol\App\Home\Controller\IndexController.class.php 第 848 行.
SQL: SELECT * FROM `stu_guestbook_comment` WHERE ( son_id=25 )  [ RunTime:0.1753s ]
NOTIC: [8] Undefined offset: 0 D:\phpStudy\WWW\stucontrol\App\Home\Controller\IndexController.class.php 第 848 行.
SQL: SELECT * FROM `stu_guestbook_comment` WHERE ( son_id=22 )  [ RunTime:0.1128s ]
NOTIC: [8] Undefined offset: 0 D:\phpStudy\WWW\stucontrol\App\Home\Controller\IndexController.class.php 第 848 行.
SQL: SELECT * FROM `stu_guestbook_comment` WHERE ( son_id=16 )  [ RunTime:0.1193s ]
NOTIC: [8] Undefined offset: 2 D:\phpStudy\WWW\stucontrol\App\Home\Controller\IndexController.class.php 第 848 行.
SQL: SELECT * FROM `stu_guestbook_comment` WHERE ( son_id=15 )  [ RunTime:0.1328s ]
NOTIC: [8] Undefined offset: 3 D:\phpStudy\WWW\stucontrol\App\Home\Controller\IndexController.class.php 第 848 行.
SQL: SELECT * FROM `stu_guestbook_comment` WHERE ( son_id=14 )  [ RunTime:0.1077s ]
NOTIC: [8] Undefined offset: 3 D:\phpStudy\WWW\stucontrol\App\Home\Controller\IndexController.class.php 第 848 行.
SQL: SELECT * FROM `stu_guestbook_comment` WHERE ( son_id=13 )  [ RunTime:0.1344s ]
NOTIC: [8] Undefined offset: 0 D:\phpStudy\WWW\stucontrol\App\Home\Controller\IndexController.class.php 第 848 行.
SQL: SELECT * FROM `stu_guestbook_comment` WHERE ( son_id=12 )  [ RunTime:0.1098s ]
NOTIC: [8] Undefined offset: 0 D:\phpStudy\WWW\stucontrol\App\Home\Controller\IndexController.class.php 第 848 行.
SQL: SELECT * FROM `stu_guestbook_comment` WHERE ( son_id=11 )  [ RunTime:0.1440s ]
NOTIC: [8] Undefined offset: 1 D:\phpStudy\WWW\stucontrol\App\Home\Controller\IndexController.class.php 第 848 行.
SQL: SELECT * FROM `stu_guestbook_comment` WHERE ( son_id=10 )  [ RunTime:0.0966s ]
NOTIC: [8] Undefined offset: 0 D:\phpStudy\WWW\stucontrol\App\Home\Controller\IndexController.class.php 第 848 行.
NOTIC: [8] Undefined offset: 10 D:\phpStudy\WWW\stucontrol\App\Home\Controller\IndexController.class.php 第 782 行.
SQL: SELECT COUNT(*) AS tp_count FROM `stu_guestbook` LIMIT 1   [ RunTime:0.1176s ]
INFO: [ view_parse ] --START--
INFO: [ template_filter ] --START--
INFO: Run Behavior\ContentReplaceBehavior [ RunTime:0.000055s ]
INFO: [ template_filter ] --END-- [ RunTime:0.000128s ]
INFO: Run Behavior\ParseTemplateBehavior [ RunTime:0.006468s ]
INFO: [ view_parse ] --END-- [ RunTime:0.006516s ]
INFO: [ view_filter ] --START--
INFO: Run Behavior\WriteHtmlCacheBehavior [ RunTime:0.000460s ]
INFO: [ view_filter ] --END-- [ RunTime:0.000490s ]
INFO: [ app_end ] --START--
INFO: Run Behavior\ShowPageTraceBehavior [ RunTime:0.000630s ]
INFO: [ app_end ] --END-- [ RunTime:0.000675s ]

[ 2017-10-23T11:31:48+08:00 ] ::1 /stucontrol/Home/Index/get_username.shtml
INFO: [ app_init ] --START--
INFO: Run Behavior\BuildLiteBehavior [ RunTime:0.000027s ]
INFO: [ app_init ] --END-- [ RunTime:0.000544s ]
INFO: [ app_begin ] --START--
INFO: Run Behavior\ReadHtmlCacheBehavior [ RunTime:0.000774s ]
INFO: [ app_begin ] --END-- [ RunTime:0.000842s ]

[ 2017-10-23T11:31:49+08:00 ] ::1 /stucontrol/Home/Index/validate_returncount.shtml
INFO: [ app_init ] --START--
INFO: Run Behavior\BuildLiteBehavior [ RunTime:0.000011s ]
INFO: [ app_init ] --END-- [ RunTime:0.000511s ]
INFO: [ app_begin ] --START--
INFO: Run Behavior\ReadHtmlCacheBehavior [ RunTime:0.000516s ]
INFO: [ app_begin ] --END-- [ RunTime:0.000554s ]
INFO: [ app_end ] --START--
INFO: Run Behavior\ShowPageTraceBehavior [ RunTime:0.000550s ]
INFO: [ app_end ] --END-- [ RunTime:0.000593s ]

[ 2017-10-23T11:36:20+08:00 ] ::1 /stucontrol/Home/Index/admin.shtml
INFO: [ app_init ] --START--
INFO: Run Behavior\BuildLiteBehavior [ RunTime:0.000010s ]
INFO: [ app_init ] --END-- [ RunTime:0.000534s ]
INFO: [ app_begin ] --START--
INFO: Run Behavior\ReadHtmlCacheBehavior [ RunTime:0.000585s ]
INFO: [ app_begin ] --END-- [ RunTime:0.000630s ]
INFO: [ view_parse ] --START--
INFO: [ template_filter ] --START--
INFO: Run Behavior\ContentReplaceBehavior [ RunTime:0.000065s ]
INFO: [ template_filter ] --END-- [ RunTime:0.000111s ]
INFO: Run Behavior\ParseTemplateBehavior [ RunTime:0.014365s ]
INFO: [ view_parse ] --END-- [ RunTime:0.014408s ]
INFO: [ view_filter ] --START--
INFO: Run Behavior\WriteHtmlCacheBehavior [ RunTime:0.000426s ]
INFO: [ view_filter ] --END-- [ RunTime:0.000456s ]
INFO: [ app_end ] --START--
INFO: Run Behavior\ShowPageTraceBehavior [ RunTime:0.000612s ]
INFO: [ app_end ] --END-- [ RunTime:0.000644s ]

[ 2017-10-23T11:36:32+08:00 ] ::1 /stucontrol/Home/Index/validate_handle.shtml
INFO: [ app_init ] --START--
INFO: Run Behavior\BuildLiteBehavior [ RunTime:0.000012s ]
INFO: [ app_init ] --END-- [ RunTime:0.000489s ]
INFO: [ app_begin ] --START--
INFO: Run Behavior\ReadHtmlCacheBehavior [ RunTime:0.000524s ]
INFO: [ app_begin ] --END-- [ RunTime:0.000568s ]
INFO: [ app_end ] --START--
INFO: Run Behavior\ShowPageTraceBehavior [ RunTime:0.000633s ]
INFO: [ app_end ] --END-- [ RunTime:0.000678s ]

[ 2017-10-23T11:36:33+08:00 ] ::1 /stucontrol/Home/Index/admin_log_student.shtml
INFO: [ app_init ] --START--
INFO: Run Behavior\BuildLiteBehavior [ RunTime:0.000010s ]
INFO: [ app_init ] --END-- [ RunTime:0.000445s ]
INFO: [ app_begin ] --START--
INFO: Run Behavior\ReadHtmlCacheBehavior [ RunTime:0.000550s ]
INFO: [ app_begin ] --END-- [ RunTime:0.000590s ]
SQL: SHOW COLUMNS FROM `stu_user` [ RunTime:0.1113s ]
SQL: SELECT * FROM `stu_user`  [ RunTime:0.1277s ]
INFO: [ app_end ] --START--
INFO: Run Behavior\ShowPageTraceBehavior [ RunTime:0.000571s ]
INFO: [ app_end ] --END-- [ RunTime:0.000608s ]

[ 2017-10-23T11:36:35+08:00 ] ::1 /stucontrol/Home/Index/index.shtml
INFO: [ app_init ] --START--
INFO: Run Behavior\BuildLiteBehavior [ RunTime:0.000012s ]
INFO: [ app_init ] --END-- [ RunTime:0.000403s ]
INFO: [ app_begin ] --START--
INFO: Run Behavior\ReadHtmlCacheBehavior [ RunTime:0.000954s ]
INFO: [ app_begin ] --END-- [ RunTime:0.001041s ]
SQL: SHOW COLUMNS FROM `stu_information` [ RunTime:0.1250s ]
SQL: SELECT * FROM `stu_information` ORDER BY id desc LIMIT 0,8   [ RunTime:0.1362s ]
NOTIC: [8] Undefined offset: 5 D:\phpStudy\WWW\stucontrol\App\Home\Controller\IndexController.class.php 第 1031 行.
SQL: SELECT `title`,`id`,`kind` FROM `stu_information` ORDER BY id desc  [ RunTime:0.1039s ]
NOTIC: [8] Undefined offset: 5 D:\phpStudy\WWW\stucontrol\App\Home\Controller\IndexController.class.php 第 574 行.
SQL: SELECT `title`,`id`,`kind` FROM `stu_information` ORDER BY id desc  [ RunTime:0.1306s ]
NOTIC: [8] Undefined offset: 5 D:\phpStudy\WWW\stucontrol\App\Home\Controller\IndexController.class.php 第 602 行.
SQL: SHOW COLUMNS FROM `stu_dorm` [ RunTime:0.1041s ]
SQL: SELECT `dorm`,`id`,`reportdate` FROM `stu_dorm` ORDER BY id desc LIMIT 0,5   [ RunTime:0.1299s ]
NOTIC: [8] Undefined offset: 5 D:\phpStudy\WWW\stucontrol\App\Home\Controller\IndexController.class.php 第 634 行.
NOTIC: [2] Missing argument 1 for Think\Controller::show(), called in D:\phpStudy\WWW\stucontrol\App\Home\Controller\IndexController.class.php on line 21 and defined D:\phpStudy\WWW\stucontrol\ThinkPHP\Library\Think\Controller.class.php 第 68 行.
NOTIC: [8] Undefined variable: content D:\phpStudy\WWW\stucontrol\ThinkPHP\Library\Think\Controller.class.php 第 69 行.
INFO: [ view_parse ] --START--
INFO: [ template_filter ] --START--
INFO: Run Behavior\ContentReplaceBehavior [ RunTime:0.000124s ]
INFO: [ template_filter ] --END-- [ RunTime:0.000182s ]
INFO: Run Behavior\ParseTemplateBehavior [ RunTime:0.008885s ]
INFO: [ view_parse ] --END-- [ RunTime:0.008947s ]
INFO: [ view_filter ] --START--
INFO: Run Behavior\WriteHtmlCacheBehavior [ RunTime:0.000462s ]
INFO: [ view_filter ] --END-- [ RunTime:0.000507s ]
INFO: [ app_end ] --START--
INFO: Run Behavior\ShowPageTraceBehavior [ RunTime:0.000722s ]
INFO: [ app_end ] --END-- [ RunTime:0.000815s ]

[ 2017-10-23T11:36:38+08:00 ] ::1 /stucontrol/Home/Index/guestbook.shtml
INFO: [ app_init ] --START--
INFO: Run Behavior\BuildLiteBehavior [ RunTime:0.000011s ]
INFO: [ app_init ] --END-- [ RunTime:0.000518s ]
INFO: [ app_begin ] --START--
INFO: Run Behavior\ReadHtmlCacheBehavior [ RunTime:0.000511s ]
INFO: [ app_begin ] --END-- [ RunTime:0.000551s ]
SQL: SHOW COLUMNS FROM `stu_guestbook` [ RunTime:0.1125s ]
SQL: SELECT * FROM `stu_guestbook` ORDER BY id desc LIMIT 0,10   [ RunTime:0.1239s ]
SQL: SHOW COLUMNS FROM `stu_guestbook_comment` [ RunTime:0.1152s ]
SQL: SELECT * FROM `stu_guestbook_comment` WHERE ( son_id=27 )  [ RunTime:0.1655s ]
NOTIC: [8] Undefined offset: 0 D:\phpStudy\WWW\stucontrol\App\Home\Controller\IndexController.class.php 第 848 行.
SQL: SELECT * FROM `stu_guestbook_comment` WHERE ( son_id=25 )  [ RunTime:0.1149s ]
NOTIC: [8] Undefined offset: 0 D:\phpStudy\WWW\stucontrol\App\Home\Controller\IndexController.class.php 第 848 行.
SQL: SELECT * FROM `stu_guestbook_comment` WHERE ( son_id=22 )  [ RunTime:0.1214s ]
NOTIC: [8] Undefined offset: 0 D:\phpStudy\WWW\stucontrol\App\Home\Controller\IndexController.class.php 第 848 行.
SQL: SELECT * FROM `stu_guestbook_comment` WHERE ( son_id=16 )  [ RunTime:0.1343s ]
NOTIC: [8] Undefined offset: 2 D:\phpStudy\WWW\stucontrol\App\Home\Controller\IndexController.class.php 第 848 行.
SQL: SELECT * FROM `stu_guestbook_comment` WHERE ( son_id=15 )  [ RunTime:0.1023s ]
NOTIC: [8] Undefined offset: 3 D:\phpStudy\WWW\stucontrol\App\Home\Controller\IndexController.class.php 第 848 行.
SQL: SELECT * FROM `stu_guestbook_comment` WHERE ( son_id=14 )  [ RunTime:0.1187s ]
NOTIC: [8] Undefined offset: 3 D:\phpStudy\WWW\stucontrol\App\Home\Controller\IndexController.class.php 第 848 行.
SQL: SELECT * FROM `stu_guestbook_comment` WHERE ( son_id=13 )  [ RunTime:0.1221s ]
NOTIC: [8] Undefined offset: 0 D:\phpStudy\WWW\stucontrol\App\Home\Controller\IndexController.class.php 第 848 行.
SQL: SELECT * FROM `stu_guestbook_comment` WHERE ( son_id=12 )  [ RunTime:0.1352s ]
NOTIC: [8] Undefined offset: 0 D:\phpStudy\WWW\stucontrol\App\Home\Controller\IndexController.class.php 第 848 行.
SQL: SELECT * FROM `stu_guestbook_comment` WHERE ( son_id=11 )  [ RunTime:0.1008s ]
NOTIC: [8] Undefined offset: 1 D:\phpStudy\WWW\stucontrol\App\Home\Controller\IndexController.class.php 第 848 行.
SQL: SELECT * FROM `stu_guestbook_comment` WHERE ( son_id=10 )  [ RunTime:0.1209s ]
NOTIC: [8] Undefined offset: 0 D:\phpStudy\WWW\stucontrol\App\Home\Controller\IndexController.class.php 第 848 行.
NOTIC: [8] Undefined offset: 10 D:\phpStudy\WWW\stucontrol\App\Home\Controller\IndexController.class.php 第 782 行.
SQL: SELECT COUNT(*) AS tp_count FROM `stu_guestbook` LIMIT 1   [ RunTime:0.1680s ]
INFO: [ view_parse ] --START--
INFO: [ template_filter ] --START--
INFO: Run Behavior\ContentReplaceBehavior [ RunTime:0.000057s ]
INFO: [ template_filter ] --END-- [ RunTime:0.000101s ]
INFO: Run Behavior\ParseTemplateBehavior [ RunTime:0.006619s ]
INFO: [ view_parse ] --END-- [ RunTime:0.006668s ]
INFO: [ view_filter ] --START--
INFO: Run Behavior\WriteHtmlCacheBehavior [ RunTime:0.000396s ]
INFO: [ view_filter ] --END-- [ RunTime:0.000426s ]
INFO: [ app_end ] --START--
INFO: Run Behavior\ShowPageTraceBehavior [ RunTime:0.000671s ]
INFO: [ app_end ] --END-- [ RunTime:0.000739s ]

[ 2017-10-23T11:36:38+08:00 ] ::1 /stucontrol/Home/Index/get_username.shtml
INFO: [ app_init ] --START--
INFO: Run Behavior\BuildLiteBehavior [ RunTime:0.000022s ]
INFO: [ app_init ] --END-- [ RunTime:0.000908s ]
INFO: [ app_begin ] --START--
INFO: Run Behavior\ReadHtmlCacheBehavior [ RunTime:0.001015s ]
INFO: [ app_begin ] --END-- [ RunTime:0.001093s ]
INFO: [ app_end ] --START--
INFO: Run Behavior\ShowPageTraceBehavior [ RunTime:0.000920s ]
INFO: [ app_end ] --END-- [ RunTime:0.001032s ]

[ 2017-10-23T11:36:39+08:00 ] ::1 /stucontrol/Home/Index/validate_returncount.shtml
INFO: [ app_init ] --START--
INFO: Run Behavior\BuildLiteBehavior [ RunTime:0.000010s ]
INFO: [ app_init ] --END-- [ RunTime:0.000486s ]
INFO: [ app_begin ] --START--
INFO: Run Behavior\ReadHtmlCacheBehavior [ RunTime:0.000516s ]
INFO: [ app_begin ] --END-- [ RunTime:0.000554s ]
INFO: [ app_end ] --START--
INFO: Run Behavior\ShowPageTraceBehavior [ RunTime:0.000532s ]
INFO: [ app_end ] --END-- [ RunTime:0.000586s ]

[ 2017-10-23T11:38:04+08:00 ] ::1 /stucontrol/Home/Index/exit_log_stu.shtml
INFO: [ app_init ] --START--
INFO: Run Behavior\BuildLiteBehavior [ RunTime:0.000010s ]
INFO: [ app_init ] --END-- [ RunTime:0.000456s ]
INFO: [ app_begin ] --START--
INFO: Run Behavior\ReadHtmlCacheBehavior [ RunTime:0.000515s ]
INFO: [ app_begin ] --END-- [ RunTime:0.000577s ]
INFO: [ app_end ] --START--
INFO: Run Behavior\ShowPageTraceBehavior [ RunTime:0.000609s ]
INFO: [ app_end ] --END-- [ RunTime:0.000654s ]

[ 2017-10-23T11:38:06+08:00 ] ::1 /stucontrol/Home/Index/guestbook.shtml
INFO: [ app_init ] --START--
INFO: Run Behavior\BuildLiteBehavior [ RunTime:0.000012s ]
INFO: [ app_init ] --END-- [ RunTime:0.000503s ]
INFO: [ app_begin ] --START--
INFO: Run Behavior\ReadHtmlCacheBehavior [ RunTime:0.000531s ]
INFO: [ app_begin ] --END-- [ RunTime:0.000571s ]
SQL: SHOW COLUMNS FROM `stu_guestbook` [ RunTime:0.1157s ]
SQL: SELECT * FROM `stu_guestbook` ORDER BY id desc LIMIT 0,10   [ RunTime:0.1576s ]
SQL: SHOW COLUMNS FROM `stu_guestbook_comment` [ RunTime:0.1233s ]
SQL: SELECT * FROM `stu_guestbook_comment` WHERE ( son_id=27 )  [ RunTime:0.1169s ]
NOTIC: [8] Undefined offset: 0 D:\phpStudy\WWW\stucontrol\App\Home\Controller\IndexController.class.php 第 848 行.
SQL: SELECT * FROM `stu_guestbook_comment` WHERE ( son_id=25 )  [ RunTime:0.1169s ]
NOTIC: [8] Undefined offset: 0 D:\phpStudy\WWW\stucontrol\App\Home\Controller\IndexController.class.php 第 848 行.
SQL: SELECT * FROM `stu_guestbook_comment` WHERE ( son_id=22 )  [ RunTime:0.1307s ]
NOTIC: [8] Undefined offset: 0 D:\phpStudy\WWW\stucontrol\App\Home\Controller\IndexController.class.php 第 848 行.
SQL: SELECT * FROM `stu_guestbook_comment` WHERE ( son_id=16 )  [ RunTime:0.1264s ]
NOTIC: [8] Undefined offset: 2 D:\phpStudy\WWW\stucontrol\App\Home\Controller\IndexController.class.php 第 848 行.
SQL: SELECT * FROM `stu_guestbook_comment` WHERE ( son_id=15 )  [ RunTime:0.1149s ]
NOTIC: [8] Undefined offset: 3 D:\phpStudy\WWW\stucontrol\App\Home\Controller\IndexController.class.php 第 848 行.
SQL: SELECT * FROM `stu_guestbook_comment` WHERE ( son_id=14 )  [ RunTime:0.1137s ]
NOTIC: [8] Undefined offset: 3 D:\phpStudy\WWW\stucontrol\App\Home\Controller\IndexController.class.php 第 848 行.
SQL: SELECT * FROM `stu_guestbook_comment` WHERE ( son_id=13 )  [ RunTime:0.1163s ]
NOTIC: [8] Undefined offset: 0 D:\phpStudy\WWW\stucontrol\App\Home\Controller\IndexController.class.php 第 848 行.
SQL: SELECT * FROM `stu_guestbook_comment` WHERE ( son_id=12 )  [ RunTime:0.1270s ]
NOTIC: [8] Undefined offset: 0 D:\phpStudy\WWW\stucontrol\App\Home\Controller\IndexController.class.php 第 848 行.
SQL: SELECT * FROM `stu_guestbook_comment` WHERE ( son_id=11 )  [ RunTime:0.1419s ]
NOTIC: [8] Undefined offset: 1 D:\phpStudy\WWW\stucontrol\App\Home\Controller\IndexController.class.php 第 848 行.
SQL: SELECT * FROM `stu_guestbook_comment` WHERE ( son_id=10 )  [ RunTime:0.1401s ]
NOTIC: [8] Undefined offset: 0 D:\phpStudy\WWW\stucontrol\App\Home\Controller\IndexController.class.php 第 848 行.
NOTIC: [8] Undefined offset: 10 D:\phpStudy\WWW\stucontrol\App\Home\Controller\IndexController.class.php 第 782 行.
SQL: SELECT COUNT(*) AS tp_count FROM `stu_guestbook` LIMIT 1   [ RunTime:0.1186s ]
INFO: [ view_parse ] --START--
INFO: [ template_filter ] --START--
INFO: Run Behavior\ContentReplaceBehavior [ RunTime:0.000055s ]
INFO: [ template_filter ] --END-- [ RunTime:0.000095s ]
INFO: Run Behavior\ParseTemplateBehavior [ RunTime:0.005617s ]
INFO: [ view_parse ] --END-- [ RunTime:0.005660s ]
INFO: [ view_filter ] --START--
INFO: Run Behavior\WriteHtmlCacheBehavior [ RunTime:0.000416s ]
INFO: [ view_filter ] --END-- [ RunTime:0.000446s ]
INFO: [ app_end ] --START--
INFO: Run Behavior\ShowPageTraceBehavior [ RunTime:0.000574s ]
INFO: [ app_end ] --END-- [ RunTime:0.000620s ]

[ 2017-10-23T11:38:06+08:00 ] ::1 /stucontrol/Home/Index/get_username.shtml
INFO: [ app_init ] --START--
INFO: Run Behavior\BuildLiteBehavior [ RunTime:0.000026s ]
INFO: [ app_init ] --END-- [ RunTime:0.000512s ]
INFO: [ app_begin ] --START--
INFO: Run Behavior\ReadHtmlCacheBehavior [ RunTime:0.000613s ]
INFO: [ app_begin ] --END-- [ RunTime:0.000659s ]

[ 2017-10-23T11:38:07+08:00 ] ::1 /stucontrol/Home/Index/validate_returncount.shtml
INFO: [ app_init ] --START--
INFO: Run Behavior\BuildLiteBehavior [ RunTime:0.000011s ]
INFO: [ app_init ] --END-- [ RunTime:0.000450s ]
INFO: [ app_begin ] --START--
INFO: Run Behavior\ReadHtmlCacheBehavior [ RunTime:0.000514s ]
INFO: [ app_begin ] --END-- [ RunTime:0.000550s ]
INFO: [ app_end ] --START--
INFO: Run Behavior\ShowPageTraceBehavior [ RunTime:0.000539s ]
INFO: [ app_end ] --END-- [ RunTime:0.000580s ]

